#! /util/verilog-0.9.7/bin/vvp
:ivl_version "0.9.7 " "(v0_9_7)";
:vpi_time_precision - 9;
:vpi_module "system";
:vpi_module "v2005_math";
:vpi_module "va_math";
S_0x1c19050 .scope module, "testbench" "testbench" 2 2;
 .timescale -9 -9;
v0x1c59310_0 .net "cin", 0 0, v0x1c58fe0_0; 1 drivers
v0x1c59390_0 .net "co", 0 0, L_0x1c6f6f0; 1 drivers
v0x1c59410_0 .net "g", 0 0, L_0x1c73ca0; 1 drivers
v0x1c594e0_0 .net "p", 0 0, L_0x1c72500; 1 drivers
RS_0x7f68ef038818 .resolv tri, L_0x1c5f8d0, L_0x1c65a40, L_0x1c6be50, L_0x1c6e740;
v0x1c595b0_0 .net8 "s", 15 0, RS_0x7f68ef038818; 4 drivers
v0x1c59680_0 .net "x", 15 0, v0x1c58e80_0; 1 drivers
v0x1c59750_0 .net "y", 15 0, v0x1c58f30_0; 1 drivers
S_0x1c58d90 .scope module, "test" "testPfa" 2 7, 2 11, S_0x1c19050;
 .timescale -9 -9;
v0x1c58e80_0 .var "a", 15 0;
v0x1c58f30_0 .var "b", 15 0;
v0x1c58fe0_0 .var "cin", 0 0;
v0x1c59060_0 .alias "co", 0 0, v0x1c59390_0;
v0x1c59110_0 .net "g", 15 0, C4<zzzzzzzzzzzzzzzz>; 0 drivers
v0x1c59190_0 .var/i "i", 31 0;
v0x1c59210_0 .net "p", 15 0, C4<zzzzzzzzzzzzzzzz>; 0 drivers
v0x1c59290_0 .alias "s", 15 0, v0x1c595b0_0;
S_0x1c0a640 .scope module, "pfa1" "adder16" 2 8, 2 78, S_0x1c19050;
 .timescale -9 -9;
v0x1c586b0_0 .alias "a", 15 0, v0x1c59680_0;
v0x1c58730_0 .alias "b", 15 0, v0x1c59750_0;
RS_0x7f68ef034798/0/0 .resolv tri, L_0x1c5bca0, L_0x1c62040, L_0x1c68320, L_0x1c74000;
RS_0x7f68ef034798/0/4 .resolv tri, L_0x1c753b0, L_0x1c75740, L_0x1c75a90, C4<zzzz>;
RS_0x7f68ef034798 .resolv tri, RS_0x7f68ef034798/0/0, RS_0x7f68ef034798/0/4, C4<zzzz>, C4<zzzz>;
v0x1c587b0_0 .net8 "c", 3 0, RS_0x7f68ef034798; 7 drivers
v0x1c58860_0 .alias "cin", 0 0, v0x1c59310_0;
v0x1c589a0_0 .alias "co", 0 0, v0x1c59390_0;
RS_0x7f68ef0347c8 .resolv tri, L_0x1c5fa60, L_0x1c65c10, L_0x1c6c0b0, L_0x1c693c0;
v0x1c58a50_0 .net8 "g", 3 0, RS_0x7f68ef0347c8; 4 drivers
v0x1c58ad0_0 .alias "g_up", 0 0, v0x1c59410_0;
RS_0x7f68ef034828 .resolv tri, L_0x1c5f970, L_0x1c65b70, L_0x1c6bef0, L_0x1c72300;
v0x1c58b80_0 .net8 "p", 3 0, RS_0x7f68ef034828; 4 drivers
v0x1c58c30_0 .alias "p_up", 0 0, v0x1c594e0_0;
v0x1c58cb0_0 .alias "s", 15 0, v0x1c595b0_0;
L_0x1c5bca0 .part/pv L_0x1c5cc80, 0, 1, 4;
RS_0x7f68ef038788 .resolv tri, L_0x1c59d20, L_0x1c5a500, L_0x1c5aee0, L_0x1c5b7e0;
L_0x1c5f8d0 .part/pv RS_0x7f68ef038788, 0, 4, 16;
L_0x1c5f970 .part/pv L_0x1c5bdf0, 0, 1, 4;
L_0x1c5fa60 .part/pv L_0x1c5d3c0, 0, 1, 4;
L_0x1c5fb50 .part v0x1c58e80_0, 0, 4;
L_0x1c5fbf0 .part v0x1c58f30_0, 0, 4;
L_0x1c62040 .part/pv L_0x1c62ff0, 1, 1, 4;
RS_0x7f68ef037858 .resolv tri, L_0x1c601d0, L_0x1c60920, L_0x1c61300, L_0x1c61b80;
L_0x1c65a40 .part/pv RS_0x7f68ef037858, 4, 4, 16;
L_0x1c65b70 .part/pv L_0x1c62190, 1, 1, 4;
L_0x1c65c10 .part/pv L_0x1c63580, 1, 1, 4;
L_0x1c65d10 .part v0x1c58e80_0, 4, 4;
L_0x1c65e40 .part v0x1c58f30_0, 4, 4;
L_0x1c65f70 .part RS_0x7f68ef034798, 0, 1;
L_0x1c68320 .part/pv L_0x1c692d0, 2, 1, 4;
RS_0x7f68ef0368f8 .resolv tri, L_0x1c66440, L_0x1c66b90, L_0x1c675e0, L_0x1c67e60;
L_0x1c6be50 .part/pv RS_0x7f68ef0368f8, 8, 4, 16;
L_0x1c6bef0 .part/pv L_0x1c68470, 2, 1, 4;
L_0x1c6c0b0 .part/pv L_0x1c69990, 2, 1, 4;
L_0x1c6c1e0 .part v0x1c58e80_0, 8, 4;
L_0x1c6c320 .part v0x1c58f30_0, 8, 4;
L_0x1c6c3c0 .part RS_0x7f68ef034798, 1, 1;
RS_0x7f68ef035998 .resolv tri, L_0x1c6c8d0, L_0x1c6d020, L_0x1c6da00, L_0x1c6e280;
L_0x1c6e740 .part/pv RS_0x7f68ef035998, 12, 4, 16;
L_0x1c72300 .part/pv L_0x1c6e890, 3, 1, 4;
L_0x1c693c0 .part/pv L_0x1c6fdb0, 3, 1, 4;
L_0x1c72460 .part v0x1c58e80_0, 12, 4;
L_0x1c723a0 .part v0x1c58f30_0, 12, 4;
L_0x1c725d0 .part RS_0x7f68ef034798, 2, 1;
S_0x1c54660 .scope module, "ad1" "adder4_cla" 2 83, 2 67, S_0x1c0a640;
 .timescale -9 -9;
v0x1c58030_0 .net "a", 3 0, L_0x1c5fb50; 1 drivers
v0x1c580f0_0 .net "b", 3 0, L_0x1c5fbf0; 1 drivers
RS_0x7f68ef037fd8 .resolv tri, L_0x1c5d770, L_0x1c5eaa0, L_0x1c5ee30, L_0x1c5f180;
v0x1c58190_0 .net8 "carry", 3 0, RS_0x7f68ef037fd8; 4 drivers
v0x1c58210_0 .alias "cin", 0 0, v0x1c59310_0;
v0x1c58290_0 .net "co", 0 0, L_0x1c5cc80; 1 drivers
RS_0x7f68ef038008 .resolv tri, L_0x1c59be0, L_0x1c5a410, L_0x1c5adb0, L_0x1c5b740;
v0x1c58310_0 .net8 "g", 3 0, RS_0x7f68ef038008; 4 drivers
v0x1c583d0_0 .net "g_up", 0 0, L_0x1c5d3c0; 1 drivers
RS_0x7f68ef038068 .resolv tri, L_0x1c59aa0, L_0x1c5a2e0, L_0x1c5ac80, L_0x1c5b5b0;
v0x1c58480_0 .net8 "p", 3 0, RS_0x7f68ef038068; 4 drivers
v0x1c58580_0 .net "p_up", 0 0, L_0x1c5bdf0; 1 drivers
v0x1c58630_0 .net8 "s", 3 0, RS_0x7f68ef038788; 4 drivers
L_0x1c59aa0 .part/pv L_0x1c598c0, 0, 1, 4;
L_0x1c59be0 .part/pv L_0x1c59a00, 0, 1, 4;
L_0x1c59d20 .part/pv L_0x1c59820, 0, 1, 4;
L_0x1c59e10 .part L_0x1c5fb50, 0, 1;
L_0x1c59f40 .part L_0x1c5fbf0, 0, 1;
L_0x1c5a2e0 .part/pv L_0x1c5a170, 1, 1, 4;
L_0x1c5a410 .part/pv L_0x1c5a240, 1, 1, 4;
L_0x1c5a500 .part/pv L_0x1c5a070, 1, 1, 4;
L_0x1c5a690 .part L_0x1c5fb50, 1, 1;
L_0x1c5a7c0 .part L_0x1c5fbf0, 1, 1;
L_0x1c5a950 .part RS_0x7f68ef037fd8, 0, 1;
L_0x1c5ac80 .part/pv L_0x1c5aaa0, 2, 1, 4;
L_0x1c5adb0 .part/pv L_0x1c5abe0, 2, 1, 4;
L_0x1c5aee0 .part/pv L_0x1c5aa40, 2, 1, 4;
L_0x1c5b050 .part L_0x1c5fb50, 2, 1;
L_0x1c5b180 .part L_0x1c5fbf0, 2, 1;
L_0x1c5b340 .part RS_0x7f68ef037fd8, 1, 1;
L_0x1c5b5b0 .part/pv L_0x1c5b420, 3, 1, 4;
L_0x1c5b740 .part/pv L_0x1c5b510, 3, 1, 4;
L_0x1c5b7e0 .part/pv L_0x1c5a8f0, 3, 1, 4;
L_0x1c5b6a0 .part L_0x1c5fb50, 3, 1;
L_0x1c5bae0 .part L_0x1c5fbf0, 3, 1;
L_0x1c5b910 .part RS_0x7f68ef037fd8, 2, 1;
L_0x1c5cc80 .part RS_0x7f68ef037fd8, 3, 1;
S_0x1c57b60 .scope module, "add0" "pfa" 2 71, 2 30, S_0x1c54660;
 .timescale -9 -9;
L_0x1c59820/d .functor XOR 1, L_0x1c59e10, L_0x1c59f40, v0x1c58fe0_0, C4<0>;
L_0x1c59820 .delay (1,1,1) L_0x1c59820/d;
L_0x1c598c0/d .functor XOR 1, L_0x1c59e10, L_0x1c59f40, C4<0>, C4<0>;
L_0x1c598c0 .delay (1,1,1) L_0x1c598c0/d;
L_0x1c59a00/d .functor AND 1, L_0x1c59e10, L_0x1c59f40, C4<1>, C4<1>;
L_0x1c59a00 .delay (1,1,1) L_0x1c59a00/d;
v0x1c57c50_0 .net "a", 0 0, L_0x1c59e10; 1 drivers
v0x1c57d10_0 .net "b", 0 0, L_0x1c59f40; 1 drivers
v0x1c57db0_0 .alias "cin", 0 0, v0x1c59310_0;
v0x1c57e30_0 .net "g", 0 0, L_0x1c59a00; 1 drivers
v0x1c57eb0_0 .net "p", 0 0, L_0x1c598c0; 1 drivers
v0x1c57f50_0 .net "s", 0 0, L_0x1c59820; 1 drivers
S_0x1c57670 .scope module, "add1" "pfa" 2 72, 2 30, S_0x1c54660;
 .timescale -9 -9;
L_0x1c5a070/d .functor XOR 1, L_0x1c5a690, L_0x1c5a7c0, L_0x1c5a950, C4<0>;
L_0x1c5a070 .delay (1,1,1) L_0x1c5a070/d;
L_0x1c5a170/d .functor XOR 1, L_0x1c5a690, L_0x1c5a7c0, C4<0>, C4<0>;
L_0x1c5a170 .delay (1,1,1) L_0x1c5a170/d;
L_0x1c5a240/d .functor AND 1, L_0x1c5a690, L_0x1c5a7c0, C4<1>, C4<1>;
L_0x1c5a240 .delay (1,1,1) L_0x1c5a240/d;
v0x1c57760_0 .net "a", 0 0, L_0x1c5a690; 1 drivers
v0x1c57820_0 .net "b", 0 0, L_0x1c5a7c0; 1 drivers
v0x1c578c0_0 .net "cin", 0 0, L_0x1c5a950; 1 drivers
v0x1c57960_0 .net "g", 0 0, L_0x1c5a240; 1 drivers
v0x1c579e0_0 .net "p", 0 0, L_0x1c5a170; 1 drivers
v0x1c57a80_0 .net "s", 0 0, L_0x1c5a070; 1 drivers
S_0x1c57180 .scope module, "add2" "pfa" 2 73, 2 30, S_0x1c54660;
 .timescale -9 -9;
L_0x1c5aa40/d .functor XOR 1, L_0x1c5b050, L_0x1c5b180, L_0x1c5b340, C4<0>;
L_0x1c5aa40 .delay (1,1,1) L_0x1c5aa40/d;
L_0x1c5aaa0/d .functor XOR 1, L_0x1c5b050, L_0x1c5b180, C4<0>, C4<0>;
L_0x1c5aaa0 .delay (1,1,1) L_0x1c5aaa0/d;
L_0x1c5abe0/d .functor AND 1, L_0x1c5b050, L_0x1c5b180, C4<1>, C4<1>;
L_0x1c5abe0 .delay (1,1,1) L_0x1c5abe0/d;
v0x1c57270_0 .net "a", 0 0, L_0x1c5b050; 1 drivers
v0x1c57330_0 .net "b", 0 0, L_0x1c5b180; 1 drivers
v0x1c573d0_0 .net "cin", 0 0, L_0x1c5b340; 1 drivers
v0x1c57470_0 .net "g", 0 0, L_0x1c5abe0; 1 drivers
v0x1c574f0_0 .net "p", 0 0, L_0x1c5aaa0; 1 drivers
v0x1c57590_0 .net "s", 0 0, L_0x1c5aa40; 1 drivers
S_0x1c56ca0 .scope module, "add3" "pfa" 2 74, 2 30, S_0x1c54660;
 .timescale -9 -9;
L_0x1c5a8f0/d .functor XOR 1, L_0x1c5b6a0, L_0x1c5bae0, L_0x1c5b910, C4<0>;
L_0x1c5a8f0 .delay (1,1,1) L_0x1c5a8f0/d;
L_0x1c5b420/d .functor XOR 1, L_0x1c5b6a0, L_0x1c5bae0, C4<0>, C4<0>;
L_0x1c5b420 .delay (1,1,1) L_0x1c5b420/d;
L_0x1c5b510/d .functor AND 1, L_0x1c5b6a0, L_0x1c5bae0, C4<1>, C4<1>;
L_0x1c5b510 .delay (1,1,1) L_0x1c5b510/d;
v0x1c56d90_0 .net "a", 0 0, L_0x1c5b6a0; 1 drivers
v0x1c56e50_0 .net "b", 0 0, L_0x1c5bae0; 1 drivers
v0x1c56ef0_0 .net "cin", 0 0, L_0x1c5b910; 1 drivers
v0x1c56f90_0 .net "g", 0 0, L_0x1c5b510; 1 drivers
v0x1c57040_0 .net "p", 0 0, L_0x1c5b420; 1 drivers
v0x1c570e0_0 .net "s", 0 0, L_0x1c5a8f0; 1 drivers
S_0x1c54750 .scope module, "localcla" "cla" 2 75, 2 37, S_0x1c54660;
 .timescale -9 -9;
L_0x1c5bdf0/d .functor AND 1, L_0x1c5be50, L_0x1c5bef0, L_0x1c5bf90, L_0x1c5c140;
L_0x1c5bdf0 .delay (1,1,1) L_0x1c5bdf0/d;
L_0x1c5c1e0/d .functor AND 1, L_0x1c5c240, L_0x1c5c330, C4<1>, C4<1>;
L_0x1c5c1e0 .delay (1,1,1) L_0x1c5c1e0/d;
L_0x1c5c460/d .functor AND 1, L_0x1c5c500, L_0x1c5c5f0, L_0x1c5c730, C4<1>;
L_0x1c5c460 .delay (1,1,1) L_0x1c5c460/d;
L_0x1c5c820/d .functor AND 1, L_0x1c5c8b0, L_0x1c5ca00, L_0x1c5caa0, L_0x1c5cb90;
L_0x1c5c820 .delay (1,1,1) L_0x1c5c820/d;
L_0x1c5c9a0/0/0 .functor AND 1, L_0x1c5cea0, L_0x1c5c030, L_0x1c5d150, L_0x1c5d2d0;
L_0x1c5c9a0/0/4 .functor AND 1, v0x1c58fe0_0, C4<1>, C4<1>, C4<1>;
L_0x1c5c9a0/d .functor AND 1, L_0x1c5c9a0/0/0, L_0x1c5c9a0/0/4, C4<1>, C4<1>;
L_0x1c5c9a0 .delay (1,1,1) L_0x1c5c9a0/d;
L_0x1c5d3c0/d .functor OR 1, L_0x1c5d5e0, L_0x1c5c1e0, L_0x1c5c460, L_0x1c5c820;
L_0x1c5d3c0 .delay (1,1,1) L_0x1c5d3c0/d;
L_0x1c5d240/0/0 .functor OR 1, L_0x1c5d930, L_0x1c5c1e0, L_0x1c5c460, L_0x1c5c820;
L_0x1c5d240/0/4 .functor OR 1, L_0x1c5c9a0, C4<0>, C4<0>, C4<0>;
L_0x1c5d240/d .functor OR 1, L_0x1c5d240/0/0, L_0x1c5d240/0/4, C4<0>, C4<0>;
L_0x1c5d240 .delay (1,1,1) L_0x1c5d240/d;
L_0x1c5d6d0/d .functor AND 1, L_0x1c5db20, L_0x1c5dc10, C4<1>, C4<1>;
L_0x1c5d6d0 .delay (1,1,1) L_0x1c5d6d0/d;
L_0x1c5da20/d .functor AND 1, L_0x1c5ddc0, L_0x1c5de60, L_0x1c5dd00, C4<1>;
L_0x1c5da20 .delay (1,1,1) L_0x1c5da20/d;
L_0x1c5e070/d .functor AND 1, L_0x1c5e170, L_0x1c5df50, L_0x1c5e340, v0x1c58fe0_0;
L_0x1c5e070 .delay (1,1,1) L_0x1c5e070/d;
L_0x1c5e210/d .functor AND 1, L_0x1c5e520, L_0x1c5e610, C4<1>, C4<1>;
L_0x1c5e210 .delay (1,1,1) L_0x1c5e210/d;
L_0x1c5e430/d .functor AND 1, L_0x1c5e800, L_0x1c5e8a0, v0x1c58fe0_0, C4<1>;
L_0x1c5e430 .delay (1,1,1) L_0x1c5e430/d;
L_0x1c5e110/d .functor AND 1, L_0x1c5e700, v0x1c58fe0_0, C4<1>, C4<1>;
L_0x1c5e110 .delay (1,1,1) L_0x1c5e110/d;
L_0x1c5e990/d .functor OR 1, L_0x1c5ed40, L_0x1c5d6d0, L_0x1c5da20, L_0x1c5e070;
L_0x1c5e990 .delay (1,1,1) L_0x1c5e990/d;
L_0x1c5eb40/d .functor OR 1, L_0x1c5f090, L_0x1c5e210, L_0x1c5e430, C4<0>;
L_0x1c5eb40 .delay (1,1,1) L_0x1c5eb40/d;
L_0x1c5bd60/d .functor OR 1, L_0x1c5f500, L_0x1c5e110, C4<0>, C4<0>;
L_0x1c5bd60 .delay (1,1,1) L_0x1c5bd60/d;
v0x1c54840_0 .net *"_s11", 0 0, L_0x1c5c240; 1 drivers
v0x1c548c0_0 .net *"_s13", 0 0, L_0x1c5c330; 1 drivers
v0x1c54940_0 .net *"_s16", 0 0, L_0x1c5c500; 1 drivers
v0x1c549e0_0 .net *"_s18", 0 0, L_0x1c5c5f0; 1 drivers
v0x1c54a90_0 .net *"_s2", 0 0, L_0x1c5be50; 1 drivers
v0x1c54b30_0 .net *"_s20", 0 0, L_0x1c5c730; 1 drivers
v0x1c54bd0_0 .net *"_s23", 0 0, L_0x1c5c8b0; 1 drivers
v0x1c54c70_0 .net *"_s25", 0 0, L_0x1c5ca00; 1 drivers
v0x1c54d10_0 .net *"_s27", 0 0, L_0x1c5caa0; 1 drivers
v0x1c54db0_0 .net *"_s29", 0 0, L_0x1c5cb90; 1 drivers
v0x1c54eb0_0 .net *"_s32", 0 0, L_0x1c5cea0; 1 drivers
v0x1c54f50_0 .net *"_s34", 0 0, L_0x1c5c030; 1 drivers
v0x1c54ff0_0 .net *"_s36", 0 0, L_0x1c5d150; 1 drivers
v0x1c55090_0 .net *"_s38", 0 0, L_0x1c5d2d0; 1 drivers
v0x1c551b0_0 .net *"_s4", 0 0, L_0x1c5bef0; 1 drivers
v0x1c55250_0 .net *"_s41", 0 0, L_0x1c5d5e0; 1 drivers
v0x1c55110_0 .net *"_s43", 0 0, L_0x1c5d240; 1 drivers
v0x1c553a0_0 .net *"_s46", 0 0, L_0x1c5d930; 1 drivers
v0x1c554c0_0 .net *"_s49", 0 0, L_0x1c5db20; 1 drivers
v0x1c55540_0 .net *"_s51", 0 0, L_0x1c5dc10; 1 drivers
v0x1c55420_0 .net *"_s54", 0 0, L_0x1c5ddc0; 1 drivers
v0x1c55670_0 .net *"_s56", 0 0, L_0x1c5de60; 1 drivers
v0x1c555c0_0 .net *"_s58", 0 0, L_0x1c5dd00; 1 drivers
v0x1c557b0_0 .net *"_s6", 0 0, L_0x1c5bf90; 1 drivers
v0x1c55710_0 .net *"_s61", 0 0, L_0x1c5e170; 1 drivers
v0x1c55900_0 .net *"_s63", 0 0, L_0x1c5df50; 1 drivers
v0x1c55850_0 .net *"_s65", 0 0, L_0x1c5e340; 1 drivers
v0x1c55a60_0 .net *"_s68", 0 0, L_0x1c5e520; 1 drivers
v0x1c559a0_0 .net *"_s70", 0 0, L_0x1c5e610; 1 drivers
v0x1c55bd0_0 .net *"_s73", 0 0, L_0x1c5e800; 1 drivers
v0x1c55ae0_0 .net *"_s75", 0 0, L_0x1c5e8a0; 1 drivers
v0x1c55d50_0 .net *"_s78", 0 0, L_0x1c5e700; 1 drivers
v0x1c55c50_0 .net *"_s8", 0 0, L_0x1c5c140; 1 drivers
v0x1c55ee0_0 .net *"_s80", 0 0, L_0x1c5e990; 1 drivers
v0x1c55dd0_0 .net *"_s83", 0 0, L_0x1c5ed40; 1 drivers
v0x1c56080_0 .net *"_s85", 0 0, L_0x1c5eb40; 1 drivers
v0x1c55f60_0 .net *"_s88", 0 0, L_0x1c5f090; 1 drivers
v0x1c56000_0 .net *"_s90", 0 0, L_0x1c5bd60; 1 drivers
v0x1c56240_0 .net *"_s93", 0 0, L_0x1c5f500; 1 drivers
v0x1c562c0_0 .alias "cin", 0 0, v0x1c59310_0;
v0x1c56100_0 .alias "cout", 3 0, v0x1c58190_0;
v0x1c56180_0 .alias "g", 3 0, v0x1c58310_0;
v0x1c564a0_0 .alias "g_up", 0 0, v0x1c583d0_0;
v0x1c56520_0 .alias "p", 3 0, v0x1c58480_0;
v0x1c56340_0 .net "p0cin", 0 0, L_0x1c5e110; 1 drivers
v0x1c563e0_0 .net "p1g0", 0 0, L_0x1c5e210; 1 drivers
v0x1c56720_0 .net "p1p0cin", 0 0, L_0x1c5e430; 1 drivers
v0x1c567a0_0 .net "p2g1", 0 0, L_0x1c5d6d0; 1 drivers
v0x1c565a0_0 .net "p2p1g0", 0 0, L_0x1c5da20; 1 drivers
v0x1c56640_0 .net "p2p1p0cin", 0 0, L_0x1c5e070; 1 drivers
v0x1c569c0_0 .net "p3g2", 0 0, L_0x1c5c1e0; 1 drivers
v0x1c56a40_0 .net "p3p2g1", 0 0, L_0x1c5c460; 1 drivers
v0x1c56820_0 .net "p3p2p1g0", 0 0, L_0x1c5c820; 1 drivers
v0x1c568a0_0 .net "p3p2p1p0cin", 0 0, L_0x1c5c9a0; 1 drivers
v0x1c56940_0 .alias "p_up", 0 0, v0x1c58580_0;
L_0x1c5be50 .part RS_0x7f68ef038068, 0, 1;
L_0x1c5bef0 .part RS_0x7f68ef038068, 1, 1;
L_0x1c5bf90 .part RS_0x7f68ef038068, 2, 1;
L_0x1c5c140 .part RS_0x7f68ef038068, 3, 1;
L_0x1c5c240 .part RS_0x7f68ef038068, 3, 1;
L_0x1c5c330 .part RS_0x7f68ef038008, 2, 1;
L_0x1c5c500 .part RS_0x7f68ef038068, 3, 1;
L_0x1c5c5f0 .part RS_0x7f68ef038068, 2, 1;
L_0x1c5c730 .part RS_0x7f68ef038008, 1, 1;
L_0x1c5c8b0 .part RS_0x7f68ef038068, 3, 1;
L_0x1c5ca00 .part RS_0x7f68ef038068, 2, 1;
L_0x1c5caa0 .part RS_0x7f68ef038068, 1, 1;
L_0x1c5cb90 .part RS_0x7f68ef038008, 0, 1;
L_0x1c5cea0 .part RS_0x7f68ef038068, 3, 1;
L_0x1c5c030 .part RS_0x7f68ef038068, 2, 1;
L_0x1c5d150 .part RS_0x7f68ef038068, 1, 1;
L_0x1c5d2d0 .part RS_0x7f68ef038068, 0, 1;
L_0x1c5d5e0 .part RS_0x7f68ef038008, 3, 1;
L_0x1c5d770 .part/pv L_0x1c5d240, 3, 1, 4;
L_0x1c5d930 .part RS_0x7f68ef038008, 3, 1;
L_0x1c5db20 .part RS_0x7f68ef038068, 2, 1;
L_0x1c5dc10 .part RS_0x7f68ef038008, 1, 1;
L_0x1c5ddc0 .part RS_0x7f68ef038068, 2, 1;
L_0x1c5de60 .part RS_0x7f68ef038068, 1, 1;
L_0x1c5dd00 .part RS_0x7f68ef038008, 0, 1;
L_0x1c5e170 .part RS_0x7f68ef038068, 2, 1;
L_0x1c5df50 .part RS_0x7f68ef038068, 1, 1;
L_0x1c5e340 .part RS_0x7f68ef038068, 0, 1;
L_0x1c5e520 .part RS_0x7f68ef038068, 1, 1;
L_0x1c5e610 .part RS_0x7f68ef038008, 0, 1;
L_0x1c5e800 .part RS_0x7f68ef038068, 1, 1;
L_0x1c5e8a0 .part RS_0x7f68ef038068, 0, 1;
L_0x1c5e700 .part RS_0x7f68ef038068, 0, 1;
L_0x1c5eaa0 .part/pv L_0x1c5e990, 2, 1, 4;
L_0x1c5ed40 .part RS_0x7f68ef038008, 2, 1;
L_0x1c5ee30 .part/pv L_0x1c5eb40, 1, 1, 4;
L_0x1c5f090 .part RS_0x7f68ef038008, 1, 1;
L_0x1c5f180 .part/pv L_0x1c5bd60, 0, 1, 4;
L_0x1c5f500 .part RS_0x7f68ef038008, 0, 1;
S_0x1c50620 .scope module, "ad2" "adder4_cla" 2 84, 2 67, S_0x1c0a640;
 .timescale -9 -9;
v0x1c54010_0 .net "a", 3 0, L_0x1c65d10; 1 drivers
v0x1c540d0_0 .net "b", 3 0, L_0x1c65e40; 1 drivers
RS_0x7f68ef0370a8 .resolv tri, L_0x1c63930, L_0x1c64c60, L_0x1c64ff0, L_0x1c65340;
v0x1c54170_0 .net8 "carry", 3 0, RS_0x7f68ef0370a8; 4 drivers
v0x1c541f0_0 .net "cin", 0 0, L_0x1c65f70; 1 drivers
v0x1c542a0_0 .net "co", 0 0, L_0x1c62ff0; 1 drivers
RS_0x7f68ef0370d8 .resolv tri, L_0x1c60090, L_0x1c60830, L_0x1c611d0, L_0x1c61ae0;
v0x1c54320_0 .net8 "g", 3 0, RS_0x7f68ef0370d8; 4 drivers
v0x1c543e0_0 .net "g_up", 0 0, L_0x1c63580; 1 drivers
RS_0x7f68ef037138 .resolv tri, L_0x1c5ff50, L_0x1c60700, L_0x1c610a0, L_0x1c61950;
v0x1c54460_0 .net8 "p", 3 0, RS_0x7f68ef037138; 4 drivers
v0x1c54560_0 .net "p_up", 0 0, L_0x1c62190; 1 drivers
v0x1c545e0_0 .net8 "s", 3 0, RS_0x7f68ef037858; 4 drivers
L_0x1c5ff50 .part/pv L_0x1c5fd70, 0, 1, 4;
L_0x1c60090 .part/pv L_0x1c5feb0, 0, 1, 4;
L_0x1c601d0 .part/pv L_0x1c5fcd0, 0, 1, 4;
L_0x1c602c0 .part L_0x1c65d10, 0, 1;
L_0x1c603f0 .part L_0x1c65e40, 0, 1;
L_0x1c60700 .part/pv L_0x1c605c0, 1, 1, 4;
L_0x1c60830 .part/pv L_0x1c60660, 1, 1, 4;
L_0x1c60920 .part/pv L_0x1c60520, 1, 1, 4;
L_0x1c60ab0 .part L_0x1c65d10, 1, 1;
L_0x1c60be0 .part L_0x1c65e40, 1, 1;
L_0x1c60d70 .part RS_0x7f68ef0370a8, 0, 1;
L_0x1c610a0 .part/pv L_0x1c60ec0, 2, 1, 4;
L_0x1c611d0 .part/pv L_0x1c61000, 2, 1, 4;
L_0x1c61300 .part/pv L_0x1c60e60, 2, 1, 4;
L_0x1c613f0 .part L_0x1c65d10, 2, 1;
L_0x1c61520 .part L_0x1c65e40, 2, 1;
L_0x1c616e0 .part RS_0x7f68ef0370a8, 1, 1;
L_0x1c61950 .part/pv L_0x1c617c0, 3, 1, 4;
L_0x1c61ae0 .part/pv L_0x1c618b0, 3, 1, 4;
L_0x1c61b80 .part/pv L_0x1c60d10, 3, 1, 4;
L_0x1c61a40 .part L_0x1c65d10, 3, 1;
L_0x1c61e80 .part L_0x1c65e40, 3, 1;
L_0x1c61cb0 .part RS_0x7f68ef0370a8, 2, 1;
L_0x1c62ff0 .part RS_0x7f68ef0370a8, 3, 1;
S_0x1c53b30 .scope module, "add0" "pfa" 2 71, 2 30, S_0x1c50620;
 .timescale -9 -9;
L_0x1c5fcd0/d .functor XOR 1, L_0x1c602c0, L_0x1c603f0, L_0x1c65f70, C4<0>;
L_0x1c5fcd0 .delay (1,1,1) L_0x1c5fcd0/d;
L_0x1c5fd70/d .functor XOR 1, L_0x1c602c0, L_0x1c603f0, C4<0>, C4<0>;
L_0x1c5fd70 .delay (1,1,1) L_0x1c5fd70/d;
L_0x1c5feb0/d .functor AND 1, L_0x1c602c0, L_0x1c603f0, C4<1>, C4<1>;
L_0x1c5feb0 .delay (1,1,1) L_0x1c5feb0/d;
v0x1c53c20_0 .net "a", 0 0, L_0x1c602c0; 1 drivers
v0x1c53ce0_0 .net "b", 0 0, L_0x1c603f0; 1 drivers
v0x1c53d80_0 .alias "cin", 0 0, v0x1c541f0_0;
v0x1c53e00_0 .net "g", 0 0, L_0x1c5feb0; 1 drivers
v0x1c53eb0_0 .net "p", 0 0, L_0x1c5fd70; 1 drivers
v0x1c53f30_0 .net "s", 0 0, L_0x1c5fcd0; 1 drivers
S_0x1c53640 .scope module, "add1" "pfa" 2 72, 2 30, S_0x1c50620;
 .timescale -9 -9;
L_0x1c60520/d .functor XOR 1, L_0x1c60ab0, L_0x1c60be0, L_0x1c60d70, C4<0>;
L_0x1c60520 .delay (1,1,1) L_0x1c60520/d;
L_0x1c605c0/d .functor XOR 1, L_0x1c60ab0, L_0x1c60be0, C4<0>, C4<0>;
L_0x1c605c0 .delay (1,1,1) L_0x1c605c0/d;
L_0x1c60660/d .functor AND 1, L_0x1c60ab0, L_0x1c60be0, C4<1>, C4<1>;
L_0x1c60660 .delay (1,1,1) L_0x1c60660/d;
v0x1c53730_0 .net "a", 0 0, L_0x1c60ab0; 1 drivers
v0x1c537f0_0 .net "b", 0 0, L_0x1c60be0; 1 drivers
v0x1c53890_0 .net "cin", 0 0, L_0x1c60d70; 1 drivers
v0x1c53930_0 .net "g", 0 0, L_0x1c60660; 1 drivers
v0x1c539b0_0 .net "p", 0 0, L_0x1c605c0; 1 drivers
v0x1c53a50_0 .net "s", 0 0, L_0x1c60520; 1 drivers
S_0x1c53150 .scope module, "add2" "pfa" 2 73, 2 30, S_0x1c50620;
 .timescale -9 -9;
L_0x1c60e60/d .functor XOR 1, L_0x1c613f0, L_0x1c61520, L_0x1c616e0, C4<0>;
L_0x1c60e60 .delay (1,1,1) L_0x1c60e60/d;
L_0x1c60ec0/d .functor XOR 1, L_0x1c613f0, L_0x1c61520, C4<0>, C4<0>;
L_0x1c60ec0 .delay (1,1,1) L_0x1c60ec0/d;
L_0x1c61000/d .functor AND 1, L_0x1c613f0, L_0x1c61520, C4<1>, C4<1>;
L_0x1c61000 .delay (1,1,1) L_0x1c61000/d;
v0x1c53240_0 .net "a", 0 0, L_0x1c613f0; 1 drivers
v0x1c53300_0 .net "b", 0 0, L_0x1c61520; 1 drivers
v0x1c533a0_0 .net "cin", 0 0, L_0x1c616e0; 1 drivers
v0x1c53440_0 .net "g", 0 0, L_0x1c61000; 1 drivers
v0x1c534c0_0 .net "p", 0 0, L_0x1c60ec0; 1 drivers
v0x1c53560_0 .net "s", 0 0, L_0x1c60e60; 1 drivers
S_0x1c52cc0 .scope module, "add3" "pfa" 2 74, 2 30, S_0x1c50620;
 .timescale -9 -9;
L_0x1c60d10/d .functor XOR 1, L_0x1c61a40, L_0x1c61e80, L_0x1c61cb0, C4<0>;
L_0x1c60d10 .delay (1,1,1) L_0x1c60d10/d;
L_0x1c617c0/d .functor XOR 1, L_0x1c61a40, L_0x1c61e80, C4<0>, C4<0>;
L_0x1c617c0 .delay (1,1,1) L_0x1c617c0/d;
L_0x1c618b0/d .functor AND 1, L_0x1c61a40, L_0x1c61e80, C4<1>, C4<1>;
L_0x1c618b0 .delay (1,1,1) L_0x1c618b0/d;
v0x1c52db0_0 .net "a", 0 0, L_0x1c61a40; 1 drivers
v0x1c52e50_0 .net "b", 0 0, L_0x1c61e80; 1 drivers
v0x1c52ef0_0 .net "cin", 0 0, L_0x1c61cb0; 1 drivers
v0x1c52f90_0 .net "g", 0 0, L_0x1c618b0; 1 drivers
v0x1c53010_0 .net "p", 0 0, L_0x1c617c0; 1 drivers
v0x1c530b0_0 .net "s", 0 0, L_0x1c60d10; 1 drivers
S_0x1c50710 .scope module, "localcla" "cla" 2 75, 2 37, S_0x1c50620;
 .timescale -9 -9;
L_0x1c62190/d .functor AND 1, L_0x1c621f0, L_0x1c62290, L_0x1c62330, L_0x1c624e0;
L_0x1c62190 .delay (1,1,1) L_0x1c62190/d;
L_0x1c62580/d .functor AND 1, L_0x1c625e0, L_0x1c626d0, C4<1>, C4<1>;
L_0x1c62580 .delay (1,1,1) L_0x1c62580/d;
L_0x1c62800/d .functor AND 1, L_0x1c628a0, L_0x1c62990, L_0x1c62ad0, C4<1>;
L_0x1c62800 .delay (1,1,1) L_0x1c62800/d;
L_0x1c62bc0/d .functor AND 1, L_0x1c62c20, L_0x1c62d70, L_0x1c62e10, L_0x1c62f00;
L_0x1c62bc0 .delay (1,1,1) L_0x1c62bc0/d;
L_0x1c566c0/0/0 .functor AND 1, L_0x1c63100, L_0x1c623d0, L_0x1c633b0, L_0x1c634e0;
L_0x1c566c0/0/4 .functor AND 1, L_0x1c65f70, C4<1>, C4<1>, C4<1>;
L_0x1c566c0/d .functor AND 1, L_0x1c566c0/0/0, L_0x1c566c0/0/4, C4<1>, C4<1>;
L_0x1c566c0 .delay (1,1,1) L_0x1c566c0/d;
L_0x1c63580/d .functor OR 1, L_0x1c637a0, L_0x1c62580, L_0x1c62800, L_0x1c62bc0;
L_0x1c63580 .delay (1,1,1) L_0x1c63580/d;
L_0x1c63450/0/0 .functor OR 1, L_0x1c63af0, L_0x1c62580, L_0x1c62800, L_0x1c62bc0;
L_0x1c63450/0/4 .functor OR 1, L_0x1c566c0, C4<0>, C4<0>, C4<0>;
L_0x1c63450/d .functor OR 1, L_0x1c63450/0/0, L_0x1c63450/0/4, C4<0>, C4<0>;
L_0x1c63450 .delay (1,1,1) L_0x1c63450/d;
L_0x1c63890/d .functor AND 1, L_0x1c63ce0, L_0x1c63dd0, C4<1>, C4<1>;
L_0x1c63890 .delay (1,1,1) L_0x1c63890/d;
L_0x1c63be0/d .functor AND 1, L_0x1c63f80, L_0x1c64020, L_0x1c63ec0, C4<1>;
L_0x1c63be0 .delay (1,1,1) L_0x1c63be0/d;
L_0x1c64230/d .functor AND 1, L_0x1c64330, L_0x1c64110, L_0x1c64500, L_0x1c65f70;
L_0x1c64230 .delay (1,1,1) L_0x1c64230/d;
L_0x1c643d0/d .functor AND 1, L_0x1c646e0, L_0x1c647d0, C4<1>, C4<1>;
L_0x1c643d0 .delay (1,1,1) L_0x1c643d0/d;
L_0x1c645f0/d .functor AND 1, L_0x1c649c0, L_0x1c64a60, L_0x1c65f70, C4<1>;
L_0x1c645f0 .delay (1,1,1) L_0x1c645f0/d;
L_0x1c642d0/d .functor AND 1, L_0x1c648c0, L_0x1c65f70, C4<1>, C4<1>;
L_0x1c642d0 .delay (1,1,1) L_0x1c642d0/d;
L_0x1c64b50/d .functor OR 1, L_0x1c64f00, L_0x1c63890, L_0x1c63be0, L_0x1c64230;
L_0x1c64b50 .delay (1,1,1) L_0x1c64b50/d;
L_0x1c64d00/d .functor OR 1, L_0x1c65250, L_0x1c643d0, L_0x1c645f0, C4<0>;
L_0x1c64d00 .delay (1,1,1) L_0x1c64d00/d;
L_0x1c62100/d .functor OR 1, L_0x1c656c0, L_0x1c642d0, C4<0>, C4<0>;
L_0x1c62100 .delay (1,1,1) L_0x1c62100/d;
v0x1c50800_0 .net *"_s11", 0 0, L_0x1c625e0; 1 drivers
v0x1c50880_0 .net *"_s13", 0 0, L_0x1c626d0; 1 drivers
v0x1c50900_0 .net *"_s16", 0 0, L_0x1c628a0; 1 drivers
v0x1c509a0_0 .net *"_s18", 0 0, L_0x1c62990; 1 drivers
v0x1c50a50_0 .net *"_s2", 0 0, L_0x1c621f0; 1 drivers
v0x1c50af0_0 .net *"_s20", 0 0, L_0x1c62ad0; 1 drivers
v0x1c50b90_0 .net *"_s23", 0 0, L_0x1c62c20; 1 drivers
v0x1c50c30_0 .net *"_s25", 0 0, L_0x1c62d70; 1 drivers
v0x1c50cd0_0 .net *"_s27", 0 0, L_0x1c62e10; 1 drivers
v0x1c50d70_0 .net *"_s29", 0 0, L_0x1c62f00; 1 drivers
v0x1c50e70_0 .net *"_s32", 0 0, L_0x1c63100; 1 drivers
v0x1c50f10_0 .net *"_s34", 0 0, L_0x1c623d0; 1 drivers
v0x1c50fb0_0 .net *"_s36", 0 0, L_0x1c633b0; 1 drivers
v0x1c51050_0 .net *"_s38", 0 0, L_0x1c634e0; 1 drivers
v0x1c51170_0 .net *"_s4", 0 0, L_0x1c62290; 1 drivers
v0x1c51210_0 .net *"_s41", 0 0, L_0x1c637a0; 1 drivers
v0x1c510d0_0 .net *"_s43", 0 0, L_0x1c63450; 1 drivers
v0x1c51360_0 .net *"_s46", 0 0, L_0x1c63af0; 1 drivers
v0x1c51480_0 .net *"_s49", 0 0, L_0x1c63ce0; 1 drivers
v0x1c51500_0 .net *"_s51", 0 0, L_0x1c63dd0; 1 drivers
v0x1c513e0_0 .net *"_s54", 0 0, L_0x1c63f80; 1 drivers
v0x1c51630_0 .net *"_s56", 0 0, L_0x1c64020; 1 drivers
v0x1c51580_0 .net *"_s58", 0 0, L_0x1c63ec0; 1 drivers
v0x1c51770_0 .net *"_s6", 0 0, L_0x1c62330; 1 drivers
v0x1c516d0_0 .net *"_s61", 0 0, L_0x1c64330; 1 drivers
v0x1c518c0_0 .net *"_s63", 0 0, L_0x1c64110; 1 drivers
v0x1c51810_0 .net *"_s65", 0 0, L_0x1c64500; 1 drivers
v0x1c51a20_0 .net *"_s68", 0 0, L_0x1c646e0; 1 drivers
v0x1c51960_0 .net *"_s70", 0 0, L_0x1c647d0; 1 drivers
v0x1c51b90_0 .net *"_s73", 0 0, L_0x1c649c0; 1 drivers
v0x1c51aa0_0 .net *"_s75", 0 0, L_0x1c64a60; 1 drivers
v0x1c51d10_0 .net *"_s78", 0 0, L_0x1c648c0; 1 drivers
v0x1c51c10_0 .net *"_s8", 0 0, L_0x1c624e0; 1 drivers
v0x1c51ea0_0 .net *"_s80", 0 0, L_0x1c64b50; 1 drivers
v0x1c51d90_0 .net *"_s83", 0 0, L_0x1c64f00; 1 drivers
v0x1c52040_0 .net *"_s85", 0 0, L_0x1c64d00; 1 drivers
v0x1c51f20_0 .net *"_s88", 0 0, L_0x1c65250; 1 drivers
v0x1c51fc0_0 .net *"_s90", 0 0, L_0x1c62100; 1 drivers
v0x1c52200_0 .net *"_s93", 0 0, L_0x1c656c0; 1 drivers
v0x1c52280_0 .alias "cin", 0 0, v0x1c541f0_0;
v0x1c520c0_0 .alias "cout", 3 0, v0x1c54170_0;
v0x1c52160_0 .alias "g", 3 0, v0x1c54320_0;
v0x1c52460_0 .alias "g_up", 0 0, v0x1c543e0_0;
v0x1c524e0_0 .alias "p", 3 0, v0x1c54460_0;
v0x1c52300_0 .net "p0cin", 0 0, L_0x1c642d0; 1 drivers
v0x1c523a0_0 .net "p1g0", 0 0, L_0x1c643d0; 1 drivers
v0x1c526e0_0 .net "p1p0cin", 0 0, L_0x1c645f0; 1 drivers
v0x1c52760_0 .net "p2g1", 0 0, L_0x1c63890; 1 drivers
v0x1c52580_0 .net "p2p1g0", 0 0, L_0x1c63be0; 1 drivers
v0x1c52620_0 .net "p2p1p0cin", 0 0, L_0x1c64230; 1 drivers
v0x1c52980_0 .net "p3g2", 0 0, L_0x1c62580; 1 drivers
v0x1c52a00_0 .net "p3p2g1", 0 0, L_0x1c62800; 1 drivers
v0x1c52800_0 .net "p3p2p1g0", 0 0, L_0x1c62bc0; 1 drivers
v0x1c528a0_0 .net "p3p2p1p0cin", 0 0, L_0x1c566c0; 1 drivers
v0x1c52c40_0 .alias "p_up", 0 0, v0x1c54560_0;
L_0x1c621f0 .part RS_0x7f68ef037138, 0, 1;
L_0x1c62290 .part RS_0x7f68ef037138, 1, 1;
L_0x1c62330 .part RS_0x7f68ef037138, 2, 1;
L_0x1c624e0 .part RS_0x7f68ef037138, 3, 1;
L_0x1c625e0 .part RS_0x7f68ef037138, 3, 1;
L_0x1c626d0 .part RS_0x7f68ef0370d8, 2, 1;
L_0x1c628a0 .part RS_0x7f68ef037138, 3, 1;
L_0x1c62990 .part RS_0x7f68ef037138, 2, 1;
L_0x1c62ad0 .part RS_0x7f68ef0370d8, 1, 1;
L_0x1c62c20 .part RS_0x7f68ef037138, 3, 1;
L_0x1c62d70 .part RS_0x7f68ef037138, 2, 1;
L_0x1c62e10 .part RS_0x7f68ef037138, 1, 1;
L_0x1c62f00 .part RS_0x7f68ef0370d8, 0, 1;
L_0x1c63100 .part RS_0x7f68ef037138, 3, 1;
L_0x1c623d0 .part RS_0x7f68ef037138, 2, 1;
L_0x1c633b0 .part RS_0x7f68ef037138, 1, 1;
L_0x1c634e0 .part RS_0x7f68ef037138, 0, 1;
L_0x1c637a0 .part RS_0x7f68ef0370d8, 3, 1;
L_0x1c63930 .part/pv L_0x1c63450, 3, 1, 4;
L_0x1c63af0 .part RS_0x7f68ef0370d8, 3, 1;
L_0x1c63ce0 .part RS_0x7f68ef037138, 2, 1;
L_0x1c63dd0 .part RS_0x7f68ef0370d8, 1, 1;
L_0x1c63f80 .part RS_0x7f68ef037138, 2, 1;
L_0x1c64020 .part RS_0x7f68ef037138, 1, 1;
L_0x1c63ec0 .part RS_0x7f68ef0370d8, 0, 1;
L_0x1c64330 .part RS_0x7f68ef037138, 2, 1;
L_0x1c64110 .part RS_0x7f68ef037138, 1, 1;
L_0x1c64500 .part RS_0x7f68ef037138, 0, 1;
L_0x1c646e0 .part RS_0x7f68ef037138, 1, 1;
L_0x1c647d0 .part RS_0x7f68ef0370d8, 0, 1;
L_0x1c649c0 .part RS_0x7f68ef037138, 1, 1;
L_0x1c64a60 .part RS_0x7f68ef037138, 0, 1;
L_0x1c648c0 .part RS_0x7f68ef037138, 0, 1;
L_0x1c64c60 .part/pv L_0x1c64b50, 2, 1, 4;
L_0x1c64f00 .part RS_0x7f68ef0370d8, 2, 1;
L_0x1c64ff0 .part/pv L_0x1c64d00, 1, 1, 4;
L_0x1c65250 .part RS_0x7f68ef0370d8, 1, 1;
L_0x1c65340 .part/pv L_0x1c62100, 0, 1, 4;
L_0x1c656c0 .part RS_0x7f68ef0370d8, 0, 1;
S_0x1c4c5e0 .scope module, "ad3" "adder4_cla" 2 86, 2 67, S_0x1c0a640;
 .timescale -9 -9;
v0x1c4ffd0_0 .net "a", 3 0, L_0x1c6c1e0; 1 drivers
v0x1c50090_0 .net "b", 3 0, L_0x1c6c320; 1 drivers
RS_0x7f68ef036148 .resolv tri, L_0x1c69d40, L_0x1c6b070, L_0x1c6b400, L_0x1c6b750;
v0x1c50130_0 .net8 "carry", 3 0, RS_0x7f68ef036148; 4 drivers
v0x1c501b0_0 .net "cin", 0 0, L_0x1c6c3c0; 1 drivers
v0x1c50260_0 .net "co", 0 0, L_0x1c692d0; 1 drivers
RS_0x7f68ef036178 .resolv tri, L_0x1c66300, L_0x1c66aa0, L_0x1c674b0, L_0x1c67dc0;
v0x1c502e0_0 .net8 "g", 3 0, RS_0x7f68ef036178; 4 drivers
v0x1c503a0_0 .net "g_up", 0 0, L_0x1c69990; 1 drivers
RS_0x7f68ef0361d8 .resolv tri, L_0x1c66260, L_0x1c66970, L_0x1c67310, L_0x1c67c30;
v0x1c50420_0 .net8 "p", 3 0, RS_0x7f68ef0361d8; 4 drivers
v0x1c50520_0 .net "p_up", 0 0, L_0x1c68470; 1 drivers
v0x1c505a0_0 .net8 "s", 3 0, RS_0x7f68ef0368f8; 4 drivers
L_0x1c66260 .part/pv L_0x1c66120, 0, 1, 4;
L_0x1c66300 .part/pv L_0x1c661c0, 0, 1, 4;
L_0x1c66440 .part/pv L_0x1c65cb0, 0, 1, 4;
L_0x1c66530 .part L_0x1c6c1e0, 0, 1;
L_0x1c66660 .part L_0x1c6c320, 0, 1;
L_0x1c66970 .part/pv L_0x1c66830, 1, 1, 4;
L_0x1c66aa0 .part/pv L_0x1c668d0, 1, 1, 4;
L_0x1c66b90 .part/pv L_0x1c66790, 1, 1, 4;
L_0x1c66d20 .part L_0x1c6c1e0, 1, 1;
L_0x1c66e50 .part L_0x1c6c320, 1, 1;
L_0x1c66fe0 .part RS_0x7f68ef036148, 0, 1;
L_0x1c67310 .part/pv L_0x1c67130, 2, 1, 4;
L_0x1c674b0 .part/pv L_0x1c67270, 2, 1, 4;
L_0x1c675e0 .part/pv L_0x1c670d0, 2, 1, 4;
L_0x1c676d0 .part L_0x1c6c1e0, 2, 1;
L_0x1c67800 .part L_0x1c6c320, 2, 1;
L_0x1c679c0 .part RS_0x7f68ef036148, 1, 1;
L_0x1c67c30 .part/pv L_0x1c67aa0, 3, 1, 4;
L_0x1c67dc0 .part/pv L_0x1c67b90, 3, 1, 4;
L_0x1c67e60 .part/pv L_0x1c66f80, 3, 1, 4;
L_0x1c67d20 .part L_0x1c6c1e0, 3, 1;
L_0x1c68160 .part L_0x1c6c320, 3, 1;
L_0x1c67f90 .part RS_0x7f68ef036148, 2, 1;
L_0x1c692d0 .part RS_0x7f68ef036148, 3, 1;
S_0x1c4faf0 .scope module, "add0" "pfa" 2 71, 2 30, S_0x1c4c5e0;
 .timescale -9 -9;
L_0x1c65cb0/d .functor XOR 1, L_0x1c66530, L_0x1c66660, L_0x1c6c3c0, C4<0>;
L_0x1c65cb0 .delay (1,1,1) L_0x1c65cb0/d;
L_0x1c66120/d .functor XOR 1, L_0x1c66530, L_0x1c66660, C4<0>, C4<0>;
L_0x1c66120 .delay (1,1,1) L_0x1c66120/d;
L_0x1c661c0/d .functor AND 1, L_0x1c66530, L_0x1c66660, C4<1>, C4<1>;
L_0x1c661c0 .delay (1,1,1) L_0x1c661c0/d;
v0x1c4fbe0_0 .net "a", 0 0, L_0x1c66530; 1 drivers
v0x1c4fca0_0 .net "b", 0 0, L_0x1c66660; 1 drivers
v0x1c4fd40_0 .alias "cin", 0 0, v0x1c501b0_0;
v0x1c4fdc0_0 .net "g", 0 0, L_0x1c661c0; 1 drivers
v0x1c4fe70_0 .net "p", 0 0, L_0x1c66120; 1 drivers
v0x1c4fef0_0 .net "s", 0 0, L_0x1c65cb0; 1 drivers
S_0x1c4f600 .scope module, "add1" "pfa" 2 72, 2 30, S_0x1c4c5e0;
 .timescale -9 -9;
L_0x1c66790/d .functor XOR 1, L_0x1c66d20, L_0x1c66e50, L_0x1c66fe0, C4<0>;
L_0x1c66790 .delay (1,1,1) L_0x1c66790/d;
L_0x1c66830/d .functor XOR 1, L_0x1c66d20, L_0x1c66e50, C4<0>, C4<0>;
L_0x1c66830 .delay (1,1,1) L_0x1c66830/d;
L_0x1c668d0/d .functor AND 1, L_0x1c66d20, L_0x1c66e50, C4<1>, C4<1>;
L_0x1c668d0 .delay (1,1,1) L_0x1c668d0/d;
v0x1c4f6f0_0 .net "a", 0 0, L_0x1c66d20; 1 drivers
v0x1c4f7b0_0 .net "b", 0 0, L_0x1c66e50; 1 drivers
v0x1c4f850_0 .net "cin", 0 0, L_0x1c66fe0; 1 drivers
v0x1c4f8f0_0 .net "g", 0 0, L_0x1c668d0; 1 drivers
v0x1c4f970_0 .net "p", 0 0, L_0x1c66830; 1 drivers
v0x1c4fa10_0 .net "s", 0 0, L_0x1c66790; 1 drivers
S_0x1c4f110 .scope module, "add2" "pfa" 2 73, 2 30, S_0x1c4c5e0;
 .timescale -9 -9;
L_0x1c670d0/d .functor XOR 1, L_0x1c676d0, L_0x1c67800, L_0x1c679c0, C4<0>;
L_0x1c670d0 .delay (1,1,1) L_0x1c670d0/d;
L_0x1c67130/d .functor XOR 1, L_0x1c676d0, L_0x1c67800, C4<0>, C4<0>;
L_0x1c67130 .delay (1,1,1) L_0x1c67130/d;
L_0x1c67270/d .functor AND 1, L_0x1c676d0, L_0x1c67800, C4<1>, C4<1>;
L_0x1c67270 .delay (1,1,1) L_0x1c67270/d;
v0x1c4f200_0 .net "a", 0 0, L_0x1c676d0; 1 drivers
v0x1c4f2c0_0 .net "b", 0 0, L_0x1c67800; 1 drivers
v0x1c4f360_0 .net "cin", 0 0, L_0x1c679c0; 1 drivers
v0x1c4f400_0 .net "g", 0 0, L_0x1c67270; 1 drivers
v0x1c4f480_0 .net "p", 0 0, L_0x1c67130; 1 drivers
v0x1c4f520_0 .net "s", 0 0, L_0x1c670d0; 1 drivers
S_0x1c4ec80 .scope module, "add3" "pfa" 2 74, 2 30, S_0x1c4c5e0;
 .timescale -9 -9;
L_0x1c66f80/d .functor XOR 1, L_0x1c67d20, L_0x1c68160, L_0x1c67f90, C4<0>;
L_0x1c66f80 .delay (1,1,1) L_0x1c66f80/d;
L_0x1c67aa0/d .functor XOR 1, L_0x1c67d20, L_0x1c68160, C4<0>, C4<0>;
L_0x1c67aa0 .delay (1,1,1) L_0x1c67aa0/d;
L_0x1c67b90/d .functor AND 1, L_0x1c67d20, L_0x1c68160, C4<1>, C4<1>;
L_0x1c67b90 .delay (1,1,1) L_0x1c67b90/d;
v0x1c4ed70_0 .net "a", 0 0, L_0x1c67d20; 1 drivers
v0x1c4ee10_0 .net "b", 0 0, L_0x1c68160; 1 drivers
v0x1c4eeb0_0 .net "cin", 0 0, L_0x1c67f90; 1 drivers
v0x1c4ef50_0 .net "g", 0 0, L_0x1c67b90; 1 drivers
v0x1c4efd0_0 .net "p", 0 0, L_0x1c67aa0; 1 drivers
v0x1c4f070_0 .net "s", 0 0, L_0x1c66f80; 1 drivers
S_0x1c4c6d0 .scope module, "localcla" "cla" 2 75, 2 37, S_0x1c4c5e0;
 .timescale -9 -9;
L_0x1c68470/d .functor AND 1, L_0x1c684d0, L_0x1c68570, L_0x1c68610, L_0x1c687c0;
L_0x1c68470 .delay (1,1,1) L_0x1c68470/d;
L_0x1c68860/d .functor AND 1, L_0x1c688c0, L_0x1c689b0, C4<1>, C4<1>;
L_0x1c68860 .delay (1,1,1) L_0x1c68860/d;
L_0x1c68ae0/d .functor AND 1, L_0x1c68b80, L_0x1c68c70, L_0x1c68db0, C4<1>;
L_0x1c68ae0 .delay (1,1,1) L_0x1c68ae0/d;
L_0x1c68ea0/d .functor AND 1, L_0x1c68f00, L_0x1c69050, L_0x1c690f0, L_0x1c691e0;
L_0x1c68ea0 .delay (1,1,1) L_0x1c68ea0/d;
L_0x1c68ff0/0/0 .functor AND 1, L_0x1c69470, L_0x1c686b0, L_0x1c69720, L_0x1c698a0;
L_0x1c68ff0/0/4 .functor AND 1, L_0x1c6c3c0, C4<1>, C4<1>, C4<1>;
L_0x1c68ff0/d .functor AND 1, L_0x1c68ff0/0/0, L_0x1c68ff0/0/4, C4<1>, C4<1>;
L_0x1c68ff0 .delay (1,1,1) L_0x1c68ff0/d;
L_0x1c69990/d .functor OR 1, L_0x1c69bb0, L_0x1c68860, L_0x1c68ae0, L_0x1c68ea0;
L_0x1c69990 .delay (1,1,1) L_0x1c69990/d;
L_0x1c69810/0/0 .functor OR 1, L_0x1c69f00, L_0x1c68860, L_0x1c68ae0, L_0x1c68ea0;
L_0x1c69810/0/4 .functor OR 1, L_0x1c68ff0, C4<0>, C4<0>, C4<0>;
L_0x1c69810/d .functor OR 1, L_0x1c69810/0/0, L_0x1c69810/0/4, C4<0>, C4<0>;
L_0x1c69810 .delay (1,1,1) L_0x1c69810/d;
L_0x1c69ca0/d .functor AND 1, L_0x1c6a0f0, L_0x1c6a1e0, C4<1>, C4<1>;
L_0x1c69ca0 .delay (1,1,1) L_0x1c69ca0/d;
L_0x1c69ff0/d .functor AND 1, L_0x1c6a390, L_0x1c6a430, L_0x1c6a2d0, C4<1>;
L_0x1c69ff0 .delay (1,1,1) L_0x1c69ff0/d;
L_0x1c6a640/d .functor AND 1, L_0x1c6a740, L_0x1c6a520, L_0x1c6a910, L_0x1c6c3c0;
L_0x1c6a640 .delay (1,1,1) L_0x1c6a640/d;
L_0x1c6a7e0/d .functor AND 1, L_0x1c6aaf0, L_0x1c6abe0, C4<1>, C4<1>;
L_0x1c6a7e0 .delay (1,1,1) L_0x1c6a7e0/d;
L_0x1c6aa00/d .functor AND 1, L_0x1c6add0, L_0x1c6ae70, L_0x1c6c3c0, C4<1>;
L_0x1c6aa00 .delay (1,1,1) L_0x1c6aa00/d;
L_0x1c6a6e0/d .functor AND 1, L_0x1c6acd0, L_0x1c6c3c0, C4<1>, C4<1>;
L_0x1c6a6e0 .delay (1,1,1) L_0x1c6a6e0/d;
L_0x1c6af60/d .functor OR 1, L_0x1c6b310, L_0x1c69ca0, L_0x1c69ff0, L_0x1c6a640;
L_0x1c6af60 .delay (1,1,1) L_0x1c6af60/d;
L_0x1c6b110/d .functor OR 1, L_0x1c6b660, L_0x1c6a7e0, L_0x1c6aa00, C4<0>;
L_0x1c6b110 .delay (1,1,1) L_0x1c6b110/d;
L_0x1c683e0/d .functor OR 1, L_0x1c6bad0, L_0x1c6a6e0, C4<0>, C4<0>;
L_0x1c683e0 .delay (1,1,1) L_0x1c683e0/d;
v0x1c4c7c0_0 .net *"_s11", 0 0, L_0x1c688c0; 1 drivers
v0x1c4c840_0 .net *"_s13", 0 0, L_0x1c689b0; 1 drivers
v0x1c4c8c0_0 .net *"_s16", 0 0, L_0x1c68b80; 1 drivers
v0x1c4c960_0 .net *"_s18", 0 0, L_0x1c68c70; 1 drivers
v0x1c4ca10_0 .net *"_s2", 0 0, L_0x1c684d0; 1 drivers
v0x1c4cab0_0 .net *"_s20", 0 0, L_0x1c68db0; 1 drivers
v0x1c4cb50_0 .net *"_s23", 0 0, L_0x1c68f00; 1 drivers
v0x1c4cbf0_0 .net *"_s25", 0 0, L_0x1c69050; 1 drivers
v0x1c4cc90_0 .net *"_s27", 0 0, L_0x1c690f0; 1 drivers
v0x1c4cd30_0 .net *"_s29", 0 0, L_0x1c691e0; 1 drivers
v0x1c4ce30_0 .net *"_s32", 0 0, L_0x1c69470; 1 drivers
v0x1c4ced0_0 .net *"_s34", 0 0, L_0x1c686b0; 1 drivers
v0x1c4cf70_0 .net *"_s36", 0 0, L_0x1c69720; 1 drivers
v0x1c4d010_0 .net *"_s38", 0 0, L_0x1c698a0; 1 drivers
v0x1c4d130_0 .net *"_s4", 0 0, L_0x1c68570; 1 drivers
v0x1c4d1d0_0 .net *"_s41", 0 0, L_0x1c69bb0; 1 drivers
v0x1c4d090_0 .net *"_s43", 0 0, L_0x1c69810; 1 drivers
v0x1c4d320_0 .net *"_s46", 0 0, L_0x1c69f00; 1 drivers
v0x1c4d440_0 .net *"_s49", 0 0, L_0x1c6a0f0; 1 drivers
v0x1c4d4c0_0 .net *"_s51", 0 0, L_0x1c6a1e0; 1 drivers
v0x1c4d3a0_0 .net *"_s54", 0 0, L_0x1c6a390; 1 drivers
v0x1c4d5f0_0 .net *"_s56", 0 0, L_0x1c6a430; 1 drivers
v0x1c4d540_0 .net *"_s58", 0 0, L_0x1c6a2d0; 1 drivers
v0x1c4d730_0 .net *"_s6", 0 0, L_0x1c68610; 1 drivers
v0x1c4d690_0 .net *"_s61", 0 0, L_0x1c6a740; 1 drivers
v0x1c4d880_0 .net *"_s63", 0 0, L_0x1c6a520; 1 drivers
v0x1c4d7d0_0 .net *"_s65", 0 0, L_0x1c6a910; 1 drivers
v0x1c4d9e0_0 .net *"_s68", 0 0, L_0x1c6aaf0; 1 drivers
v0x1c4d920_0 .net *"_s70", 0 0, L_0x1c6abe0; 1 drivers
v0x1c4db50_0 .net *"_s73", 0 0, L_0x1c6add0; 1 drivers
v0x1c4da60_0 .net *"_s75", 0 0, L_0x1c6ae70; 1 drivers
v0x1c4dcd0_0 .net *"_s78", 0 0, L_0x1c6acd0; 1 drivers
v0x1c4dbd0_0 .net *"_s8", 0 0, L_0x1c687c0; 1 drivers
v0x1c4de60_0 .net *"_s80", 0 0, L_0x1c6af60; 1 drivers
v0x1c4dd50_0 .net *"_s83", 0 0, L_0x1c6b310; 1 drivers
v0x1c4e000_0 .net *"_s85", 0 0, L_0x1c6b110; 1 drivers
v0x1c4dee0_0 .net *"_s88", 0 0, L_0x1c6b660; 1 drivers
v0x1c4df80_0 .net *"_s90", 0 0, L_0x1c683e0; 1 drivers
v0x1c4e1c0_0 .net *"_s93", 0 0, L_0x1c6bad0; 1 drivers
v0x1c4e240_0 .alias "cin", 0 0, v0x1c501b0_0;
v0x1c4e080_0 .alias "cout", 3 0, v0x1c50130_0;
v0x1c4e120_0 .alias "g", 3 0, v0x1c502e0_0;
v0x1c4e420_0 .alias "g_up", 0 0, v0x1c503a0_0;
v0x1c4e4a0_0 .alias "p", 3 0, v0x1c50420_0;
v0x1c4e2c0_0 .net "p0cin", 0 0, L_0x1c6a6e0; 1 drivers
v0x1c4e360_0 .net "p1g0", 0 0, L_0x1c6a7e0; 1 drivers
v0x1c4e6a0_0 .net "p1p0cin", 0 0, L_0x1c6aa00; 1 drivers
v0x1c4e720_0 .net "p2g1", 0 0, L_0x1c69ca0; 1 drivers
v0x1c4e540_0 .net "p2p1g0", 0 0, L_0x1c69ff0; 1 drivers
v0x1c4e5e0_0 .net "p2p1p0cin", 0 0, L_0x1c6a640; 1 drivers
v0x1c4e940_0 .net "p3g2", 0 0, L_0x1c68860; 1 drivers
v0x1c4e9c0_0 .net "p3p2g1", 0 0, L_0x1c68ae0; 1 drivers
v0x1c4e7c0_0 .net "p3p2p1g0", 0 0, L_0x1c68ea0; 1 drivers
v0x1c4e860_0 .net "p3p2p1p0cin", 0 0, L_0x1c68ff0; 1 drivers
v0x1c4ec00_0 .alias "p_up", 0 0, v0x1c50520_0;
L_0x1c684d0 .part RS_0x7f68ef0361d8, 0, 1;
L_0x1c68570 .part RS_0x7f68ef0361d8, 1, 1;
L_0x1c68610 .part RS_0x7f68ef0361d8, 2, 1;
L_0x1c687c0 .part RS_0x7f68ef0361d8, 3, 1;
L_0x1c688c0 .part RS_0x7f68ef0361d8, 3, 1;
L_0x1c689b0 .part RS_0x7f68ef036178, 2, 1;
L_0x1c68b80 .part RS_0x7f68ef0361d8, 3, 1;
L_0x1c68c70 .part RS_0x7f68ef0361d8, 2, 1;
L_0x1c68db0 .part RS_0x7f68ef036178, 1, 1;
L_0x1c68f00 .part RS_0x7f68ef0361d8, 3, 1;
L_0x1c69050 .part RS_0x7f68ef0361d8, 2, 1;
L_0x1c690f0 .part RS_0x7f68ef0361d8, 1, 1;
L_0x1c691e0 .part RS_0x7f68ef036178, 0, 1;
L_0x1c69470 .part RS_0x7f68ef0361d8, 3, 1;
L_0x1c686b0 .part RS_0x7f68ef0361d8, 2, 1;
L_0x1c69720 .part RS_0x7f68ef0361d8, 1, 1;
L_0x1c698a0 .part RS_0x7f68ef0361d8, 0, 1;
L_0x1c69bb0 .part RS_0x7f68ef036178, 3, 1;
L_0x1c69d40 .part/pv L_0x1c69810, 3, 1, 4;
L_0x1c69f00 .part RS_0x7f68ef036178, 3, 1;
L_0x1c6a0f0 .part RS_0x7f68ef0361d8, 2, 1;
L_0x1c6a1e0 .part RS_0x7f68ef036178, 1, 1;
L_0x1c6a390 .part RS_0x7f68ef0361d8, 2, 1;
L_0x1c6a430 .part RS_0x7f68ef0361d8, 1, 1;
L_0x1c6a2d0 .part RS_0x7f68ef036178, 0, 1;
L_0x1c6a740 .part RS_0x7f68ef0361d8, 2, 1;
L_0x1c6a520 .part RS_0x7f68ef0361d8, 1, 1;
L_0x1c6a910 .part RS_0x7f68ef0361d8, 0, 1;
L_0x1c6aaf0 .part RS_0x7f68ef0361d8, 1, 1;
L_0x1c6abe0 .part RS_0x7f68ef036178, 0, 1;
L_0x1c6add0 .part RS_0x7f68ef0361d8, 1, 1;
L_0x1c6ae70 .part RS_0x7f68ef0361d8, 0, 1;
L_0x1c6acd0 .part RS_0x7f68ef0361d8, 0, 1;
L_0x1c6b070 .part/pv L_0x1c6af60, 2, 1, 4;
L_0x1c6b310 .part RS_0x7f68ef036178, 2, 1;
L_0x1c6b400 .part/pv L_0x1c6b110, 1, 1, 4;
L_0x1c6b660 .part RS_0x7f68ef036178, 1, 1;
L_0x1c6b750 .part/pv L_0x1c683e0, 0, 1, 4;
L_0x1c6bad0 .part RS_0x7f68ef036178, 0, 1;
S_0x1c485f0 .scope module, "ad4" "adder4_cla" 2 88, 2 67, S_0x1c0a640;
 .timescale -9 -9;
v0x1c4bf90_0 .net "a", 3 0, L_0x1c72460; 1 drivers
v0x1c4c050_0 .net "b", 3 0, L_0x1c723a0; 1 drivers
RS_0x7f68ef0351e8 .resolv tri, L_0x1c70160, L_0x1c71490, L_0x1c71820, L_0x1c71b70;
v0x1c4c0f0_0 .net8 "carry", 3 0, RS_0x7f68ef0351e8; 4 drivers
v0x1c4c170_0 .net "cin", 0 0, L_0x1c725d0; 1 drivers
v0x1c4c220_0 .alias "co", 0 0, v0x1c59390_0;
RS_0x7f68ef035218 .resolv tri, L_0x1c6c790, L_0x1c6cf30, L_0x1c6d8d0, L_0x1c6e1e0;
v0x1c4c2a0_0 .net8 "g", 3 0, RS_0x7f68ef035218; 4 drivers
v0x1c4c360_0 .net "g_up", 0 0, L_0x1c6fdb0; 1 drivers
RS_0x7f68ef035278 .resolv tri, L_0x1c6c650, L_0x1c6ce00, L_0x1c6d7a0, L_0x1c6e050;
v0x1c4c3e0_0 .net8 "p", 3 0, RS_0x7f68ef035278; 4 drivers
v0x1c4c4e0_0 .net "p_up", 0 0, L_0x1c6e890; 1 drivers
v0x1c4c560_0 .net8 "s", 3 0, RS_0x7f68ef035998; 4 drivers
L_0x1c6c650 .part/pv L_0x1c6c2c0, 0, 1, 4;
L_0x1c6c790 .part/pv L_0x1c6c5b0, 0, 1, 4;
L_0x1c6c8d0 .part/pv L_0x1c6c020, 0, 1, 4;
L_0x1c6c9c0 .part L_0x1c72460, 0, 1;
L_0x1c6caf0 .part L_0x1c723a0, 0, 1;
L_0x1c6ce00 .part/pv L_0x1c6ccc0, 1, 1, 4;
L_0x1c6cf30 .part/pv L_0x1c6cd60, 1, 1, 4;
L_0x1c6d020 .part/pv L_0x1c6cc20, 1, 1, 4;
L_0x1c6d1b0 .part L_0x1c72460, 1, 1;
L_0x1c6d2e0 .part L_0x1c723a0, 1, 1;
L_0x1c6d470 .part RS_0x7f68ef0351e8, 0, 1;
L_0x1c6d7a0 .part/pv L_0x1c6d5c0, 2, 1, 4;
L_0x1c6d8d0 .part/pv L_0x1c6d700, 2, 1, 4;
L_0x1c6da00 .part/pv L_0x1c6d560, 2, 1, 4;
L_0x1c6daf0 .part L_0x1c72460, 2, 1;
L_0x1c6dc20 .part L_0x1c723a0, 2, 1;
L_0x1c6dde0 .part RS_0x7f68ef0351e8, 1, 1;
L_0x1c6e050 .part/pv L_0x1c6dec0, 3, 1, 4;
L_0x1c6e1e0 .part/pv L_0x1c6dfb0, 3, 1, 4;
L_0x1c6e280 .part/pv L_0x1c6d410, 3, 1, 4;
L_0x1c6e140 .part L_0x1c72460, 3, 1;
L_0x1c6e580 .part L_0x1c723a0, 3, 1;
L_0x1c6e3b0 .part RS_0x7f68ef0351e8, 2, 1;
L_0x1c6f6f0 .part RS_0x7f68ef0351e8, 3, 1;
S_0x1c4bab0 .scope module, "add0" "pfa" 2 71, 2 30, S_0x1c485f0;
 .timescale -9 -9;
L_0x1c6c020/d .functor XOR 1, L_0x1c6c9c0, L_0x1c6caf0, L_0x1c725d0, C4<0>;
L_0x1c6c020 .delay (1,1,1) L_0x1c6c020/d;
L_0x1c6c2c0/d .functor XOR 1, L_0x1c6c9c0, L_0x1c6caf0, C4<0>, C4<0>;
L_0x1c6c2c0 .delay (1,1,1) L_0x1c6c2c0/d;
L_0x1c6c5b0/d .functor AND 1, L_0x1c6c9c0, L_0x1c6caf0, C4<1>, C4<1>;
L_0x1c6c5b0 .delay (1,1,1) L_0x1c6c5b0/d;
v0x1c4bba0_0 .net "a", 0 0, L_0x1c6c9c0; 1 drivers
v0x1c4bc60_0 .net "b", 0 0, L_0x1c6caf0; 1 drivers
v0x1c4bd00_0 .alias "cin", 0 0, v0x1c4c170_0;
v0x1c4bd80_0 .net "g", 0 0, L_0x1c6c5b0; 1 drivers
v0x1c4be30_0 .net "p", 0 0, L_0x1c6c2c0; 1 drivers
v0x1c4beb0_0 .net "s", 0 0, L_0x1c6c020; 1 drivers
S_0x1c4b5c0 .scope module, "add1" "pfa" 2 72, 2 30, S_0x1c485f0;
 .timescale -9 -9;
L_0x1c6cc20/d .functor XOR 1, L_0x1c6d1b0, L_0x1c6d2e0, L_0x1c6d470, C4<0>;
L_0x1c6cc20 .delay (1,1,1) L_0x1c6cc20/d;
L_0x1c6ccc0/d .functor XOR 1, L_0x1c6d1b0, L_0x1c6d2e0, C4<0>, C4<0>;
L_0x1c6ccc0 .delay (1,1,1) L_0x1c6ccc0/d;
L_0x1c6cd60/d .functor AND 1, L_0x1c6d1b0, L_0x1c6d2e0, C4<1>, C4<1>;
L_0x1c6cd60 .delay (1,1,1) L_0x1c6cd60/d;
v0x1c4b6b0_0 .net "a", 0 0, L_0x1c6d1b0; 1 drivers
v0x1c4b770_0 .net "b", 0 0, L_0x1c6d2e0; 1 drivers
v0x1c4b810_0 .net "cin", 0 0, L_0x1c6d470; 1 drivers
v0x1c4b8b0_0 .net "g", 0 0, L_0x1c6cd60; 1 drivers
v0x1c4b930_0 .net "p", 0 0, L_0x1c6ccc0; 1 drivers
v0x1c4b9d0_0 .net "s", 0 0, L_0x1c6cc20; 1 drivers
S_0x1c4b0d0 .scope module, "add2" "pfa" 2 73, 2 30, S_0x1c485f0;
 .timescale -9 -9;
L_0x1c6d560/d .functor XOR 1, L_0x1c6daf0, L_0x1c6dc20, L_0x1c6dde0, C4<0>;
L_0x1c6d560 .delay (1,1,1) L_0x1c6d560/d;
L_0x1c6d5c0/d .functor XOR 1, L_0x1c6daf0, L_0x1c6dc20, C4<0>, C4<0>;
L_0x1c6d5c0 .delay (1,1,1) L_0x1c6d5c0/d;
L_0x1c6d700/d .functor AND 1, L_0x1c6daf0, L_0x1c6dc20, C4<1>, C4<1>;
L_0x1c6d700 .delay (1,1,1) L_0x1c6d700/d;
v0x1c4b1c0_0 .net "a", 0 0, L_0x1c6daf0; 1 drivers
v0x1c4b280_0 .net "b", 0 0, L_0x1c6dc20; 1 drivers
v0x1c4b320_0 .net "cin", 0 0, L_0x1c6dde0; 1 drivers
v0x1c4b3c0_0 .net "g", 0 0, L_0x1c6d700; 1 drivers
v0x1c4b440_0 .net "p", 0 0, L_0x1c6d5c0; 1 drivers
v0x1c4b4e0_0 .net "s", 0 0, L_0x1c6d560; 1 drivers
S_0x1c4ac40 .scope module, "add3" "pfa" 2 74, 2 30, S_0x1c485f0;
 .timescale -9 -9;
L_0x1c6d410/d .functor XOR 1, L_0x1c6e140, L_0x1c6e580, L_0x1c6e3b0, C4<0>;
L_0x1c6d410 .delay (1,1,1) L_0x1c6d410/d;
L_0x1c6dec0/d .functor XOR 1, L_0x1c6e140, L_0x1c6e580, C4<0>, C4<0>;
L_0x1c6dec0 .delay (1,1,1) L_0x1c6dec0/d;
L_0x1c6dfb0/d .functor AND 1, L_0x1c6e140, L_0x1c6e580, C4<1>, C4<1>;
L_0x1c6dfb0 .delay (1,1,1) L_0x1c6dfb0/d;
v0x1c4ad30_0 .net "a", 0 0, L_0x1c6e140; 1 drivers
v0x1c4add0_0 .net "b", 0 0, L_0x1c6e580; 1 drivers
v0x1c4ae70_0 .net "cin", 0 0, L_0x1c6e3b0; 1 drivers
v0x1c4af10_0 .net "g", 0 0, L_0x1c6dfb0; 1 drivers
v0x1c4af90_0 .net "p", 0 0, L_0x1c6dec0; 1 drivers
v0x1c4b030_0 .net "s", 0 0, L_0x1c6d410; 1 drivers
S_0x1c486e0 .scope module, "localcla" "cla" 2 75, 2 37, S_0x1c485f0;
 .timescale -9 -9;
L_0x1c6e890/d .functor AND 1, L_0x1c6e8f0, L_0x1c6e990, L_0x1c6ea30, L_0x1c6ebe0;
L_0x1c6e890 .delay (1,1,1) L_0x1c6e890/d;
L_0x1c6ec80/d .functor AND 1, L_0x1c6ece0, L_0x1c6edd0, C4<1>, C4<1>;
L_0x1c6ec80 .delay (1,1,1) L_0x1c6ec80/d;
L_0x1c6ef00/d .functor AND 1, L_0x1c6efa0, L_0x1c6f090, L_0x1c6f1d0, C4<1>;
L_0x1c6ef00 .delay (1,1,1) L_0x1c6ef00/d;
L_0x1c6f2c0/d .functor AND 1, L_0x1c6f320, L_0x1c6f470, L_0x1c6f510, L_0x1c6f600;
L_0x1c6f2c0 .delay (1,1,1) L_0x1c6f2c0/d;
L_0x1c6f410/0/0 .functor AND 1, L_0x1c6f890, L_0x1c6ead0, L_0x1c6fb40, L_0x1c6fcc0;
L_0x1c6f410/0/4 .functor AND 1, L_0x1c725d0, C4<1>, C4<1>, C4<1>;
L_0x1c6f410/d .functor AND 1, L_0x1c6f410/0/0, L_0x1c6f410/0/4, C4<1>, C4<1>;
L_0x1c6f410 .delay (1,1,1) L_0x1c6f410/d;
L_0x1c6fdb0/d .functor OR 1, L_0x1c6ffd0, L_0x1c6ec80, L_0x1c6ef00, L_0x1c6f2c0;
L_0x1c6fdb0 .delay (1,1,1) L_0x1c6fdb0/d;
L_0x1c6fc30/0/0 .functor OR 1, L_0x1c70320, L_0x1c6ec80, L_0x1c6ef00, L_0x1c6f2c0;
L_0x1c6fc30/0/4 .functor OR 1, L_0x1c6f410, C4<0>, C4<0>, C4<0>;
L_0x1c6fc30/d .functor OR 1, L_0x1c6fc30/0/0, L_0x1c6fc30/0/4, C4<0>, C4<0>;
L_0x1c6fc30 .delay (1,1,1) L_0x1c6fc30/d;
L_0x1c700c0/d .functor AND 1, L_0x1c70510, L_0x1c70600, C4<1>, C4<1>;
L_0x1c700c0 .delay (1,1,1) L_0x1c700c0/d;
L_0x1c70410/d .functor AND 1, L_0x1c707b0, L_0x1c70850, L_0x1c706f0, C4<1>;
L_0x1c70410 .delay (1,1,1) L_0x1c70410/d;
L_0x1c70a60/d .functor AND 1, L_0x1c70b60, L_0x1c70940, L_0x1c70d30, L_0x1c725d0;
L_0x1c70a60 .delay (1,1,1) L_0x1c70a60/d;
L_0x1c70c00/d .functor AND 1, L_0x1c70f10, L_0x1c71000, C4<1>, C4<1>;
L_0x1c70c00 .delay (1,1,1) L_0x1c70c00/d;
L_0x1c70e20/d .functor AND 1, L_0x1c711f0, L_0x1c71290, L_0x1c725d0, C4<1>;
L_0x1c70e20 .delay (1,1,1) L_0x1c70e20/d;
L_0x1c70b00/d .functor AND 1, L_0x1c710f0, L_0x1c725d0, C4<1>, C4<1>;
L_0x1c70b00 .delay (1,1,1) L_0x1c70b00/d;
L_0x1c71380/d .functor OR 1, L_0x1c71730, L_0x1c700c0, L_0x1c70410, L_0x1c70a60;
L_0x1c71380 .delay (1,1,1) L_0x1c71380/d;
L_0x1c71530/d .functor OR 1, L_0x1c71a80, L_0x1c70c00, L_0x1c70e20, C4<0>;
L_0x1c71530 .delay (1,1,1) L_0x1c71530/d;
L_0x1c6e800/d .functor OR 1, L_0x1c71ef0, L_0x1c70b00, C4<0>, C4<0>;
L_0x1c6e800 .delay (1,1,1) L_0x1c6e800/d;
v0x1c487d0_0 .net *"_s11", 0 0, L_0x1c6ece0; 1 drivers
v0x1c48870_0 .net *"_s13", 0 0, L_0x1c6edd0; 1 drivers
v0x1c48910_0 .net *"_s16", 0 0, L_0x1c6efa0; 1 drivers
v0x1c489b0_0 .net *"_s18", 0 0, L_0x1c6f090; 1 drivers
v0x1c48a30_0 .net *"_s2", 0 0, L_0x1c6e8f0; 1 drivers
v0x1c48ad0_0 .net *"_s20", 0 0, L_0x1c6f1d0; 1 drivers
v0x1c48b70_0 .net *"_s23", 0 0, L_0x1c6f320; 1 drivers
v0x1c48c10_0 .net *"_s25", 0 0, L_0x1c6f470; 1 drivers
v0x1c48cb0_0 .net *"_s27", 0 0, L_0x1c6f510; 1 drivers
v0x1c48d50_0 .net *"_s29", 0 0, L_0x1c6f600; 1 drivers
v0x1c48df0_0 .net *"_s32", 0 0, L_0x1c6f890; 1 drivers
v0x1c48e90_0 .net *"_s34", 0 0, L_0x1c6ead0; 1 drivers
v0x1c48f30_0 .net *"_s36", 0 0, L_0x1c6fb40; 1 drivers
v0x1c48fd0_0 .net *"_s38", 0 0, L_0x1c6fcc0; 1 drivers
v0x1c490f0_0 .net *"_s4", 0 0, L_0x1c6e990; 1 drivers
v0x1c49190_0 .net *"_s41", 0 0, L_0x1c6ffd0; 1 drivers
v0x1c49050_0 .net *"_s43", 0 0, L_0x1c6fc30; 1 drivers
v0x1c492e0_0 .net *"_s46", 0 0, L_0x1c70320; 1 drivers
v0x1c49400_0 .net *"_s49", 0 0, L_0x1c70510; 1 drivers
v0x1c49480_0 .net *"_s51", 0 0, L_0x1c70600; 1 drivers
v0x1c49360_0 .net *"_s54", 0 0, L_0x1c707b0; 1 drivers
v0x1c495b0_0 .net *"_s56", 0 0, L_0x1c70850; 1 drivers
v0x1c49500_0 .net *"_s58", 0 0, L_0x1c706f0; 1 drivers
v0x1c496f0_0 .net *"_s6", 0 0, L_0x1c6ea30; 1 drivers
v0x1c49650_0 .net *"_s61", 0 0, L_0x1c70b60; 1 drivers
v0x1c49840_0 .net *"_s63", 0 0, L_0x1c70940; 1 drivers
v0x1c49790_0 .net *"_s65", 0 0, L_0x1c70d30; 1 drivers
v0x1c499a0_0 .net *"_s68", 0 0, L_0x1c70f10; 1 drivers
v0x1c498e0_0 .net *"_s70", 0 0, L_0x1c71000; 1 drivers
v0x1c49b10_0 .net *"_s73", 0 0, L_0x1c711f0; 1 drivers
v0x1c49a20_0 .net *"_s75", 0 0, L_0x1c71290; 1 drivers
v0x1c49c90_0 .net *"_s78", 0 0, L_0x1c710f0; 1 drivers
v0x1c49b90_0 .net *"_s8", 0 0, L_0x1c6ebe0; 1 drivers
v0x1c49e20_0 .net *"_s80", 0 0, L_0x1c71380; 1 drivers
v0x1c49d10_0 .net *"_s83", 0 0, L_0x1c71730; 1 drivers
v0x1c49fc0_0 .net *"_s85", 0 0, L_0x1c71530; 1 drivers
v0x1c49ea0_0 .net *"_s88", 0 0, L_0x1c71a80; 1 drivers
v0x1c49f40_0 .net *"_s90", 0 0, L_0x1c6e800; 1 drivers
v0x1c4a180_0 .net *"_s93", 0 0, L_0x1c71ef0; 1 drivers
v0x1c4a200_0 .alias "cin", 0 0, v0x1c4c170_0;
v0x1c4a040_0 .alias "cout", 3 0, v0x1c4c0f0_0;
v0x1c4a0e0_0 .alias "g", 3 0, v0x1c4c2a0_0;
v0x1c4a3e0_0 .alias "g_up", 0 0, v0x1c4c360_0;
v0x1c4a460_0 .alias "p", 3 0, v0x1c4c3e0_0;
v0x1c4a280_0 .net "p0cin", 0 0, L_0x1c70b00; 1 drivers
v0x1c4a320_0 .net "p1g0", 0 0, L_0x1c70c00; 1 drivers
v0x1c4a660_0 .net "p1p0cin", 0 0, L_0x1c70e20; 1 drivers
v0x1c4a6e0_0 .net "p2g1", 0 0, L_0x1c700c0; 1 drivers
v0x1c4a500_0 .net "p2p1g0", 0 0, L_0x1c70410; 1 drivers
v0x1c4a5a0_0 .net "p2p1p0cin", 0 0, L_0x1c70a60; 1 drivers
v0x1c4a900_0 .net "p3g2", 0 0, L_0x1c6ec80; 1 drivers
v0x1c4a980_0 .net "p3p2g1", 0 0, L_0x1c6ef00; 1 drivers
v0x1c4a780_0 .net "p3p2p1g0", 0 0, L_0x1c6f2c0; 1 drivers
v0x1c4a820_0 .net "p3p2p1p0cin", 0 0, L_0x1c6f410; 1 drivers
v0x1c4abc0_0 .alias "p_up", 0 0, v0x1c4c4e0_0;
L_0x1c6e8f0 .part RS_0x7f68ef035278, 0, 1;
L_0x1c6e990 .part RS_0x7f68ef035278, 1, 1;
L_0x1c6ea30 .part RS_0x7f68ef035278, 2, 1;
L_0x1c6ebe0 .part RS_0x7f68ef035278, 3, 1;
L_0x1c6ece0 .part RS_0x7f68ef035278, 3, 1;
L_0x1c6edd0 .part RS_0x7f68ef035218, 2, 1;
L_0x1c6efa0 .part RS_0x7f68ef035278, 3, 1;
L_0x1c6f090 .part RS_0x7f68ef035278, 2, 1;
L_0x1c6f1d0 .part RS_0x7f68ef035218, 1, 1;
L_0x1c6f320 .part RS_0x7f68ef035278, 3, 1;
L_0x1c6f470 .part RS_0x7f68ef035278, 2, 1;
L_0x1c6f510 .part RS_0x7f68ef035278, 1, 1;
L_0x1c6f600 .part RS_0x7f68ef035218, 0, 1;
L_0x1c6f890 .part RS_0x7f68ef035278, 3, 1;
L_0x1c6ead0 .part RS_0x7f68ef035278, 2, 1;
L_0x1c6fb40 .part RS_0x7f68ef035278, 1, 1;
L_0x1c6fcc0 .part RS_0x7f68ef035278, 0, 1;
L_0x1c6ffd0 .part RS_0x7f68ef035218, 3, 1;
L_0x1c70160 .part/pv L_0x1c6fc30, 3, 1, 4;
L_0x1c70320 .part RS_0x7f68ef035218, 3, 1;
L_0x1c70510 .part RS_0x7f68ef035278, 2, 1;
L_0x1c70600 .part RS_0x7f68ef035218, 1, 1;
L_0x1c707b0 .part RS_0x7f68ef035278, 2, 1;
L_0x1c70850 .part RS_0x7f68ef035278, 1, 1;
L_0x1c706f0 .part RS_0x7f68ef035218, 0, 1;
L_0x1c70b60 .part RS_0x7f68ef035278, 2, 1;
L_0x1c70940 .part RS_0x7f68ef035278, 1, 1;
L_0x1c70d30 .part RS_0x7f68ef035278, 0, 1;
L_0x1c70f10 .part RS_0x7f68ef035278, 1, 1;
L_0x1c71000 .part RS_0x7f68ef035218, 0, 1;
L_0x1c711f0 .part RS_0x7f68ef035278, 1, 1;
L_0x1c71290 .part RS_0x7f68ef035278, 0, 1;
L_0x1c710f0 .part RS_0x7f68ef035278, 0, 1;
L_0x1c71490 .part/pv L_0x1c71380, 2, 1, 4;
L_0x1c71730 .part RS_0x7f68ef035218, 2, 1;
L_0x1c71820 .part/pv L_0x1c71530, 1, 1, 4;
L_0x1c71a80 .part RS_0x7f68ef035218, 1, 1;
L_0x1c71b70 .part/pv L_0x1c6e800, 0, 1, 4;
L_0x1c71ef0 .part RS_0x7f68ef035218, 0, 1;
S_0x1c0edf0 .scope module, "localcla" "cla" 2 91, 2 37, S_0x1c0a640;
 .timescale -9 -9;
L_0x1c72500/d .functor AND 1, L_0x1c72780, L_0x1c72820, L_0x1c72910, L_0x1c72b10;
L_0x1c72500 .delay (1,1,1) L_0x1c72500/d;
L_0x1c72bb0/d .functor AND 1, L_0x1c72c10, L_0x1c72d00, C4<1>, C4<1>;
L_0x1c72bb0 .delay (1,1,1) L_0x1c72bb0/d;
L_0x1c72e30/d .functor AND 1, L_0x1c72ed0, L_0x1c72fc0, L_0x1c73100, C4<1>;
L_0x1c72e30 .delay (1,1,1) L_0x1c72e30/d;
L_0x1c731f0/d .functor AND 1, L_0x1c73250, L_0x1c733a0, L_0x1c73440, L_0x1c73530;
L_0x1c731f0 .delay (1,1,1) L_0x1c731f0/d;
L_0x1c73340/0/0 .functor AND 1, L_0x1c73730, L_0x1c72a00, L_0x1c73a30, L_0x1c73bb0;
L_0x1c73340/0/4 .functor AND 1, v0x1c58fe0_0, C4<1>, C4<1>, C4<1>;
L_0x1c73340/d .functor AND 1, L_0x1c73340/0/0, L_0x1c73340/0/4, C4<1>, C4<1>;
L_0x1c73340 .delay (1,1,1) L_0x1c73340/d;
L_0x1c73ca0/d .functor OR 1, L_0x1c73e70, L_0x1c72bb0, L_0x1c72e30, L_0x1c731f0;
L_0x1c73ca0 .delay (1,1,1) L_0x1c73ca0/d;
L_0x1c73b20/0/0 .functor OR 1, L_0x1c74240, L_0x1c72bb0, L_0x1c72e30, L_0x1c731f0;
L_0x1c73b20/0/4 .functor OR 1, L_0x1c73340, C4<0>, C4<0>, C4<0>;
L_0x1c73b20/d .functor OR 1, L_0x1c73b20/0/0, L_0x1c73b20/0/4, C4<0>, C4<0>;
L_0x1c73b20 .delay (1,1,1) L_0x1c73b20/d;
L_0x1c73f60/d .functor AND 1, L_0x1c74430, L_0x1c74520, C4<1>, C4<1>;
L_0x1c73f60 .delay (1,1,1) L_0x1c73f60/d;
L_0x1c74330/d .functor AND 1, L_0x1c746d0, L_0x1c74770, L_0x1c74610, C4<1>;
L_0x1c74330 .delay (1,1,1) L_0x1c74330/d;
L_0x1c74980/d .functor AND 1, L_0x1c74a80, L_0x1c74860, L_0x1c74c50, v0x1c58fe0_0;
L_0x1c74980 .delay (1,1,1) L_0x1c74980/d;
L_0x1c74b20/d .functor AND 1, L_0x1c74e30, L_0x1c74f20, C4<1>, C4<1>;
L_0x1c74b20 .delay (1,1,1) L_0x1c74b20/d;
L_0x1c74d40/d .functor AND 1, L_0x1c75110, L_0x1c751b0, v0x1c58fe0_0, C4<1>;
L_0x1c74d40 .delay (1,1,1) L_0x1c74d40/d;
L_0x1c74a20/d .functor AND 1, L_0x1c75010, v0x1c58fe0_0, C4<1>, C4<1>;
L_0x1c74a20 .delay (1,1,1) L_0x1c74a20/d;
L_0x1c752a0/d .functor OR 1, L_0x1c75650, L_0x1c73f60, L_0x1c74330, L_0x1c74980;
L_0x1c752a0 .delay (1,1,1) L_0x1c752a0/d;
L_0x1c75450/d .functor OR 1, L_0x1c759a0, L_0x1c74b20, L_0x1c74d40, C4<0>;
L_0x1c75450 .delay (1,1,1) L_0x1c75450/d;
L_0x1c757e0/d .functor OR 1, L_0x1c75d40, L_0x1c74a20, C4<0>, C4<0>;
L_0x1c757e0 .delay (1,1,1) L_0x1c757e0/d;
v0x1bc45c0_0 .net *"_s11", 0 0, L_0x1c72c10; 1 drivers
v0x1c46090_0 .net *"_s13", 0 0, L_0x1c72d00; 1 drivers
v0x1c46130_0 .net *"_s16", 0 0, L_0x1c72ed0; 1 drivers
v0x1c461d0_0 .net *"_s18", 0 0, L_0x1c72fc0; 1 drivers
v0x1c46280_0 .net *"_s2", 0 0, L_0x1c72780; 1 drivers
v0x1c46320_0 .net *"_s20", 0 0, L_0x1c73100; 1 drivers
v0x1c46400_0 .net *"_s23", 0 0, L_0x1c73250; 1 drivers
v0x1c464a0_0 .net *"_s25", 0 0, L_0x1c733a0; 1 drivers
v0x1c46590_0 .net *"_s27", 0 0, L_0x1c73440; 1 drivers
v0x1c46630_0 .net *"_s29", 0 0, L_0x1c73530; 1 drivers
v0x1c46730_0 .net *"_s32", 0 0, L_0x1c73730; 1 drivers
v0x1c467d0_0 .net *"_s34", 0 0, L_0x1c72a00; 1 drivers
v0x1c468e0_0 .net *"_s36", 0 0, L_0x1c73a30; 1 drivers
v0x1c46980_0 .net *"_s38", 0 0, L_0x1c73bb0; 1 drivers
v0x1c46aa0_0 .net *"_s4", 0 0, L_0x1c72820; 1 drivers
v0x1c46b40_0 .net *"_s41", 0 0, L_0x1c73e70; 1 drivers
v0x1c46a00_0 .net *"_s43", 0 0, L_0x1c73b20; 1 drivers
v0x1c46c90_0 .net *"_s46", 0 0, L_0x1c74240; 1 drivers
v0x1c46db0_0 .net *"_s49", 0 0, L_0x1c74430; 1 drivers
v0x1c46e30_0 .net *"_s51", 0 0, L_0x1c74520; 1 drivers
v0x1c46d10_0 .net *"_s54", 0 0, L_0x1c746d0; 1 drivers
v0x1c46f60_0 .net *"_s56", 0 0, L_0x1c74770; 1 drivers
v0x1c46eb0_0 .net *"_s58", 0 0, L_0x1c74610; 1 drivers
v0x1c470a0_0 .net *"_s6", 0 0, L_0x1c72910; 1 drivers
v0x1c47000_0 .net *"_s61", 0 0, L_0x1c74a80; 1 drivers
v0x1c471f0_0 .net *"_s63", 0 0, L_0x1c74860; 1 drivers
v0x1c47140_0 .net *"_s65", 0 0, L_0x1c74c50; 1 drivers
v0x1c47350_0 .net *"_s68", 0 0, L_0x1c74e30; 1 drivers
v0x1c47290_0 .net *"_s70", 0 0, L_0x1c74f20; 1 drivers
v0x1c474c0_0 .net *"_s73", 0 0, L_0x1c75110; 1 drivers
v0x1c473d0_0 .net *"_s75", 0 0, L_0x1c751b0; 1 drivers
v0x1c47640_0 .net *"_s78", 0 0, L_0x1c75010; 1 drivers
v0x1c47540_0 .net *"_s8", 0 0, L_0x1c72b10; 1 drivers
v0x1c477d0_0 .net *"_s80", 0 0, L_0x1c752a0; 1 drivers
v0x1c476c0_0 .net *"_s83", 0 0, L_0x1c75650; 1 drivers
v0x1c47970_0 .net *"_s85", 0 0, L_0x1c75450; 1 drivers
v0x1c47850_0 .net *"_s88", 0 0, L_0x1c759a0; 1 drivers
v0x1c478f0_0 .net *"_s90", 0 0, L_0x1c757e0; 1 drivers
v0x1c47b30_0 .net *"_s93", 0 0, L_0x1c75d40; 1 drivers
v0x1c47bb0_0 .alias "cin", 0 0, v0x1c59310_0;
v0x1c479f0_0 .alias "cout", 3 0, v0x1c587b0_0;
v0x1c47a90_0 .alias "g", 3 0, v0x1c58a50_0;
v0x1c47d90_0 .alias "g_up", 0 0, v0x1c59410_0;
v0x1c47e10_0 .alias "p", 3 0, v0x1c58b80_0;
v0x1c47c30_0 .net "p0cin", 0 0, L_0x1c74a20; 1 drivers
v0x1c47cd0_0 .net "p1g0", 0 0, L_0x1c74b20; 1 drivers
v0x1c48010_0 .net "p1p0cin", 0 0, L_0x1c74d40; 1 drivers
v0x1c48090_0 .net "p2g1", 0 0, L_0x1c73f60; 1 drivers
v0x1c47eb0_0 .net "p2p1g0", 0 0, L_0x1c74330; 1 drivers
v0x1c47f50_0 .net "p2p1p0cin", 0 0, L_0x1c74980; 1 drivers
v0x1c482b0_0 .net "p3g2", 0 0, L_0x1c72bb0; 1 drivers
v0x1c48330_0 .net "p3p2g1", 0 0, L_0x1c72e30; 1 drivers
v0x1c48130_0 .net "p3p2p1g0", 0 0, L_0x1c731f0; 1 drivers
v0x1c481d0_0 .net "p3p2p1p0cin", 0 0, L_0x1c73340; 1 drivers
v0x1c48570_0 .alias "p_up", 0 0, v0x1c594e0_0;
L_0x1c72780 .part RS_0x7f68ef034828, 0, 1;
L_0x1c72820 .part RS_0x7f68ef034828, 1, 1;
L_0x1c72910 .part RS_0x7f68ef034828, 2, 1;
L_0x1c72b10 .part RS_0x7f68ef034828, 3, 1;
L_0x1c72c10 .part RS_0x7f68ef034828, 3, 1;
L_0x1c72d00 .part RS_0x7f68ef0347c8, 2, 1;
L_0x1c72ed0 .part RS_0x7f68ef034828, 3, 1;
L_0x1c72fc0 .part RS_0x7f68ef034828, 2, 1;
L_0x1c73100 .part RS_0x7f68ef0347c8, 1, 1;
L_0x1c73250 .part RS_0x7f68ef034828, 3, 1;
L_0x1c733a0 .part RS_0x7f68ef034828, 2, 1;
L_0x1c73440 .part RS_0x7f68ef034828, 1, 1;
L_0x1c73530 .part RS_0x7f68ef0347c8, 0, 1;
L_0x1c73730 .part RS_0x7f68ef034828, 3, 1;
L_0x1c72a00 .part RS_0x7f68ef034828, 2, 1;
L_0x1c73a30 .part RS_0x7f68ef034828, 1, 1;
L_0x1c73bb0 .part RS_0x7f68ef034828, 0, 1;
L_0x1c73e70 .part RS_0x7f68ef0347c8, 3, 1;
L_0x1c74000 .part/pv L_0x1c73b20, 3, 1, 4;
L_0x1c74240 .part RS_0x7f68ef0347c8, 3, 1;
L_0x1c74430 .part RS_0x7f68ef034828, 2, 1;
L_0x1c74520 .part RS_0x7f68ef0347c8, 1, 1;
L_0x1c746d0 .part RS_0x7f68ef034828, 2, 1;
L_0x1c74770 .part RS_0x7f68ef034828, 1, 1;
L_0x1c74610 .part RS_0x7f68ef0347c8, 0, 1;
L_0x1c74a80 .part RS_0x7f68ef034828, 2, 1;
L_0x1c74860 .part RS_0x7f68ef034828, 1, 1;
L_0x1c74c50 .part RS_0x7f68ef034828, 0, 1;
L_0x1c74e30 .part RS_0x7f68ef034828, 1, 1;
L_0x1c74f20 .part RS_0x7f68ef0347c8, 0, 1;
L_0x1c75110 .part RS_0x7f68ef034828, 1, 1;
L_0x1c751b0 .part RS_0x7f68ef034828, 0, 1;
L_0x1c75010 .part RS_0x7f68ef034828, 0, 1;
L_0x1c753b0 .part/pv L_0x1c752a0, 2, 1, 4;
L_0x1c75650 .part RS_0x7f68ef0347c8, 2, 1;
L_0x1c75740 .part/pv L_0x1c75450, 1, 1, 4;
L_0x1c759a0 .part RS_0x7f68ef0347c8, 1, 1;
L_0x1c75a90 .part/pv L_0x1c757e0, 0, 1, 4;
L_0x1c75d40 .part RS_0x7f68ef0347c8, 0, 1;
    .scope S_0x1c58d90;
T_0 ;
    %vpi_call 2 21 "$monitor", $time, " ", "a=%d, b=%d, cin=%b, s=%d,co=%b", v0x1c58e80_0, v0x1c58f30_0, v0x1c58fe0_0, v0x1c59290_0, v0x1c59060_0;
    %vpi_call 2 22 "$display", $time, " ", "a=%d, b=%d, cin=%b, s=%d,co=%b", v0x1c58e80_0, v0x1c58f30_0, v0x1c58fe0_0, v0x1c59290_0, v0x1c59060_0;
    %set/v v0x1c59190_0, 0, 32;
T_0.0 ;
    %load/v 8, v0x1c59190_0, 32;
   %cmpi/s 8, 5000, 32;
    %jmp/0xz T_0.1, 5;
    %delay 70, 0;
    %vpi_func 2 25 "$random", 8, 32;
    %set/v v0x1c58e80_0, 8, 16;
    %vpi_func 2 25 "$random", 8, 32;
    %set/v v0x1c58f30_0, 8, 16;
    %vpi_func 2 25 "$random", 8, 32;
    %set/v v0x1c58fe0_0, 8, 1;
    %ix/load 0, 1, 0;
    %load/vp0/s 8, v0x1c59190_0, 32;
    %set/v v0x1c59190_0, 8, 32;
    %jmp T_0.0;
T_0.1 ;
    %end;
    .thread T_0;
# The file index is used to find the file name in the following table.
:file_names 3;
    "N/A";
    "<interactive>";
    "cla_unit.v";
