#! /util/verilog-0.9.7/bin/vvp
:ivl_version "0.9.7 " "(v0_9_7)";
:vpi_time_precision - 9;
:vpi_module "system";
:vpi_module "v2005_math";
:vpi_module "va_math";
S_0xf47030 .scope module, "testbench" "testbench" 2 2;
 .timescale -9 -9;
v0xf872f0_0 .net "cin", 0 0, v0xf86fc0_0; 1 drivers
v0xf87370_0 .net "co", 0 0, L_0xf9d6d0; 1 drivers
v0xf873f0_0 .net "g", 0 0, L_0xfa1c80; 1 drivers
v0xf874c0_0 .net "p", 0 0, L_0xfa04e0; 1 drivers
RS_0x7f8fccd0f818 .resolv tri, L_0xf8d8b0, L_0xf93a20, L_0xf99e30, L_0xf9c720;
v0xf87590_0 .net8 "s", 15 0, RS_0x7f8fccd0f818; 4 drivers
v0xf87660_0 .net "x", 15 0, v0xf86e60_0; 1 drivers
v0xf87730_0 .net "y", 15 0, v0xf86f10_0; 1 drivers
S_0xf86d70 .scope module, "test" "testPfa" 2 7, 2 11, S_0xf47030;
 .timescale -9 -9;
v0xf86e60_0 .var "a", 15 0;
v0xf86f10_0 .var "b", 15 0;
v0xf86fc0_0 .var "cin", 0 0;
v0xf87040_0 .alias "co", 0 0, v0xf87370_0;
v0xf870f0_0 .net "g", 15 0, C4<zzzzzzzzzzzzzzzz>; 0 drivers
v0xf87170_0 .var/i "i", 31 0;
v0xf871f0_0 .net "p", 15 0, C4<zzzzzzzzzzzzzzzz>; 0 drivers
v0xf87270_0 .alias "s", 15 0, v0xf87590_0;
S_0xf38620 .scope module, "pfa1" "adder16" 2 8, 2 79, S_0xf47030;
 .timescale -9 -9;
v0xf86690_0 .alias "a", 15 0, v0xf87660_0;
v0xf86710_0 .alias "b", 15 0, v0xf87730_0;
RS_0x7f8fccd0b798/0/0 .resolv tri, L_0xf89c80, L_0xf90020, L_0xf96300, L_0xfa1fe0;
RS_0x7f8fccd0b798/0/4 .resolv tri, L_0xfa3390, L_0xfa3720, L_0xfa3a70, C4<zzzz>;
RS_0x7f8fccd0b798 .resolv tri, RS_0x7f8fccd0b798/0/0, RS_0x7f8fccd0b798/0/4, C4<zzzz>, C4<zzzz>;
v0xf86790_0 .net8 "c", 3 0, RS_0x7f8fccd0b798; 7 drivers
v0xf86840_0 .alias "cin", 0 0, v0xf872f0_0;
v0xf86980_0 .alias "co", 0 0, v0xf87370_0;
RS_0x7f8fccd0b7c8 .resolv tri, L_0xf8da40, L_0xf93bf0, L_0xf9a090, L_0xf973a0;
v0xf86a30_0 .net8 "g", 3 0, RS_0x7f8fccd0b7c8; 4 drivers
v0xf86ab0_0 .alias "g_up", 0 0, v0xf873f0_0;
RS_0x7f8fccd0b828 .resolv tri, L_0xf8d950, L_0xf93b50, L_0xf99ed0, L_0xfa02e0;
v0xf86b60_0 .net8 "p", 3 0, RS_0x7f8fccd0b828; 4 drivers
v0xf86c10_0 .alias "p_up", 0 0, v0xf874c0_0;
v0xf86c90_0 .alias "s", 15 0, v0xf87590_0;
L_0xf89c80 .part/pv L_0xf8ac60, 0, 1, 4;
RS_0x7f8fccd0f788 .resolv tri, L_0xf87d00, L_0xf884e0, L_0xf88ec0, L_0xf897c0;
L_0xf8d8b0 .part/pv RS_0x7f8fccd0f788, 0, 4, 16;
L_0xf8d950 .part/pv L_0xf89dd0, 0, 1, 4;
L_0xf8da40 .part/pv L_0xf8b3a0, 0, 1, 4;
L_0xf8db30 .part v0xf86e60_0, 0, 4;
L_0xf8dbd0 .part v0xf86f10_0, 0, 4;
L_0xf90020 .part/pv L_0xf90fd0, 1, 1, 4;
RS_0x7f8fccd0e858 .resolv tri, L_0xf8e1b0, L_0xf8e900, L_0xf8f2e0, L_0xf8fb60;
L_0xf93a20 .part/pv RS_0x7f8fccd0e858, 4, 4, 16;
L_0xf93b50 .part/pv L_0xf90170, 1, 1, 4;
L_0xf93bf0 .part/pv L_0xf91560, 1, 1, 4;
L_0xf93cf0 .part v0xf86e60_0, 4, 4;
L_0xf93e20 .part v0xf86f10_0, 4, 4;
L_0xf93f50 .part RS_0x7f8fccd0b798, 0, 1;
L_0xf96300 .part/pv L_0xf972b0, 2, 1, 4;
RS_0x7f8fccd0d8f8 .resolv tri, L_0xf94420, L_0xf94b70, L_0xf955c0, L_0xf95e40;
L_0xf99e30 .part/pv RS_0x7f8fccd0d8f8, 8, 4, 16;
L_0xf99ed0 .part/pv L_0xf96450, 2, 1, 4;
L_0xf9a090 .part/pv L_0xf97970, 2, 1, 4;
L_0xf9a1c0 .part v0xf86e60_0, 8, 4;
L_0xf9a300 .part v0xf86f10_0, 8, 4;
L_0xf9a3a0 .part RS_0x7f8fccd0b798, 1, 1;
RS_0x7f8fccd0c998 .resolv tri, L_0xf9a8b0, L_0xf9b000, L_0xf9b9e0, L_0xf9c260;
L_0xf9c720 .part/pv RS_0x7f8fccd0c998, 12, 4, 16;
L_0xfa02e0 .part/pv L_0xf9c870, 3, 1, 4;
L_0xf973a0 .part/pv L_0xf9dd90, 3, 1, 4;
L_0xfa0440 .part v0xf86e60_0, 12, 4;
L_0xfa0380 .part v0xf86f10_0, 12, 4;
L_0xfa05b0 .part RS_0x7f8fccd0b798, 2, 1;
S_0xf82640 .scope module, "ad1" "adder4_cla" 2 84, 2 68, S_0xf38620;
 .timescale -9 -9;
v0xf86010_0 .net "a", 3 0, L_0xf8db30; 1 drivers
v0xf860d0_0 .net "b", 3 0, L_0xf8dbd0; 1 drivers
RS_0x7f8fccd0efd8 .resolv tri, L_0xf8b750, L_0xf8ca80, L_0xf8ce10, L_0xf8d160;
v0xf86170_0 .net8 "carry", 3 0, RS_0x7f8fccd0efd8; 4 drivers
v0xf861f0_0 .alias "cin", 0 0, v0xf872f0_0;
v0xf86270_0 .net "co", 0 0, L_0xf8ac60; 1 drivers
RS_0x7f8fccd0f008 .resolv tri, L_0xf87bc0, L_0xf883f0, L_0xf88d90, L_0xf89720;
v0xf862f0_0 .net8 "g", 3 0, RS_0x7f8fccd0f008; 4 drivers
v0xf863b0_0 .net "g_up", 0 0, L_0xf8b3a0; 1 drivers
RS_0x7f8fccd0f068 .resolv tri, L_0xf87a80, L_0xf882c0, L_0xf88c60, L_0xf89590;
v0xf86460_0 .net8 "p", 3 0, RS_0x7f8fccd0f068; 4 drivers
v0xf86560_0 .net "p_up", 0 0, L_0xf89dd0; 1 drivers
v0xf86610_0 .net8 "s", 3 0, RS_0x7f8fccd0f788; 4 drivers
L_0xf87a80 .part/pv L_0xf878a0, 0, 1, 4;
L_0xf87bc0 .part/pv L_0xf879e0, 0, 1, 4;
L_0xf87d00 .part/pv L_0xf87800, 0, 1, 4;
L_0xf87df0 .part L_0xf8db30, 0, 1;
L_0xf87f20 .part L_0xf8dbd0, 0, 1;
L_0xf882c0 .part/pv L_0xf88150, 1, 1, 4;
L_0xf883f0 .part/pv L_0xf88220, 1, 1, 4;
L_0xf884e0 .part/pv L_0xf88050, 1, 1, 4;
L_0xf88670 .part L_0xf8db30, 1, 1;
L_0xf887a0 .part L_0xf8dbd0, 1, 1;
L_0xf88930 .part RS_0x7f8fccd0efd8, 0, 1;
L_0xf88c60 .part/pv L_0xf88a80, 2, 1, 4;
L_0xf88d90 .part/pv L_0xf88bc0, 2, 1, 4;
L_0xf88ec0 .part/pv L_0xf88a20, 2, 1, 4;
L_0xf89030 .part L_0xf8db30, 2, 1;
L_0xf89160 .part L_0xf8dbd0, 2, 1;
L_0xf89320 .part RS_0x7f8fccd0efd8, 1, 1;
L_0xf89590 .part/pv L_0xf89400, 3, 1, 4;
L_0xf89720 .part/pv L_0xf894f0, 3, 1, 4;
L_0xf897c0 .part/pv L_0xf888d0, 3, 1, 4;
L_0xf89680 .part L_0xf8db30, 3, 1;
L_0xf89ac0 .part L_0xf8dbd0, 3, 1;
L_0xf898f0 .part RS_0x7f8fccd0efd8, 2, 1;
L_0xf8ac60 .part RS_0x7f8fccd0efd8, 3, 1;
S_0xf85b40 .scope module, "add0" "pfa" 2 72, 2 30, S_0xf82640;
 .timescale -9 -9;
L_0xf87800/d .functor XOR 1, L_0xf87df0, L_0xf87f20, v0xf86fc0_0, C4<0>;
L_0xf87800 .delay (1,1,1) L_0xf87800/d;
L_0xf878a0/d .functor XOR 1, L_0xf87df0, L_0xf87f20, C4<0>, C4<0>;
L_0xf878a0 .delay (1,1,1) L_0xf878a0/d;
L_0xf879e0/d .functor AND 1, L_0xf87df0, L_0xf87f20, C4<1>, C4<1>;
L_0xf879e0 .delay (1,1,1) L_0xf879e0/d;
v0xf85c30_0 .net "a", 0 0, L_0xf87df0; 1 drivers
v0xf85cf0_0 .net "b", 0 0, L_0xf87f20; 1 drivers
v0xf85d90_0 .alias "cin", 0 0, v0xf872f0_0;
v0xf85e10_0 .net "g", 0 0, L_0xf879e0; 1 drivers
v0xf85e90_0 .net "p", 0 0, L_0xf878a0; 1 drivers
v0xf85f30_0 .net "s", 0 0, L_0xf87800; 1 drivers
S_0xf85650 .scope module, "add1" "pfa" 2 73, 2 30, S_0xf82640;
 .timescale -9 -9;
L_0xf88050/d .functor XOR 1, L_0xf88670, L_0xf887a0, L_0xf88930, C4<0>;
L_0xf88050 .delay (1,1,1) L_0xf88050/d;
L_0xf88150/d .functor XOR 1, L_0xf88670, L_0xf887a0, C4<0>, C4<0>;
L_0xf88150 .delay (1,1,1) L_0xf88150/d;
L_0xf88220/d .functor AND 1, L_0xf88670, L_0xf887a0, C4<1>, C4<1>;
L_0xf88220 .delay (1,1,1) L_0xf88220/d;
v0xf85740_0 .net "a", 0 0, L_0xf88670; 1 drivers
v0xf85800_0 .net "b", 0 0, L_0xf887a0; 1 drivers
v0xf858a0_0 .net "cin", 0 0, L_0xf88930; 1 drivers
v0xf85940_0 .net "g", 0 0, L_0xf88220; 1 drivers
v0xf859c0_0 .net "p", 0 0, L_0xf88150; 1 drivers
v0xf85a60_0 .net "s", 0 0, L_0xf88050; 1 drivers
S_0xf85160 .scope module, "add2" "pfa" 2 74, 2 30, S_0xf82640;
 .timescale -9 -9;
L_0xf88a20/d .functor XOR 1, L_0xf89030, L_0xf89160, L_0xf89320, C4<0>;
L_0xf88a20 .delay (1,1,1) L_0xf88a20/d;
L_0xf88a80/d .functor XOR 1, L_0xf89030, L_0xf89160, C4<0>, C4<0>;
L_0xf88a80 .delay (1,1,1) L_0xf88a80/d;
L_0xf88bc0/d .functor AND 1, L_0xf89030, L_0xf89160, C4<1>, C4<1>;
L_0xf88bc0 .delay (1,1,1) L_0xf88bc0/d;
v0xf85250_0 .net "a", 0 0, L_0xf89030; 1 drivers
v0xf85310_0 .net "b", 0 0, L_0xf89160; 1 drivers
v0xf853b0_0 .net "cin", 0 0, L_0xf89320; 1 drivers
v0xf85450_0 .net "g", 0 0, L_0xf88bc0; 1 drivers
v0xf854d0_0 .net "p", 0 0, L_0xf88a80; 1 drivers
v0xf85570_0 .net "s", 0 0, L_0xf88a20; 1 drivers
S_0xf84c80 .scope module, "add3" "pfa" 2 75, 2 30, S_0xf82640;
 .timescale -9 -9;
L_0xf888d0/d .functor XOR 1, L_0xf89680, L_0xf89ac0, L_0xf898f0, C4<0>;
L_0xf888d0 .delay (1,1,1) L_0xf888d0/d;
L_0xf89400/d .functor XOR 1, L_0xf89680, L_0xf89ac0, C4<0>, C4<0>;
L_0xf89400 .delay (1,1,1) L_0xf89400/d;
L_0xf894f0/d .functor AND 1, L_0xf89680, L_0xf89ac0, C4<1>, C4<1>;
L_0xf894f0 .delay (1,1,1) L_0xf894f0/d;
v0xf84d70_0 .net "a", 0 0, L_0xf89680; 1 drivers
v0xf84e30_0 .net "b", 0 0, L_0xf89ac0; 1 drivers
v0xf84ed0_0 .net "cin", 0 0, L_0xf898f0; 1 drivers
v0xf84f70_0 .net "g", 0 0, L_0xf894f0; 1 drivers
v0xf85020_0 .net "p", 0 0, L_0xf89400; 1 drivers
v0xf850c0_0 .net "s", 0 0, L_0xf888d0; 1 drivers
S_0xf82730 .scope module, "localcla" "cla" 2 76, 2 38, S_0xf82640;
 .timescale -9 -9;
L_0xf89dd0/d .functor AND 1, L_0xf89e30, L_0xf89ed0, L_0xf89f70, L_0xf8a120;
L_0xf89dd0 .delay (1,1,1) L_0xf89dd0/d;
L_0xf8a1c0/d .functor AND 1, L_0xf8a220, L_0xf8a310, C4<1>, C4<1>;
L_0xf8a1c0 .delay (1,1,1) L_0xf8a1c0/d;
L_0xf8a440/d .functor AND 1, L_0xf8a4e0, L_0xf8a5d0, L_0xf8a710, C4<1>;
L_0xf8a440 .delay (1,1,1) L_0xf8a440/d;
L_0xf8a800/d .functor AND 1, L_0xf8a890, L_0xf8a9e0, L_0xf8aa80, L_0xf8ab70;
L_0xf8a800 .delay (1,1,1) L_0xf8a800/d;
L_0xf8a980/0/0 .functor AND 1, L_0xf8ae80, L_0xf8a010, L_0xf8b130, L_0xf8b2b0;
L_0xf8a980/0/4 .functor AND 1, v0xf86fc0_0, C4<1>, C4<1>, C4<1>;
L_0xf8a980/d .functor AND 1, L_0xf8a980/0/0, L_0xf8a980/0/4, C4<1>, C4<1>;
L_0xf8a980 .delay (1,1,1) L_0xf8a980/d;
L_0xf8b3a0/d .functor OR 1, L_0xf8b5c0, L_0xf8a1c0, L_0xf8a440, L_0xf8a800;
L_0xf8b3a0 .delay (1,1,1) L_0xf8b3a0/d;
L_0xf8b220/0/0 .functor OR 1, L_0xf8b910, L_0xf8a1c0, L_0xf8a440, L_0xf8a800;
L_0xf8b220/0/4 .functor OR 1, L_0xf8a980, C4<0>, C4<0>, C4<0>;
L_0xf8b220/d .functor OR 1, L_0xf8b220/0/0, L_0xf8b220/0/4, C4<0>, C4<0>;
L_0xf8b220 .delay (1,1,1) L_0xf8b220/d;
L_0xf8b6b0/d .functor AND 1, L_0xf8bb00, L_0xf8bbf0, C4<1>, C4<1>;
L_0xf8b6b0 .delay (1,1,1) L_0xf8b6b0/d;
L_0xf8ba00/d .functor AND 1, L_0xf8bda0, L_0xf8be40, L_0xf8bce0, C4<1>;
L_0xf8ba00 .delay (1,1,1) L_0xf8ba00/d;
L_0xf8c050/d .functor AND 1, L_0xf8c150, L_0xf8bf30, L_0xf8c320, v0xf86fc0_0;
L_0xf8c050 .delay (1,1,1) L_0xf8c050/d;
L_0xf8c1f0/d .functor AND 1, L_0xf8c500, L_0xf8c5f0, C4<1>, C4<1>;
L_0xf8c1f0 .delay (1,1,1) L_0xf8c1f0/d;
L_0xf8c410/d .functor AND 1, L_0xf8c7e0, L_0xf8c880, v0xf86fc0_0, C4<1>;
L_0xf8c410 .delay (1,1,1) L_0xf8c410/d;
L_0xf8c0f0/d .functor AND 1, L_0xf8c6e0, v0xf86fc0_0, C4<1>, C4<1>;
L_0xf8c0f0 .delay (1,1,1) L_0xf8c0f0/d;
L_0xf8c970/d .functor OR 1, L_0xf8cd20, L_0xf8b6b0, L_0xf8ba00, L_0xf8c050;
L_0xf8c970 .delay (1,1,1) L_0xf8c970/d;
L_0xf8cb20/d .functor OR 1, L_0xf8d070, L_0xf8c1f0, L_0xf8c410, C4<0>;
L_0xf8cb20 .delay (1,1,1) L_0xf8cb20/d;
L_0xf89d40/d .functor OR 1, L_0xf8d4e0, L_0xf8c0f0, C4<0>, C4<0>;
L_0xf89d40 .delay (1,1,1) L_0xf89d40/d;
v0xf82820_0 .net *"_s11", 0 0, L_0xf8a220; 1 drivers
v0xf828a0_0 .net *"_s13", 0 0, L_0xf8a310; 1 drivers
v0xf82920_0 .net *"_s16", 0 0, L_0xf8a4e0; 1 drivers
v0xf829c0_0 .net *"_s18", 0 0, L_0xf8a5d0; 1 drivers
v0xf82a70_0 .net *"_s2", 0 0, L_0xf89e30; 1 drivers
v0xf82b10_0 .net *"_s20", 0 0, L_0xf8a710; 1 drivers
v0xf82bb0_0 .net *"_s23", 0 0, L_0xf8a890; 1 drivers
v0xf82c50_0 .net *"_s25", 0 0, L_0xf8a9e0; 1 drivers
v0xf82cf0_0 .net *"_s27", 0 0, L_0xf8aa80; 1 drivers
v0xf82d90_0 .net *"_s29", 0 0, L_0xf8ab70; 1 drivers
v0xf82e90_0 .net *"_s32", 0 0, L_0xf8ae80; 1 drivers
v0xf82f30_0 .net *"_s34", 0 0, L_0xf8a010; 1 drivers
v0xf82fd0_0 .net *"_s36", 0 0, L_0xf8b130; 1 drivers
v0xf83070_0 .net *"_s38", 0 0, L_0xf8b2b0; 1 drivers
v0xf83190_0 .net *"_s4", 0 0, L_0xf89ed0; 1 drivers
v0xf83230_0 .net *"_s41", 0 0, L_0xf8b5c0; 1 drivers
v0xf830f0_0 .net *"_s43", 0 0, L_0xf8b220; 1 drivers
v0xf83380_0 .net *"_s46", 0 0, L_0xf8b910; 1 drivers
v0xf834a0_0 .net *"_s49", 0 0, L_0xf8bb00; 1 drivers
v0xf83520_0 .net *"_s51", 0 0, L_0xf8bbf0; 1 drivers
v0xf83400_0 .net *"_s54", 0 0, L_0xf8bda0; 1 drivers
v0xf83650_0 .net *"_s56", 0 0, L_0xf8be40; 1 drivers
v0xf835a0_0 .net *"_s58", 0 0, L_0xf8bce0; 1 drivers
v0xf83790_0 .net *"_s6", 0 0, L_0xf89f70; 1 drivers
v0xf836f0_0 .net *"_s61", 0 0, L_0xf8c150; 1 drivers
v0xf838e0_0 .net *"_s63", 0 0, L_0xf8bf30; 1 drivers
v0xf83830_0 .net *"_s65", 0 0, L_0xf8c320; 1 drivers
v0xf83a40_0 .net *"_s68", 0 0, L_0xf8c500; 1 drivers
v0xf83980_0 .net *"_s70", 0 0, L_0xf8c5f0; 1 drivers
v0xf83bb0_0 .net *"_s73", 0 0, L_0xf8c7e0; 1 drivers
v0xf83ac0_0 .net *"_s75", 0 0, L_0xf8c880; 1 drivers
v0xf83d30_0 .net *"_s78", 0 0, L_0xf8c6e0; 1 drivers
v0xf83c30_0 .net *"_s8", 0 0, L_0xf8a120; 1 drivers
v0xf83ec0_0 .net *"_s80", 0 0, L_0xf8c970; 1 drivers
v0xf83db0_0 .net *"_s83", 0 0, L_0xf8cd20; 1 drivers
v0xf84060_0 .net *"_s85", 0 0, L_0xf8cb20; 1 drivers
v0xf83f40_0 .net *"_s88", 0 0, L_0xf8d070; 1 drivers
v0xf83fe0_0 .net *"_s90", 0 0, L_0xf89d40; 1 drivers
v0xf84220_0 .net *"_s93", 0 0, L_0xf8d4e0; 1 drivers
v0xf842a0_0 .alias "cin", 0 0, v0xf872f0_0;
v0xf840e0_0 .alias "cout", 3 0, v0xf86170_0;
v0xf84160_0 .alias "g", 3 0, v0xf862f0_0;
v0xf84480_0 .alias "g_up", 0 0, v0xf863b0_0;
v0xf84500_0 .alias "p", 3 0, v0xf86460_0;
v0xf84320_0 .net "p0cin", 0 0, L_0xf8c0f0; 1 drivers
v0xf843c0_0 .net "p1g0", 0 0, L_0xf8c1f0; 1 drivers
v0xf84700_0 .net "p1p0cin", 0 0, L_0xf8c410; 1 drivers
v0xf84780_0 .net "p2g1", 0 0, L_0xf8b6b0; 1 drivers
v0xf84580_0 .net "p2p1g0", 0 0, L_0xf8ba00; 1 drivers
v0xf84620_0 .net "p2p1p0cin", 0 0, L_0xf8c050; 1 drivers
v0xf849a0_0 .net "p3g2", 0 0, L_0xf8a1c0; 1 drivers
v0xf84a20_0 .net "p3p2g1", 0 0, L_0xf8a440; 1 drivers
v0xf84800_0 .net "p3p2p1g0", 0 0, L_0xf8a800; 1 drivers
v0xf84880_0 .net "p3p2p1p0cin", 0 0, L_0xf8a980; 1 drivers
v0xf84920_0 .alias "p_up", 0 0, v0xf86560_0;
L_0xf89e30 .part RS_0x7f8fccd0f068, 0, 1;
L_0xf89ed0 .part RS_0x7f8fccd0f068, 1, 1;
L_0xf89f70 .part RS_0x7f8fccd0f068, 2, 1;
L_0xf8a120 .part RS_0x7f8fccd0f068, 3, 1;
L_0xf8a220 .part RS_0x7f8fccd0f068, 3, 1;
L_0xf8a310 .part RS_0x7f8fccd0f008, 2, 1;
L_0xf8a4e0 .part RS_0x7f8fccd0f068, 3, 1;
L_0xf8a5d0 .part RS_0x7f8fccd0f068, 2, 1;
L_0xf8a710 .part RS_0x7f8fccd0f008, 1, 1;
L_0xf8a890 .part RS_0x7f8fccd0f068, 3, 1;
L_0xf8a9e0 .part RS_0x7f8fccd0f068, 2, 1;
L_0xf8aa80 .part RS_0x7f8fccd0f068, 1, 1;
L_0xf8ab70 .part RS_0x7f8fccd0f008, 0, 1;
L_0xf8ae80 .part RS_0x7f8fccd0f068, 3, 1;
L_0xf8a010 .part RS_0x7f8fccd0f068, 2, 1;
L_0xf8b130 .part RS_0x7f8fccd0f068, 1, 1;
L_0xf8b2b0 .part RS_0x7f8fccd0f068, 0, 1;
L_0xf8b5c0 .part RS_0x7f8fccd0f008, 3, 1;
L_0xf8b750 .part/pv L_0xf8b220, 3, 1, 4;
L_0xf8b910 .part RS_0x7f8fccd0f008, 3, 1;
L_0xf8bb00 .part RS_0x7f8fccd0f068, 2, 1;
L_0xf8bbf0 .part RS_0x7f8fccd0f008, 1, 1;
L_0xf8bda0 .part RS_0x7f8fccd0f068, 2, 1;
L_0xf8be40 .part RS_0x7f8fccd0f068, 1, 1;
L_0xf8bce0 .part RS_0x7f8fccd0f008, 0, 1;
L_0xf8c150 .part RS_0x7f8fccd0f068, 2, 1;
L_0xf8bf30 .part RS_0x7f8fccd0f068, 1, 1;
L_0xf8c320 .part RS_0x7f8fccd0f068, 0, 1;
L_0xf8c500 .part RS_0x7f8fccd0f068, 1, 1;
L_0xf8c5f0 .part RS_0x7f8fccd0f008, 0, 1;
L_0xf8c7e0 .part RS_0x7f8fccd0f068, 1, 1;
L_0xf8c880 .part RS_0x7f8fccd0f068, 0, 1;
L_0xf8c6e0 .part RS_0x7f8fccd0f068, 0, 1;
L_0xf8ca80 .part/pv L_0xf8c970, 2, 1, 4;
L_0xf8cd20 .part RS_0x7f8fccd0f008, 2, 1;
L_0xf8ce10 .part/pv L_0xf8cb20, 1, 1, 4;
L_0xf8d070 .part RS_0x7f8fccd0f008, 1, 1;
L_0xf8d160 .part/pv L_0xf89d40, 0, 1, 4;
L_0xf8d4e0 .part RS_0x7f8fccd0f008, 0, 1;
S_0xf7e600 .scope module, "ad2" "adder4_cla" 2 85, 2 68, S_0xf38620;
 .timescale -9 -9;
v0xf81ff0_0 .net "a", 3 0, L_0xf93cf0; 1 drivers
v0xf820b0_0 .net "b", 3 0, L_0xf93e20; 1 drivers
RS_0x7f8fccd0e0a8 .resolv tri, L_0xf91910, L_0xf92c40, L_0xf92fd0, L_0xf93320;
v0xf82150_0 .net8 "carry", 3 0, RS_0x7f8fccd0e0a8; 4 drivers
v0xf821d0_0 .net "cin", 0 0, L_0xf93f50; 1 drivers
v0xf82280_0 .net "co", 0 0, L_0xf90fd0; 1 drivers
RS_0x7f8fccd0e0d8 .resolv tri, L_0xf8e070, L_0xf8e810, L_0xf8f1b0, L_0xf8fac0;
v0xf82300_0 .net8 "g", 3 0, RS_0x7f8fccd0e0d8; 4 drivers
v0xf823c0_0 .net "g_up", 0 0, L_0xf91560; 1 drivers
RS_0x7f8fccd0e138 .resolv tri, L_0xf8df30, L_0xf8e6e0, L_0xf8f080, L_0xf8f930;
v0xf82440_0 .net8 "p", 3 0, RS_0x7f8fccd0e138; 4 drivers
v0xf82540_0 .net "p_up", 0 0, L_0xf90170; 1 drivers
v0xf825c0_0 .net8 "s", 3 0, RS_0x7f8fccd0e858; 4 drivers
L_0xf8df30 .part/pv L_0xf8dd50, 0, 1, 4;
L_0xf8e070 .part/pv L_0xf8de90, 0, 1, 4;
L_0xf8e1b0 .part/pv L_0xf8dcb0, 0, 1, 4;
L_0xf8e2a0 .part L_0xf93cf0, 0, 1;
L_0xf8e3d0 .part L_0xf93e20, 0, 1;
L_0xf8e6e0 .part/pv L_0xf8e5a0, 1, 1, 4;
L_0xf8e810 .part/pv L_0xf8e640, 1, 1, 4;
L_0xf8e900 .part/pv L_0xf8e500, 1, 1, 4;
L_0xf8ea90 .part L_0xf93cf0, 1, 1;
L_0xf8ebc0 .part L_0xf93e20, 1, 1;
L_0xf8ed50 .part RS_0x7f8fccd0e0a8, 0, 1;
L_0xf8f080 .part/pv L_0xf8eea0, 2, 1, 4;
L_0xf8f1b0 .part/pv L_0xf8efe0, 2, 1, 4;
L_0xf8f2e0 .part/pv L_0xf8ee40, 2, 1, 4;
L_0xf8f3d0 .part L_0xf93cf0, 2, 1;
L_0xf8f500 .part L_0xf93e20, 2, 1;
L_0xf8f6c0 .part RS_0x7f8fccd0e0a8, 1, 1;
L_0xf8f930 .part/pv L_0xf8f7a0, 3, 1, 4;
L_0xf8fac0 .part/pv L_0xf8f890, 3, 1, 4;
L_0xf8fb60 .part/pv L_0xf8ecf0, 3, 1, 4;
L_0xf8fa20 .part L_0xf93cf0, 3, 1;
L_0xf8fe60 .part L_0xf93e20, 3, 1;
L_0xf8fc90 .part RS_0x7f8fccd0e0a8, 2, 1;
L_0xf90fd0 .part RS_0x7f8fccd0e0a8, 3, 1;
S_0xf81b10 .scope module, "add0" "pfa" 2 72, 2 30, S_0xf7e600;
 .timescale -9 -9;
L_0xf8dcb0/d .functor XOR 1, L_0xf8e2a0, L_0xf8e3d0, L_0xf93f50, C4<0>;
L_0xf8dcb0 .delay (1,1,1) L_0xf8dcb0/d;
L_0xf8dd50/d .functor XOR 1, L_0xf8e2a0, L_0xf8e3d0, C4<0>, C4<0>;
L_0xf8dd50 .delay (1,1,1) L_0xf8dd50/d;
L_0xf8de90/d .functor AND 1, L_0xf8e2a0, L_0xf8e3d0, C4<1>, C4<1>;
L_0xf8de90 .delay (1,1,1) L_0xf8de90/d;
v0xf81c00_0 .net "a", 0 0, L_0xf8e2a0; 1 drivers
v0xf81cc0_0 .net "b", 0 0, L_0xf8e3d0; 1 drivers
v0xf81d60_0 .alias "cin", 0 0, v0xf821d0_0;
v0xf81de0_0 .net "g", 0 0, L_0xf8de90; 1 drivers
v0xf81e90_0 .net "p", 0 0, L_0xf8dd50; 1 drivers
v0xf81f10_0 .net "s", 0 0, L_0xf8dcb0; 1 drivers
S_0xf81620 .scope module, "add1" "pfa" 2 73, 2 30, S_0xf7e600;
 .timescale -9 -9;
L_0xf8e500/d .functor XOR 1, L_0xf8ea90, L_0xf8ebc0, L_0xf8ed50, C4<0>;
L_0xf8e500 .delay (1,1,1) L_0xf8e500/d;
L_0xf8e5a0/d .functor XOR 1, L_0xf8ea90, L_0xf8ebc0, C4<0>, C4<0>;
L_0xf8e5a0 .delay (1,1,1) L_0xf8e5a0/d;
L_0xf8e640/d .functor AND 1, L_0xf8ea90, L_0xf8ebc0, C4<1>, C4<1>;
L_0xf8e640 .delay (1,1,1) L_0xf8e640/d;
v0xf81710_0 .net "a", 0 0, L_0xf8ea90; 1 drivers
v0xf817d0_0 .net "b", 0 0, L_0xf8ebc0; 1 drivers
v0xf81870_0 .net "cin", 0 0, L_0xf8ed50; 1 drivers
v0xf81910_0 .net "g", 0 0, L_0xf8e640; 1 drivers
v0xf81990_0 .net "p", 0 0, L_0xf8e5a0; 1 drivers
v0xf81a30_0 .net "s", 0 0, L_0xf8e500; 1 drivers
S_0xf81130 .scope module, "add2" "pfa" 2 74, 2 30, S_0xf7e600;
 .timescale -9 -9;
L_0xf8ee40/d .functor XOR 1, L_0xf8f3d0, L_0xf8f500, L_0xf8f6c0, C4<0>;
L_0xf8ee40 .delay (1,1,1) L_0xf8ee40/d;
L_0xf8eea0/d .functor XOR 1, L_0xf8f3d0, L_0xf8f500, C4<0>, C4<0>;
L_0xf8eea0 .delay (1,1,1) L_0xf8eea0/d;
L_0xf8efe0/d .functor AND 1, L_0xf8f3d0, L_0xf8f500, C4<1>, C4<1>;
L_0xf8efe0 .delay (1,1,1) L_0xf8efe0/d;
v0xf81220_0 .net "a", 0 0, L_0xf8f3d0; 1 drivers
v0xf812e0_0 .net "b", 0 0, L_0xf8f500; 1 drivers
v0xf81380_0 .net "cin", 0 0, L_0xf8f6c0; 1 drivers
v0xf81420_0 .net "g", 0 0, L_0xf8efe0; 1 drivers
v0xf814a0_0 .net "p", 0 0, L_0xf8eea0; 1 drivers
v0xf81540_0 .net "s", 0 0, L_0xf8ee40; 1 drivers
S_0xf80ca0 .scope module, "add3" "pfa" 2 75, 2 30, S_0xf7e600;
 .timescale -9 -9;
L_0xf8ecf0/d .functor XOR 1, L_0xf8fa20, L_0xf8fe60, L_0xf8fc90, C4<0>;
L_0xf8ecf0 .delay (1,1,1) L_0xf8ecf0/d;
L_0xf8f7a0/d .functor XOR 1, L_0xf8fa20, L_0xf8fe60, C4<0>, C4<0>;
L_0xf8f7a0 .delay (1,1,1) L_0xf8f7a0/d;
L_0xf8f890/d .functor AND 1, L_0xf8fa20, L_0xf8fe60, C4<1>, C4<1>;
L_0xf8f890 .delay (1,1,1) L_0xf8f890/d;
v0xf80d90_0 .net "a", 0 0, L_0xf8fa20; 1 drivers
v0xf80e30_0 .net "b", 0 0, L_0xf8fe60; 1 drivers
v0xf80ed0_0 .net "cin", 0 0, L_0xf8fc90; 1 drivers
v0xf80f70_0 .net "g", 0 0, L_0xf8f890; 1 drivers
v0xf80ff0_0 .net "p", 0 0, L_0xf8f7a0; 1 drivers
v0xf81090_0 .net "s", 0 0, L_0xf8ecf0; 1 drivers
S_0xf7e6f0 .scope module, "localcla" "cla" 2 76, 2 38, S_0xf7e600;
 .timescale -9 -9;
L_0xf90170/d .functor AND 1, L_0xf901d0, L_0xf90270, L_0xf90310, L_0xf904c0;
L_0xf90170 .delay (1,1,1) L_0xf90170/d;
L_0xf90560/d .functor AND 1, L_0xf905c0, L_0xf906b0, C4<1>, C4<1>;
L_0xf90560 .delay (1,1,1) L_0xf90560/d;
L_0xf907e0/d .functor AND 1, L_0xf90880, L_0xf90970, L_0xf90ab0, C4<1>;
L_0xf907e0 .delay (1,1,1) L_0xf907e0/d;
L_0xf90ba0/d .functor AND 1, L_0xf90c00, L_0xf90d50, L_0xf90df0, L_0xf90ee0;
L_0xf90ba0 .delay (1,1,1) L_0xf90ba0/d;
L_0xf846a0/0/0 .functor AND 1, L_0xf910e0, L_0xf903b0, L_0xf91390, L_0xf914c0;
L_0xf846a0/0/4 .functor AND 1, L_0xf93f50, C4<1>, C4<1>, C4<1>;
L_0xf846a0/d .functor AND 1, L_0xf846a0/0/0, L_0xf846a0/0/4, C4<1>, C4<1>;
L_0xf846a0 .delay (1,1,1) L_0xf846a0/d;
L_0xf91560/d .functor OR 1, L_0xf91780, L_0xf90560, L_0xf907e0, L_0xf90ba0;
L_0xf91560 .delay (1,1,1) L_0xf91560/d;
L_0xf91430/0/0 .functor OR 1, L_0xf91ad0, L_0xf90560, L_0xf907e0, L_0xf90ba0;
L_0xf91430/0/4 .functor OR 1, L_0xf846a0, C4<0>, C4<0>, C4<0>;
L_0xf91430/d .functor OR 1, L_0xf91430/0/0, L_0xf91430/0/4, C4<0>, C4<0>;
L_0xf91430 .delay (1,1,1) L_0xf91430/d;
L_0xf91870/d .functor AND 1, L_0xf91cc0, L_0xf91db0, C4<1>, C4<1>;
L_0xf91870 .delay (1,1,1) L_0xf91870/d;
L_0xf91bc0/d .functor AND 1, L_0xf91f60, L_0xf92000, L_0xf91ea0, C4<1>;
L_0xf91bc0 .delay (1,1,1) L_0xf91bc0/d;
L_0xf92210/d .functor AND 1, L_0xf92310, L_0xf920f0, L_0xf924e0, L_0xf93f50;
L_0xf92210 .delay (1,1,1) L_0xf92210/d;
L_0xf923b0/d .functor AND 1, L_0xf926c0, L_0xf927b0, C4<1>, C4<1>;
L_0xf923b0 .delay (1,1,1) L_0xf923b0/d;
L_0xf925d0/d .functor AND 1, L_0xf929a0, L_0xf92a40, L_0xf93f50, C4<1>;
L_0xf925d0 .delay (1,1,1) L_0xf925d0/d;
L_0xf922b0/d .functor AND 1, L_0xf928a0, L_0xf93f50, C4<1>, C4<1>;
L_0xf922b0 .delay (1,1,1) L_0xf922b0/d;
L_0xf92b30/d .functor OR 1, L_0xf92ee0, L_0xf91870, L_0xf91bc0, L_0xf92210;
L_0xf92b30 .delay (1,1,1) L_0xf92b30/d;
L_0xf92ce0/d .functor OR 1, L_0xf93230, L_0xf923b0, L_0xf925d0, C4<0>;
L_0xf92ce0 .delay (1,1,1) L_0xf92ce0/d;
L_0xf900e0/d .functor OR 1, L_0xf936a0, L_0xf922b0, C4<0>, C4<0>;
L_0xf900e0 .delay (1,1,1) L_0xf900e0/d;
v0xf7e7e0_0 .net *"_s11", 0 0, L_0xf905c0; 1 drivers
v0xf7e860_0 .net *"_s13", 0 0, L_0xf906b0; 1 drivers
v0xf7e8e0_0 .net *"_s16", 0 0, L_0xf90880; 1 drivers
v0xf7e980_0 .net *"_s18", 0 0, L_0xf90970; 1 drivers
v0xf7ea30_0 .net *"_s2", 0 0, L_0xf901d0; 1 drivers
v0xf7ead0_0 .net *"_s20", 0 0, L_0xf90ab0; 1 drivers
v0xf7eb70_0 .net *"_s23", 0 0, L_0xf90c00; 1 drivers
v0xf7ec10_0 .net *"_s25", 0 0, L_0xf90d50; 1 drivers
v0xf7ecb0_0 .net *"_s27", 0 0, L_0xf90df0; 1 drivers
v0xf7ed50_0 .net *"_s29", 0 0, L_0xf90ee0; 1 drivers
v0xf7ee50_0 .net *"_s32", 0 0, L_0xf910e0; 1 drivers
v0xf7eef0_0 .net *"_s34", 0 0, L_0xf903b0; 1 drivers
v0xf7ef90_0 .net *"_s36", 0 0, L_0xf91390; 1 drivers
v0xf7f030_0 .net *"_s38", 0 0, L_0xf914c0; 1 drivers
v0xf7f150_0 .net *"_s4", 0 0, L_0xf90270; 1 drivers
v0xf7f1f0_0 .net *"_s41", 0 0, L_0xf91780; 1 drivers
v0xf7f0b0_0 .net *"_s43", 0 0, L_0xf91430; 1 drivers
v0xf7f340_0 .net *"_s46", 0 0, L_0xf91ad0; 1 drivers
v0xf7f460_0 .net *"_s49", 0 0, L_0xf91cc0; 1 drivers
v0xf7f4e0_0 .net *"_s51", 0 0, L_0xf91db0; 1 drivers
v0xf7f3c0_0 .net *"_s54", 0 0, L_0xf91f60; 1 drivers
v0xf7f610_0 .net *"_s56", 0 0, L_0xf92000; 1 drivers
v0xf7f560_0 .net *"_s58", 0 0, L_0xf91ea0; 1 drivers
v0xf7f750_0 .net *"_s6", 0 0, L_0xf90310; 1 drivers
v0xf7f6b0_0 .net *"_s61", 0 0, L_0xf92310; 1 drivers
v0xf7f8a0_0 .net *"_s63", 0 0, L_0xf920f0; 1 drivers
v0xf7f7f0_0 .net *"_s65", 0 0, L_0xf924e0; 1 drivers
v0xf7fa00_0 .net *"_s68", 0 0, L_0xf926c0; 1 drivers
v0xf7f940_0 .net *"_s70", 0 0, L_0xf927b0; 1 drivers
v0xf7fb70_0 .net *"_s73", 0 0, L_0xf929a0; 1 drivers
v0xf7fa80_0 .net *"_s75", 0 0, L_0xf92a40; 1 drivers
v0xf7fcf0_0 .net *"_s78", 0 0, L_0xf928a0; 1 drivers
v0xf7fbf0_0 .net *"_s8", 0 0, L_0xf904c0; 1 drivers
v0xf7fe80_0 .net *"_s80", 0 0, L_0xf92b30; 1 drivers
v0xf7fd70_0 .net *"_s83", 0 0, L_0xf92ee0; 1 drivers
v0xf80020_0 .net *"_s85", 0 0, L_0xf92ce0; 1 drivers
v0xf7ff00_0 .net *"_s88", 0 0, L_0xf93230; 1 drivers
v0xf7ffa0_0 .net *"_s90", 0 0, L_0xf900e0; 1 drivers
v0xf801e0_0 .net *"_s93", 0 0, L_0xf936a0; 1 drivers
v0xf80260_0 .alias "cin", 0 0, v0xf821d0_0;
v0xf800a0_0 .alias "cout", 3 0, v0xf82150_0;
v0xf80140_0 .alias "g", 3 0, v0xf82300_0;
v0xf80440_0 .alias "g_up", 0 0, v0xf823c0_0;
v0xf804c0_0 .alias "p", 3 0, v0xf82440_0;
v0xf802e0_0 .net "p0cin", 0 0, L_0xf922b0; 1 drivers
v0xf80380_0 .net "p1g0", 0 0, L_0xf923b0; 1 drivers
v0xf806c0_0 .net "p1p0cin", 0 0, L_0xf925d0; 1 drivers
v0xf80740_0 .net "p2g1", 0 0, L_0xf91870; 1 drivers
v0xf80560_0 .net "p2p1g0", 0 0, L_0xf91bc0; 1 drivers
v0xf80600_0 .net "p2p1p0cin", 0 0, L_0xf92210; 1 drivers
v0xf80960_0 .net "p3g2", 0 0, L_0xf90560; 1 drivers
v0xf809e0_0 .net "p3p2g1", 0 0, L_0xf907e0; 1 drivers
v0xf807e0_0 .net "p3p2p1g0", 0 0, L_0xf90ba0; 1 drivers
v0xf80880_0 .net "p3p2p1p0cin", 0 0, L_0xf846a0; 1 drivers
v0xf80c20_0 .alias "p_up", 0 0, v0xf82540_0;
L_0xf901d0 .part RS_0x7f8fccd0e138, 0, 1;
L_0xf90270 .part RS_0x7f8fccd0e138, 1, 1;
L_0xf90310 .part RS_0x7f8fccd0e138, 2, 1;
L_0xf904c0 .part RS_0x7f8fccd0e138, 3, 1;
L_0xf905c0 .part RS_0x7f8fccd0e138, 3, 1;
L_0xf906b0 .part RS_0x7f8fccd0e0d8, 2, 1;
L_0xf90880 .part RS_0x7f8fccd0e138, 3, 1;
L_0xf90970 .part RS_0x7f8fccd0e138, 2, 1;
L_0xf90ab0 .part RS_0x7f8fccd0e0d8, 1, 1;
L_0xf90c00 .part RS_0x7f8fccd0e138, 3, 1;
L_0xf90d50 .part RS_0x7f8fccd0e138, 2, 1;
L_0xf90df0 .part RS_0x7f8fccd0e138, 1, 1;
L_0xf90ee0 .part RS_0x7f8fccd0e0d8, 0, 1;
L_0xf910e0 .part RS_0x7f8fccd0e138, 3, 1;
L_0xf903b0 .part RS_0x7f8fccd0e138, 2, 1;
L_0xf91390 .part RS_0x7f8fccd0e138, 1, 1;
L_0xf914c0 .part RS_0x7f8fccd0e138, 0, 1;
L_0xf91780 .part RS_0x7f8fccd0e0d8, 3, 1;
L_0xf91910 .part/pv L_0xf91430, 3, 1, 4;
L_0xf91ad0 .part RS_0x7f8fccd0e0d8, 3, 1;
L_0xf91cc0 .part RS_0x7f8fccd0e138, 2, 1;
L_0xf91db0 .part RS_0x7f8fccd0e0d8, 1, 1;
L_0xf91f60 .part RS_0x7f8fccd0e138, 2, 1;
L_0xf92000 .part RS_0x7f8fccd0e138, 1, 1;
L_0xf91ea0 .part RS_0x7f8fccd0e0d8, 0, 1;
L_0xf92310 .part RS_0x7f8fccd0e138, 2, 1;
L_0xf920f0 .part RS_0x7f8fccd0e138, 1, 1;
L_0xf924e0 .part RS_0x7f8fccd0e138, 0, 1;
L_0xf926c0 .part RS_0x7f8fccd0e138, 1, 1;
L_0xf927b0 .part RS_0x7f8fccd0e0d8, 0, 1;
L_0xf929a0 .part RS_0x7f8fccd0e138, 1, 1;
L_0xf92a40 .part RS_0x7f8fccd0e138, 0, 1;
L_0xf928a0 .part RS_0x7f8fccd0e138, 0, 1;
L_0xf92c40 .part/pv L_0xf92b30, 2, 1, 4;
L_0xf92ee0 .part RS_0x7f8fccd0e0d8, 2, 1;
L_0xf92fd0 .part/pv L_0xf92ce0, 1, 1, 4;
L_0xf93230 .part RS_0x7f8fccd0e0d8, 1, 1;
L_0xf93320 .part/pv L_0xf900e0, 0, 1, 4;
L_0xf936a0 .part RS_0x7f8fccd0e0d8, 0, 1;
S_0xf7a5c0 .scope module, "ad3" "adder4_cla" 2 87, 2 68, S_0xf38620;
 .timescale -9 -9;
v0xf7dfb0_0 .net "a", 3 0, L_0xf9a1c0; 1 drivers
v0xf7e070_0 .net "b", 3 0, L_0xf9a300; 1 drivers
RS_0x7f8fccd0d148 .resolv tri, L_0xf97d20, L_0xf99050, L_0xf993e0, L_0xf99730;
v0xf7e110_0 .net8 "carry", 3 0, RS_0x7f8fccd0d148; 4 drivers
v0xf7e190_0 .net "cin", 0 0, L_0xf9a3a0; 1 drivers
v0xf7e240_0 .net "co", 0 0, L_0xf972b0; 1 drivers
RS_0x7f8fccd0d178 .resolv tri, L_0xf942e0, L_0xf94a80, L_0xf95490, L_0xf95da0;
v0xf7e2c0_0 .net8 "g", 3 0, RS_0x7f8fccd0d178; 4 drivers
v0xf7e380_0 .net "g_up", 0 0, L_0xf97970; 1 drivers
RS_0x7f8fccd0d1d8 .resolv tri, L_0xf94240, L_0xf94950, L_0xf952f0, L_0xf95c10;
v0xf7e400_0 .net8 "p", 3 0, RS_0x7f8fccd0d1d8; 4 drivers
v0xf7e500_0 .net "p_up", 0 0, L_0xf96450; 1 drivers
v0xf7e580_0 .net8 "s", 3 0, RS_0x7f8fccd0d8f8; 4 drivers
L_0xf94240 .part/pv L_0xf94100, 0, 1, 4;
L_0xf942e0 .part/pv L_0xf941a0, 0, 1, 4;
L_0xf94420 .part/pv L_0xf93c90, 0, 1, 4;
L_0xf94510 .part L_0xf9a1c0, 0, 1;
L_0xf94640 .part L_0xf9a300, 0, 1;
L_0xf94950 .part/pv L_0xf94810, 1, 1, 4;
L_0xf94a80 .part/pv L_0xf948b0, 1, 1, 4;
L_0xf94b70 .part/pv L_0xf94770, 1, 1, 4;
L_0xf94d00 .part L_0xf9a1c0, 1, 1;
L_0xf94e30 .part L_0xf9a300, 1, 1;
L_0xf94fc0 .part RS_0x7f8fccd0d148, 0, 1;
L_0xf952f0 .part/pv L_0xf95110, 2, 1, 4;
L_0xf95490 .part/pv L_0xf95250, 2, 1, 4;
L_0xf955c0 .part/pv L_0xf950b0, 2, 1, 4;
L_0xf956b0 .part L_0xf9a1c0, 2, 1;
L_0xf957e0 .part L_0xf9a300, 2, 1;
L_0xf959a0 .part RS_0x7f8fccd0d148, 1, 1;
L_0xf95c10 .part/pv L_0xf95a80, 3, 1, 4;
L_0xf95da0 .part/pv L_0xf95b70, 3, 1, 4;
L_0xf95e40 .part/pv L_0xf94f60, 3, 1, 4;
L_0xf95d00 .part L_0xf9a1c0, 3, 1;
L_0xf96140 .part L_0xf9a300, 3, 1;
L_0xf95f70 .part RS_0x7f8fccd0d148, 2, 1;
L_0xf972b0 .part RS_0x7f8fccd0d148, 3, 1;
S_0xf7dad0 .scope module, "add0" "pfa" 2 72, 2 30, S_0xf7a5c0;
 .timescale -9 -9;
L_0xf93c90/d .functor XOR 1, L_0xf94510, L_0xf94640, L_0xf9a3a0, C4<0>;
L_0xf93c90 .delay (1,1,1) L_0xf93c90/d;
L_0xf94100/d .functor XOR 1, L_0xf94510, L_0xf94640, C4<0>, C4<0>;
L_0xf94100 .delay (1,1,1) L_0xf94100/d;
L_0xf941a0/d .functor AND 1, L_0xf94510, L_0xf94640, C4<1>, C4<1>;
L_0xf941a0 .delay (1,1,1) L_0xf941a0/d;
v0xf7dbc0_0 .net "a", 0 0, L_0xf94510; 1 drivers
v0xf7dc80_0 .net "b", 0 0, L_0xf94640; 1 drivers
v0xf7dd20_0 .alias "cin", 0 0, v0xf7e190_0;
v0xf7dda0_0 .net "g", 0 0, L_0xf941a0; 1 drivers
v0xf7de50_0 .net "p", 0 0, L_0xf94100; 1 drivers
v0xf7ded0_0 .net "s", 0 0, L_0xf93c90; 1 drivers
S_0xf7d5e0 .scope module, "add1" "pfa" 2 73, 2 30, S_0xf7a5c0;
 .timescale -9 -9;
L_0xf94770/d .functor XOR 1, L_0xf94d00, L_0xf94e30, L_0xf94fc0, C4<0>;
L_0xf94770 .delay (1,1,1) L_0xf94770/d;
L_0xf94810/d .functor XOR 1, L_0xf94d00, L_0xf94e30, C4<0>, C4<0>;
L_0xf94810 .delay (1,1,1) L_0xf94810/d;
L_0xf948b0/d .functor AND 1, L_0xf94d00, L_0xf94e30, C4<1>, C4<1>;
L_0xf948b0 .delay (1,1,1) L_0xf948b0/d;
v0xf7d6d0_0 .net "a", 0 0, L_0xf94d00; 1 drivers
v0xf7d790_0 .net "b", 0 0, L_0xf94e30; 1 drivers
v0xf7d830_0 .net "cin", 0 0, L_0xf94fc0; 1 drivers
v0xf7d8d0_0 .net "g", 0 0, L_0xf948b0; 1 drivers
v0xf7d950_0 .net "p", 0 0, L_0xf94810; 1 drivers
v0xf7d9f0_0 .net "s", 0 0, L_0xf94770; 1 drivers
S_0xf7d0f0 .scope module, "add2" "pfa" 2 74, 2 30, S_0xf7a5c0;
 .timescale -9 -9;
L_0xf950b0/d .functor XOR 1, L_0xf956b0, L_0xf957e0, L_0xf959a0, C4<0>;
L_0xf950b0 .delay (1,1,1) L_0xf950b0/d;
L_0xf95110/d .functor XOR 1, L_0xf956b0, L_0xf957e0, C4<0>, C4<0>;
L_0xf95110 .delay (1,1,1) L_0xf95110/d;
L_0xf95250/d .functor AND 1, L_0xf956b0, L_0xf957e0, C4<1>, C4<1>;
L_0xf95250 .delay (1,1,1) L_0xf95250/d;
v0xf7d1e0_0 .net "a", 0 0, L_0xf956b0; 1 drivers
v0xf7d2a0_0 .net "b", 0 0, L_0xf957e0; 1 drivers
v0xf7d340_0 .net "cin", 0 0, L_0xf959a0; 1 drivers
v0xf7d3e0_0 .net "g", 0 0, L_0xf95250; 1 drivers
v0xf7d460_0 .net "p", 0 0, L_0xf95110; 1 drivers
v0xf7d500_0 .net "s", 0 0, L_0xf950b0; 1 drivers
S_0xf7cc60 .scope module, "add3" "pfa" 2 75, 2 30, S_0xf7a5c0;
 .timescale -9 -9;
L_0xf94f60/d .functor XOR 1, L_0xf95d00, L_0xf96140, L_0xf95f70, C4<0>;
L_0xf94f60 .delay (1,1,1) L_0xf94f60/d;
L_0xf95a80/d .functor XOR 1, L_0xf95d00, L_0xf96140, C4<0>, C4<0>;
L_0xf95a80 .delay (1,1,1) L_0xf95a80/d;
L_0xf95b70/d .functor AND 1, L_0xf95d00, L_0xf96140, C4<1>, C4<1>;
L_0xf95b70 .delay (1,1,1) L_0xf95b70/d;
v0xf7cd50_0 .net "a", 0 0, L_0xf95d00; 1 drivers
v0xf7cdf0_0 .net "b", 0 0, L_0xf96140; 1 drivers
v0xf7ce90_0 .net "cin", 0 0, L_0xf95f70; 1 drivers
v0xf7cf30_0 .net "g", 0 0, L_0xf95b70; 1 drivers
v0xf7cfb0_0 .net "p", 0 0, L_0xf95a80; 1 drivers
v0xf7d050_0 .net "s", 0 0, L_0xf94f60; 1 drivers
S_0xf7a6b0 .scope module, "localcla" "cla" 2 76, 2 38, S_0xf7a5c0;
 .timescale -9 -9;
L_0xf96450/d .functor AND 1, L_0xf964b0, L_0xf96550, L_0xf965f0, L_0xf967a0;
L_0xf96450 .delay (1,1,1) L_0xf96450/d;
L_0xf96840/d .functor AND 1, L_0xf968a0, L_0xf96990, C4<1>, C4<1>;
L_0xf96840 .delay (1,1,1) L_0xf96840/d;
L_0xf96ac0/d .functor AND 1, L_0xf96b60, L_0xf96c50, L_0xf96d90, C4<1>;
L_0xf96ac0 .delay (1,1,1) L_0xf96ac0/d;
L_0xf96e80/d .functor AND 1, L_0xf96ee0, L_0xf97030, L_0xf970d0, L_0xf971c0;
L_0xf96e80 .delay (1,1,1) L_0xf96e80/d;
L_0xf96fd0/0/0 .functor AND 1, L_0xf97450, L_0xf96690, L_0xf97700, L_0xf97880;
L_0xf96fd0/0/4 .functor AND 1, L_0xf9a3a0, C4<1>, C4<1>, C4<1>;
L_0xf96fd0/d .functor AND 1, L_0xf96fd0/0/0, L_0xf96fd0/0/4, C4<1>, C4<1>;
L_0xf96fd0 .delay (1,1,1) L_0xf96fd0/d;
L_0xf97970/d .functor OR 1, L_0xf97b90, L_0xf96840, L_0xf96ac0, L_0xf96e80;
L_0xf97970 .delay (1,1,1) L_0xf97970/d;
L_0xf977f0/0/0 .functor OR 1, L_0xf97ee0, L_0xf96840, L_0xf96ac0, L_0xf96e80;
L_0xf977f0/0/4 .functor OR 1, L_0xf96fd0, C4<0>, C4<0>, C4<0>;
L_0xf977f0/d .functor OR 1, L_0xf977f0/0/0, L_0xf977f0/0/4, C4<0>, C4<0>;
L_0xf977f0 .delay (1,1,1) L_0xf977f0/d;
L_0xf97c80/d .functor AND 1, L_0xf980d0, L_0xf981c0, C4<1>, C4<1>;
L_0xf97c80 .delay (1,1,1) L_0xf97c80/d;
L_0xf97fd0/d .functor AND 1, L_0xf98370, L_0xf98410, L_0xf982b0, C4<1>;
L_0xf97fd0 .delay (1,1,1) L_0xf97fd0/d;
L_0xf98620/d .functor AND 1, L_0xf98720, L_0xf98500, L_0xf988f0, L_0xf9a3a0;
L_0xf98620 .delay (1,1,1) L_0xf98620/d;
L_0xf987c0/d .functor AND 1, L_0xf98ad0, L_0xf98bc0, C4<1>, C4<1>;
L_0xf987c0 .delay (1,1,1) L_0xf987c0/d;
L_0xf989e0/d .functor AND 1, L_0xf98db0, L_0xf98e50, L_0xf9a3a0, C4<1>;
L_0xf989e0 .delay (1,1,1) L_0xf989e0/d;
L_0xf986c0/d .functor AND 1, L_0xf98cb0, L_0xf9a3a0, C4<1>, C4<1>;
L_0xf986c0 .delay (1,1,1) L_0xf986c0/d;
L_0xf98f40/d .functor OR 1, L_0xf992f0, L_0xf97c80, L_0xf97fd0, L_0xf98620;
L_0xf98f40 .delay (1,1,1) L_0xf98f40/d;
L_0xf990f0/d .functor OR 1, L_0xf99640, L_0xf987c0, L_0xf989e0, C4<0>;
L_0xf990f0 .delay (1,1,1) L_0xf990f0/d;
L_0xf963c0/d .functor OR 1, L_0xf99ab0, L_0xf986c0, C4<0>, C4<0>;
L_0xf963c0 .delay (1,1,1) L_0xf963c0/d;
v0xf7a7a0_0 .net *"_s11", 0 0, L_0xf968a0; 1 drivers
v0xf7a820_0 .net *"_s13", 0 0, L_0xf96990; 1 drivers
v0xf7a8a0_0 .net *"_s16", 0 0, L_0xf96b60; 1 drivers
v0xf7a940_0 .net *"_s18", 0 0, L_0xf96c50; 1 drivers
v0xf7a9f0_0 .net *"_s2", 0 0, L_0xf964b0; 1 drivers
v0xf7aa90_0 .net *"_s20", 0 0, L_0xf96d90; 1 drivers
v0xf7ab30_0 .net *"_s23", 0 0, L_0xf96ee0; 1 drivers
v0xf7abd0_0 .net *"_s25", 0 0, L_0xf97030; 1 drivers
v0xf7ac70_0 .net *"_s27", 0 0, L_0xf970d0; 1 drivers
v0xf7ad10_0 .net *"_s29", 0 0, L_0xf971c0; 1 drivers
v0xf7ae10_0 .net *"_s32", 0 0, L_0xf97450; 1 drivers
v0xf7aeb0_0 .net *"_s34", 0 0, L_0xf96690; 1 drivers
v0xf7af50_0 .net *"_s36", 0 0, L_0xf97700; 1 drivers
v0xf7aff0_0 .net *"_s38", 0 0, L_0xf97880; 1 drivers
v0xf7b110_0 .net *"_s4", 0 0, L_0xf96550; 1 drivers
v0xf7b1b0_0 .net *"_s41", 0 0, L_0xf97b90; 1 drivers
v0xf7b070_0 .net *"_s43", 0 0, L_0xf977f0; 1 drivers
v0xf7b300_0 .net *"_s46", 0 0, L_0xf97ee0; 1 drivers
v0xf7b420_0 .net *"_s49", 0 0, L_0xf980d0; 1 drivers
v0xf7b4a0_0 .net *"_s51", 0 0, L_0xf981c0; 1 drivers
v0xf7b380_0 .net *"_s54", 0 0, L_0xf98370; 1 drivers
v0xf7b5d0_0 .net *"_s56", 0 0, L_0xf98410; 1 drivers
v0xf7b520_0 .net *"_s58", 0 0, L_0xf982b0; 1 drivers
v0xf7b710_0 .net *"_s6", 0 0, L_0xf965f0; 1 drivers
v0xf7b670_0 .net *"_s61", 0 0, L_0xf98720; 1 drivers
v0xf7b860_0 .net *"_s63", 0 0, L_0xf98500; 1 drivers
v0xf7b7b0_0 .net *"_s65", 0 0, L_0xf988f0; 1 drivers
v0xf7b9c0_0 .net *"_s68", 0 0, L_0xf98ad0; 1 drivers
v0xf7b900_0 .net *"_s70", 0 0, L_0xf98bc0; 1 drivers
v0xf7bb30_0 .net *"_s73", 0 0, L_0xf98db0; 1 drivers
v0xf7ba40_0 .net *"_s75", 0 0, L_0xf98e50; 1 drivers
v0xf7bcb0_0 .net *"_s78", 0 0, L_0xf98cb0; 1 drivers
v0xf7bbb0_0 .net *"_s8", 0 0, L_0xf967a0; 1 drivers
v0xf7be40_0 .net *"_s80", 0 0, L_0xf98f40; 1 drivers
v0xf7bd30_0 .net *"_s83", 0 0, L_0xf992f0; 1 drivers
v0xf7bfe0_0 .net *"_s85", 0 0, L_0xf990f0; 1 drivers
v0xf7bec0_0 .net *"_s88", 0 0, L_0xf99640; 1 drivers
v0xf7bf60_0 .net *"_s90", 0 0, L_0xf963c0; 1 drivers
v0xf7c1a0_0 .net *"_s93", 0 0, L_0xf99ab0; 1 drivers
v0xf7c220_0 .alias "cin", 0 0, v0xf7e190_0;
v0xf7c060_0 .alias "cout", 3 0, v0xf7e110_0;
v0xf7c100_0 .alias "g", 3 0, v0xf7e2c0_0;
v0xf7c400_0 .alias "g_up", 0 0, v0xf7e380_0;
v0xf7c480_0 .alias "p", 3 0, v0xf7e400_0;
v0xf7c2a0_0 .net "p0cin", 0 0, L_0xf986c0; 1 drivers
v0xf7c340_0 .net "p1g0", 0 0, L_0xf987c0; 1 drivers
v0xf7c680_0 .net "p1p0cin", 0 0, L_0xf989e0; 1 drivers
v0xf7c700_0 .net "p2g1", 0 0, L_0xf97c80; 1 drivers
v0xf7c520_0 .net "p2p1g0", 0 0, L_0xf97fd0; 1 drivers
v0xf7c5c0_0 .net "p2p1p0cin", 0 0, L_0xf98620; 1 drivers
v0xf7c920_0 .net "p3g2", 0 0, L_0xf96840; 1 drivers
v0xf7c9a0_0 .net "p3p2g1", 0 0, L_0xf96ac0; 1 drivers
v0xf7c7a0_0 .net "p3p2p1g0", 0 0, L_0xf96e80; 1 drivers
v0xf7c840_0 .net "p3p2p1p0cin", 0 0, L_0xf96fd0; 1 drivers
v0xf7cbe0_0 .alias "p_up", 0 0, v0xf7e500_0;
L_0xf964b0 .part RS_0x7f8fccd0d1d8, 0, 1;
L_0xf96550 .part RS_0x7f8fccd0d1d8, 1, 1;
L_0xf965f0 .part RS_0x7f8fccd0d1d8, 2, 1;
L_0xf967a0 .part RS_0x7f8fccd0d1d8, 3, 1;
L_0xf968a0 .part RS_0x7f8fccd0d1d8, 3, 1;
L_0xf96990 .part RS_0x7f8fccd0d178, 2, 1;
L_0xf96b60 .part RS_0x7f8fccd0d1d8, 3, 1;
L_0xf96c50 .part RS_0x7f8fccd0d1d8, 2, 1;
L_0xf96d90 .part RS_0x7f8fccd0d178, 1, 1;
L_0xf96ee0 .part RS_0x7f8fccd0d1d8, 3, 1;
L_0xf97030 .part RS_0x7f8fccd0d1d8, 2, 1;
L_0xf970d0 .part RS_0x7f8fccd0d1d8, 1, 1;
L_0xf971c0 .part RS_0x7f8fccd0d178, 0, 1;
L_0xf97450 .part RS_0x7f8fccd0d1d8, 3, 1;
L_0xf96690 .part RS_0x7f8fccd0d1d8, 2, 1;
L_0xf97700 .part RS_0x7f8fccd0d1d8, 1, 1;
L_0xf97880 .part RS_0x7f8fccd0d1d8, 0, 1;
L_0xf97b90 .part RS_0x7f8fccd0d178, 3, 1;
L_0xf97d20 .part/pv L_0xf977f0, 3, 1, 4;
L_0xf97ee0 .part RS_0x7f8fccd0d178, 3, 1;
L_0xf980d0 .part RS_0x7f8fccd0d1d8, 2, 1;
L_0xf981c0 .part RS_0x7f8fccd0d178, 1, 1;
L_0xf98370 .part RS_0x7f8fccd0d1d8, 2, 1;
L_0xf98410 .part RS_0x7f8fccd0d1d8, 1, 1;
L_0xf982b0 .part RS_0x7f8fccd0d178, 0, 1;
L_0xf98720 .part RS_0x7f8fccd0d1d8, 2, 1;
L_0xf98500 .part RS_0x7f8fccd0d1d8, 1, 1;
L_0xf988f0 .part RS_0x7f8fccd0d1d8, 0, 1;
L_0xf98ad0 .part RS_0x7f8fccd0d1d8, 1, 1;
L_0xf98bc0 .part RS_0x7f8fccd0d178, 0, 1;
L_0xf98db0 .part RS_0x7f8fccd0d1d8, 1, 1;
L_0xf98e50 .part RS_0x7f8fccd0d1d8, 0, 1;
L_0xf98cb0 .part RS_0x7f8fccd0d1d8, 0, 1;
L_0xf99050 .part/pv L_0xf98f40, 2, 1, 4;
L_0xf992f0 .part RS_0x7f8fccd0d178, 2, 1;
L_0xf993e0 .part/pv L_0xf990f0, 1, 1, 4;
L_0xf99640 .part RS_0x7f8fccd0d178, 1, 1;
L_0xf99730 .part/pv L_0xf963c0, 0, 1, 4;
L_0xf99ab0 .part RS_0x7f8fccd0d178, 0, 1;
S_0xf765d0 .scope module, "ad4" "adder4_cla" 2 89, 2 68, S_0xf38620;
 .timescale -9 -9;
v0xf79f70_0 .net "a", 3 0, L_0xfa0440; 1 drivers
v0xf7a030_0 .net "b", 3 0, L_0xfa0380; 1 drivers
RS_0x7f8fccd0c1e8 .resolv tri, L_0xf9e140, L_0xf9f470, L_0xf9f800, L_0xf9fb50;
v0xf7a0d0_0 .net8 "carry", 3 0, RS_0x7f8fccd0c1e8; 4 drivers
v0xf7a150_0 .net "cin", 0 0, L_0xfa05b0; 1 drivers
v0xf7a200_0 .alias "co", 0 0, v0xf87370_0;
RS_0x7f8fccd0c218 .resolv tri, L_0xf9a770, L_0xf9af10, L_0xf9b8b0, L_0xf9c1c0;
v0xf7a280_0 .net8 "g", 3 0, RS_0x7f8fccd0c218; 4 drivers
v0xf7a340_0 .net "g_up", 0 0, L_0xf9dd90; 1 drivers
RS_0x7f8fccd0c278 .resolv tri, L_0xf9a630, L_0xf9ade0, L_0xf9b780, L_0xf9c030;
v0xf7a3c0_0 .net8 "p", 3 0, RS_0x7f8fccd0c278; 4 drivers
v0xf7a4c0_0 .net "p_up", 0 0, L_0xf9c870; 1 drivers
v0xf7a540_0 .net8 "s", 3 0, RS_0x7f8fccd0c998; 4 drivers
L_0xf9a630 .part/pv L_0xf9a2a0, 0, 1, 4;
L_0xf9a770 .part/pv L_0xf9a590, 0, 1, 4;
L_0xf9a8b0 .part/pv L_0xf9a000, 0, 1, 4;
L_0xf9a9a0 .part L_0xfa0440, 0, 1;
L_0xf9aad0 .part L_0xfa0380, 0, 1;
L_0xf9ade0 .part/pv L_0xf9aca0, 1, 1, 4;
L_0xf9af10 .part/pv L_0xf9ad40, 1, 1, 4;
L_0xf9b000 .part/pv L_0xf9ac00, 1, 1, 4;
L_0xf9b190 .part L_0xfa0440, 1, 1;
L_0xf9b2c0 .part L_0xfa0380, 1, 1;
L_0xf9b450 .part RS_0x7f8fccd0c1e8, 0, 1;
L_0xf9b780 .part/pv L_0xf9b5a0, 2, 1, 4;
L_0xf9b8b0 .part/pv L_0xf9b6e0, 2, 1, 4;
L_0xf9b9e0 .part/pv L_0xf9b540, 2, 1, 4;
L_0xf9bad0 .part L_0xfa0440, 2, 1;
L_0xf9bc00 .part L_0xfa0380, 2, 1;
L_0xf9bdc0 .part RS_0x7f8fccd0c1e8, 1, 1;
L_0xf9c030 .part/pv L_0xf9bea0, 3, 1, 4;
L_0xf9c1c0 .part/pv L_0xf9bf90, 3, 1, 4;
L_0xf9c260 .part/pv L_0xf9b3f0, 3, 1, 4;
L_0xf9c120 .part L_0xfa0440, 3, 1;
L_0xf9c560 .part L_0xfa0380, 3, 1;
L_0xf9c390 .part RS_0x7f8fccd0c1e8, 2, 1;
L_0xf9d6d0 .part RS_0x7f8fccd0c1e8, 3, 1;
S_0xf79a90 .scope module, "add0" "pfa" 2 72, 2 30, S_0xf765d0;
 .timescale -9 -9;
L_0xf9a000/d .functor XOR 1, L_0xf9a9a0, L_0xf9aad0, L_0xfa05b0, C4<0>;
L_0xf9a000 .delay (1,1,1) L_0xf9a000/d;
L_0xf9a2a0/d .functor XOR 1, L_0xf9a9a0, L_0xf9aad0, C4<0>, C4<0>;
L_0xf9a2a0 .delay (1,1,1) L_0xf9a2a0/d;
L_0xf9a590/d .functor AND 1, L_0xf9a9a0, L_0xf9aad0, C4<1>, C4<1>;
L_0xf9a590 .delay (1,1,1) L_0xf9a590/d;
v0xf79b80_0 .net "a", 0 0, L_0xf9a9a0; 1 drivers
v0xf79c40_0 .net "b", 0 0, L_0xf9aad0; 1 drivers
v0xf79ce0_0 .alias "cin", 0 0, v0xf7a150_0;
v0xf79d60_0 .net "g", 0 0, L_0xf9a590; 1 drivers
v0xf79e10_0 .net "p", 0 0, L_0xf9a2a0; 1 drivers
v0xf79e90_0 .net "s", 0 0, L_0xf9a000; 1 drivers
S_0xf795a0 .scope module, "add1" "pfa" 2 73, 2 30, S_0xf765d0;
 .timescale -9 -9;
L_0xf9ac00/d .functor XOR 1, L_0xf9b190, L_0xf9b2c0, L_0xf9b450, C4<0>;
L_0xf9ac00 .delay (1,1,1) L_0xf9ac00/d;
L_0xf9aca0/d .functor XOR 1, L_0xf9b190, L_0xf9b2c0, C4<0>, C4<0>;
L_0xf9aca0 .delay (1,1,1) L_0xf9aca0/d;
L_0xf9ad40/d .functor AND 1, L_0xf9b190, L_0xf9b2c0, C4<1>, C4<1>;
L_0xf9ad40 .delay (1,1,1) L_0xf9ad40/d;
v0xf79690_0 .net "a", 0 0, L_0xf9b190; 1 drivers
v0xf79750_0 .net "b", 0 0, L_0xf9b2c0; 1 drivers
v0xf797f0_0 .net "cin", 0 0, L_0xf9b450; 1 drivers
v0xf79890_0 .net "g", 0 0, L_0xf9ad40; 1 drivers
v0xf79910_0 .net "p", 0 0, L_0xf9aca0; 1 drivers
v0xf799b0_0 .net "s", 0 0, L_0xf9ac00; 1 drivers
S_0xf790b0 .scope module, "add2" "pfa" 2 74, 2 30, S_0xf765d0;
 .timescale -9 -9;
L_0xf9b540/d .functor XOR 1, L_0xf9bad0, L_0xf9bc00, L_0xf9bdc0, C4<0>;
L_0xf9b540 .delay (1,1,1) L_0xf9b540/d;
L_0xf9b5a0/d .functor XOR 1, L_0xf9bad0, L_0xf9bc00, C4<0>, C4<0>;
L_0xf9b5a0 .delay (1,1,1) L_0xf9b5a0/d;
L_0xf9b6e0/d .functor AND 1, L_0xf9bad0, L_0xf9bc00, C4<1>, C4<1>;
L_0xf9b6e0 .delay (1,1,1) L_0xf9b6e0/d;
v0xf791a0_0 .net "a", 0 0, L_0xf9bad0; 1 drivers
v0xf79260_0 .net "b", 0 0, L_0xf9bc00; 1 drivers
v0xf79300_0 .net "cin", 0 0, L_0xf9bdc0; 1 drivers
v0xf793a0_0 .net "g", 0 0, L_0xf9b6e0; 1 drivers
v0xf79420_0 .net "p", 0 0, L_0xf9b5a0; 1 drivers
v0xf794c0_0 .net "s", 0 0, L_0xf9b540; 1 drivers
S_0xf78c20 .scope module, "add3" "pfa" 2 75, 2 30, S_0xf765d0;
 .timescale -9 -9;
L_0xf9b3f0/d .functor XOR 1, L_0xf9c120, L_0xf9c560, L_0xf9c390, C4<0>;
L_0xf9b3f0 .delay (1,1,1) L_0xf9b3f0/d;
L_0xf9bea0/d .functor XOR 1, L_0xf9c120, L_0xf9c560, C4<0>, C4<0>;
L_0xf9bea0 .delay (1,1,1) L_0xf9bea0/d;
L_0xf9bf90/d .functor AND 1, L_0xf9c120, L_0xf9c560, C4<1>, C4<1>;
L_0xf9bf90 .delay (1,1,1) L_0xf9bf90/d;
v0xf78d10_0 .net "a", 0 0, L_0xf9c120; 1 drivers
v0xf78db0_0 .net "b", 0 0, L_0xf9c560; 1 drivers
v0xf78e50_0 .net "cin", 0 0, L_0xf9c390; 1 drivers
v0xf78ef0_0 .net "g", 0 0, L_0xf9bf90; 1 drivers
v0xf78f70_0 .net "p", 0 0, L_0xf9bea0; 1 drivers
v0xf79010_0 .net "s", 0 0, L_0xf9b3f0; 1 drivers
S_0xf766c0 .scope module, "localcla" "cla" 2 76, 2 38, S_0xf765d0;
 .timescale -9 -9;
L_0xf9c870/d .functor AND 1, L_0xf9c8d0, L_0xf9c970, L_0xf9ca10, L_0xf9cbc0;
L_0xf9c870 .delay (1,1,1) L_0xf9c870/d;
L_0xf9cc60/d .functor AND 1, L_0xf9ccc0, L_0xf9cdb0, C4<1>, C4<1>;
L_0xf9cc60 .delay (1,1,1) L_0xf9cc60/d;
L_0xf9cee0/d .functor AND 1, L_0xf9cf80, L_0xf9d070, L_0xf9d1b0, C4<1>;
L_0xf9cee0 .delay (1,1,1) L_0xf9cee0/d;
L_0xf9d2a0/d .functor AND 1, L_0xf9d300, L_0xf9d450, L_0xf9d4f0, L_0xf9d5e0;
L_0xf9d2a0 .delay (1,1,1) L_0xf9d2a0/d;
L_0xf9d3f0/0/0 .functor AND 1, L_0xf9d870, L_0xf9cab0, L_0xf9db20, L_0xf9dca0;
L_0xf9d3f0/0/4 .functor AND 1, L_0xfa05b0, C4<1>, C4<1>, C4<1>;
L_0xf9d3f0/d .functor AND 1, L_0xf9d3f0/0/0, L_0xf9d3f0/0/4, C4<1>, C4<1>;
L_0xf9d3f0 .delay (1,1,1) L_0xf9d3f0/d;
L_0xf9dd90/d .functor OR 1, L_0xf9dfb0, L_0xf9cc60, L_0xf9cee0, L_0xf9d2a0;
L_0xf9dd90 .delay (1,1,1) L_0xf9dd90/d;
L_0xf9dc10/0/0 .functor OR 1, L_0xf9e300, L_0xf9cc60, L_0xf9cee0, L_0xf9d2a0;
L_0xf9dc10/0/4 .functor OR 1, L_0xf9d3f0, C4<0>, C4<0>, C4<0>;
L_0xf9dc10/d .functor OR 1, L_0xf9dc10/0/0, L_0xf9dc10/0/4, C4<0>, C4<0>;
L_0xf9dc10 .delay (1,1,1) L_0xf9dc10/d;
L_0xf9e0a0/d .functor AND 1, L_0xf9e4f0, L_0xf9e5e0, C4<1>, C4<1>;
L_0xf9e0a0 .delay (1,1,1) L_0xf9e0a0/d;
L_0xf9e3f0/d .functor AND 1, L_0xf9e790, L_0xf9e830, L_0xf9e6d0, C4<1>;
L_0xf9e3f0 .delay (1,1,1) L_0xf9e3f0/d;
L_0xf9ea40/d .functor AND 1, L_0xf9eb40, L_0xf9e920, L_0xf9ed10, L_0xfa05b0;
L_0xf9ea40 .delay (1,1,1) L_0xf9ea40/d;
L_0xf9ebe0/d .functor AND 1, L_0xf9eef0, L_0xf9efe0, C4<1>, C4<1>;
L_0xf9ebe0 .delay (1,1,1) L_0xf9ebe0/d;
L_0xf9ee00/d .functor AND 1, L_0xf9f1d0, L_0xf9f270, L_0xfa05b0, C4<1>;
L_0xf9ee00 .delay (1,1,1) L_0xf9ee00/d;
L_0xf9eae0/d .functor AND 1, L_0xf9f0d0, L_0xfa05b0, C4<1>, C4<1>;
L_0xf9eae0 .delay (1,1,1) L_0xf9eae0/d;
L_0xf9f360/d .functor OR 1, L_0xf9f710, L_0xf9e0a0, L_0xf9e3f0, L_0xf9ea40;
L_0xf9f360 .delay (1,1,1) L_0xf9f360/d;
L_0xf9f510/d .functor OR 1, L_0xf9fa60, L_0xf9ebe0, L_0xf9ee00, C4<0>;
L_0xf9f510 .delay (1,1,1) L_0xf9f510/d;
L_0xf9c7e0/d .functor OR 1, L_0xf9fed0, L_0xf9eae0, C4<0>, C4<0>;
L_0xf9c7e0 .delay (1,1,1) L_0xf9c7e0/d;
v0xf767b0_0 .net *"_s11", 0 0, L_0xf9ccc0; 1 drivers
v0xf76850_0 .net *"_s13", 0 0, L_0xf9cdb0; 1 drivers
v0xf768f0_0 .net *"_s16", 0 0, L_0xf9cf80; 1 drivers
v0xf76990_0 .net *"_s18", 0 0, L_0xf9d070; 1 drivers
v0xf76a10_0 .net *"_s2", 0 0, L_0xf9c8d0; 1 drivers
v0xf76ab0_0 .net *"_s20", 0 0, L_0xf9d1b0; 1 drivers
v0xf76b50_0 .net *"_s23", 0 0, L_0xf9d300; 1 drivers
v0xf76bf0_0 .net *"_s25", 0 0, L_0xf9d450; 1 drivers
v0xf76c90_0 .net *"_s27", 0 0, L_0xf9d4f0; 1 drivers
v0xf76d30_0 .net *"_s29", 0 0, L_0xf9d5e0; 1 drivers
v0xf76dd0_0 .net *"_s32", 0 0, L_0xf9d870; 1 drivers
v0xf76e70_0 .net *"_s34", 0 0, L_0xf9cab0; 1 drivers
v0xf76f10_0 .net *"_s36", 0 0, L_0xf9db20; 1 drivers
v0xf76fb0_0 .net *"_s38", 0 0, L_0xf9dca0; 1 drivers
v0xf770d0_0 .net *"_s4", 0 0, L_0xf9c970; 1 drivers
v0xf77170_0 .net *"_s41", 0 0, L_0xf9dfb0; 1 drivers
v0xf77030_0 .net *"_s43", 0 0, L_0xf9dc10; 1 drivers
v0xf772c0_0 .net *"_s46", 0 0, L_0xf9e300; 1 drivers
v0xf773e0_0 .net *"_s49", 0 0, L_0xf9e4f0; 1 drivers
v0xf77460_0 .net *"_s51", 0 0, L_0xf9e5e0; 1 drivers
v0xf77340_0 .net *"_s54", 0 0, L_0xf9e790; 1 drivers
v0xf77590_0 .net *"_s56", 0 0, L_0xf9e830; 1 drivers
v0xf774e0_0 .net *"_s58", 0 0, L_0xf9e6d0; 1 drivers
v0xf776d0_0 .net *"_s6", 0 0, L_0xf9ca10; 1 drivers
v0xf77630_0 .net *"_s61", 0 0, L_0xf9eb40; 1 drivers
v0xf77820_0 .net *"_s63", 0 0, L_0xf9e920; 1 drivers
v0xf77770_0 .net *"_s65", 0 0, L_0xf9ed10; 1 drivers
v0xf77980_0 .net *"_s68", 0 0, L_0xf9eef0; 1 drivers
v0xf778c0_0 .net *"_s70", 0 0, L_0xf9efe0; 1 drivers
v0xf77af0_0 .net *"_s73", 0 0, L_0xf9f1d0; 1 drivers
v0xf77a00_0 .net *"_s75", 0 0, L_0xf9f270; 1 drivers
v0xf77c70_0 .net *"_s78", 0 0, L_0xf9f0d0; 1 drivers
v0xf77b70_0 .net *"_s8", 0 0, L_0xf9cbc0; 1 drivers
v0xf77e00_0 .net *"_s80", 0 0, L_0xf9f360; 1 drivers
v0xf77cf0_0 .net *"_s83", 0 0, L_0xf9f710; 1 drivers
v0xf77fa0_0 .net *"_s85", 0 0, L_0xf9f510; 1 drivers
v0xf77e80_0 .net *"_s88", 0 0, L_0xf9fa60; 1 drivers
v0xf77f20_0 .net *"_s90", 0 0, L_0xf9c7e0; 1 drivers
v0xf78160_0 .net *"_s93", 0 0, L_0xf9fed0; 1 drivers
v0xf781e0_0 .alias "cin", 0 0, v0xf7a150_0;
v0xf78020_0 .alias "cout", 3 0, v0xf7a0d0_0;
v0xf780c0_0 .alias "g", 3 0, v0xf7a280_0;
v0xf783c0_0 .alias "g_up", 0 0, v0xf7a340_0;
v0xf78440_0 .alias "p", 3 0, v0xf7a3c0_0;
v0xf78260_0 .net "p0cin", 0 0, L_0xf9eae0; 1 drivers
v0xf78300_0 .net "p1g0", 0 0, L_0xf9ebe0; 1 drivers
v0xf78640_0 .net "p1p0cin", 0 0, L_0xf9ee00; 1 drivers
v0xf786c0_0 .net "p2g1", 0 0, L_0xf9e0a0; 1 drivers
v0xf784e0_0 .net "p2p1g0", 0 0, L_0xf9e3f0; 1 drivers
v0xf78580_0 .net "p2p1p0cin", 0 0, L_0xf9ea40; 1 drivers
v0xf788e0_0 .net "p3g2", 0 0, L_0xf9cc60; 1 drivers
v0xf78960_0 .net "p3p2g1", 0 0, L_0xf9cee0; 1 drivers
v0xf78760_0 .net "p3p2p1g0", 0 0, L_0xf9d2a0; 1 drivers
v0xf78800_0 .net "p3p2p1p0cin", 0 0, L_0xf9d3f0; 1 drivers
v0xf78ba0_0 .alias "p_up", 0 0, v0xf7a4c0_0;
L_0xf9c8d0 .part RS_0x7f8fccd0c278, 0, 1;
L_0xf9c970 .part RS_0x7f8fccd0c278, 1, 1;
L_0xf9ca10 .part RS_0x7f8fccd0c278, 2, 1;
L_0xf9cbc0 .part RS_0x7f8fccd0c278, 3, 1;
L_0xf9ccc0 .part RS_0x7f8fccd0c278, 3, 1;
L_0xf9cdb0 .part RS_0x7f8fccd0c218, 2, 1;
L_0xf9cf80 .part RS_0x7f8fccd0c278, 3, 1;
L_0xf9d070 .part RS_0x7f8fccd0c278, 2, 1;
L_0xf9d1b0 .part RS_0x7f8fccd0c218, 1, 1;
L_0xf9d300 .part RS_0x7f8fccd0c278, 3, 1;
L_0xf9d450 .part RS_0x7f8fccd0c278, 2, 1;
L_0xf9d4f0 .part RS_0x7f8fccd0c278, 1, 1;
L_0xf9d5e0 .part RS_0x7f8fccd0c218, 0, 1;
L_0xf9d870 .part RS_0x7f8fccd0c278, 3, 1;
L_0xf9cab0 .part RS_0x7f8fccd0c278, 2, 1;
L_0xf9db20 .part RS_0x7f8fccd0c278, 1, 1;
L_0xf9dca0 .part RS_0x7f8fccd0c278, 0, 1;
L_0xf9dfb0 .part RS_0x7f8fccd0c218, 3, 1;
L_0xf9e140 .part/pv L_0xf9dc10, 3, 1, 4;
L_0xf9e300 .part RS_0x7f8fccd0c218, 3, 1;
L_0xf9e4f0 .part RS_0x7f8fccd0c278, 2, 1;
L_0xf9e5e0 .part RS_0x7f8fccd0c218, 1, 1;
L_0xf9e790 .part RS_0x7f8fccd0c278, 2, 1;
L_0xf9e830 .part RS_0x7f8fccd0c278, 1, 1;
L_0xf9e6d0 .part RS_0x7f8fccd0c218, 0, 1;
L_0xf9eb40 .part RS_0x7f8fccd0c278, 2, 1;
L_0xf9e920 .part RS_0x7f8fccd0c278, 1, 1;
L_0xf9ed10 .part RS_0x7f8fccd0c278, 0, 1;
L_0xf9eef0 .part RS_0x7f8fccd0c278, 1, 1;
L_0xf9efe0 .part RS_0x7f8fccd0c218, 0, 1;
L_0xf9f1d0 .part RS_0x7f8fccd0c278, 1, 1;
L_0xf9f270 .part RS_0x7f8fccd0c278, 0, 1;
L_0xf9f0d0 .part RS_0x7f8fccd0c278, 0, 1;
L_0xf9f470 .part/pv L_0xf9f360, 2, 1, 4;
L_0xf9f710 .part RS_0x7f8fccd0c218, 2, 1;
L_0xf9f800 .part/pv L_0xf9f510, 1, 1, 4;
L_0xf9fa60 .part RS_0x7f8fccd0c218, 1, 1;
L_0xf9fb50 .part/pv L_0xf9c7e0, 0, 1, 4;
L_0xf9fed0 .part RS_0x7f8fccd0c218, 0, 1;
S_0xf3cdd0 .scope module, "localcla" "cla" 2 92, 2 38, S_0xf38620;
 .timescale -9 -9;
L_0xfa04e0/d .functor AND 1, L_0xfa0760, L_0xfa0800, L_0xfa08f0, L_0xfa0af0;
L_0xfa04e0 .delay (1,1,1) L_0xfa04e0/d;
L_0xfa0b90/d .functor AND 1, L_0xfa0bf0, L_0xfa0ce0, C4<1>, C4<1>;
L_0xfa0b90 .delay (1,1,1) L_0xfa0b90/d;
L_0xfa0e10/d .functor AND 1, L_0xfa0eb0, L_0xfa0fa0, L_0xfa10e0, C4<1>;
L_0xfa0e10 .delay (1,1,1) L_0xfa0e10/d;
L_0xfa11d0/d .functor AND 1, L_0xfa1230, L_0xfa1380, L_0xfa1420, L_0xfa1510;
L_0xfa11d0 .delay (1,1,1) L_0xfa11d0/d;
L_0xfa1320/0/0 .functor AND 1, L_0xfa1710, L_0xfa09e0, L_0xfa1a10, L_0xfa1b90;
L_0xfa1320/0/4 .functor AND 1, v0xf86fc0_0, C4<1>, C4<1>, C4<1>;
L_0xfa1320/d .functor AND 1, L_0xfa1320/0/0, L_0xfa1320/0/4, C4<1>, C4<1>;
L_0xfa1320 .delay (1,1,1) L_0xfa1320/d;
L_0xfa1c80/d .functor OR 1, L_0xfa1e50, L_0xfa0b90, L_0xfa0e10, L_0xfa11d0;
L_0xfa1c80 .delay (1,1,1) L_0xfa1c80/d;
L_0xfa1b00/0/0 .functor OR 1, L_0xfa2220, L_0xfa0b90, L_0xfa0e10, L_0xfa11d0;
L_0xfa1b00/0/4 .functor OR 1, L_0xfa1320, C4<0>, C4<0>, C4<0>;
L_0xfa1b00/d .functor OR 1, L_0xfa1b00/0/0, L_0xfa1b00/0/4, C4<0>, C4<0>;
L_0xfa1b00 .delay (1,1,1) L_0xfa1b00/d;
L_0xfa1f40/d .functor AND 1, L_0xfa2410, L_0xfa2500, C4<1>, C4<1>;
L_0xfa1f40 .delay (1,1,1) L_0xfa1f40/d;
L_0xfa2310/d .functor AND 1, L_0xfa26b0, L_0xfa2750, L_0xfa25f0, C4<1>;
L_0xfa2310 .delay (1,1,1) L_0xfa2310/d;
L_0xfa2960/d .functor AND 1, L_0xfa2a60, L_0xfa2840, L_0xfa2c30, v0xf86fc0_0;
L_0xfa2960 .delay (1,1,1) L_0xfa2960/d;
L_0xfa2b00/d .functor AND 1, L_0xfa2e10, L_0xfa2f00, C4<1>, C4<1>;
L_0xfa2b00 .delay (1,1,1) L_0xfa2b00/d;
L_0xfa2d20/d .functor AND 1, L_0xfa30f0, L_0xfa3190, v0xf86fc0_0, C4<1>;
L_0xfa2d20 .delay (1,1,1) L_0xfa2d20/d;
L_0xfa2a00/d .functor AND 1, L_0xfa2ff0, v0xf86fc0_0, C4<1>, C4<1>;
L_0xfa2a00 .delay (1,1,1) L_0xfa2a00/d;
L_0xfa3280/d .functor OR 1, L_0xfa3630, L_0xfa1f40, L_0xfa2310, L_0xfa2960;
L_0xfa3280 .delay (1,1,1) L_0xfa3280/d;
L_0xfa3430/d .functor OR 1, L_0xfa3980, L_0xfa2b00, L_0xfa2d20, C4<0>;
L_0xfa3430 .delay (1,1,1) L_0xfa3430/d;
L_0xfa37c0/d .functor OR 1, L_0xfa3d20, L_0xfa2a00, C4<0>, C4<0>;
L_0xfa37c0 .delay (1,1,1) L_0xfa37c0/d;
v0xef25a0_0 .net *"_s11", 0 0, L_0xfa0bf0; 1 drivers
v0xf74070_0 .net *"_s13", 0 0, L_0xfa0ce0; 1 drivers
v0xf74110_0 .net *"_s16", 0 0, L_0xfa0eb0; 1 drivers
v0xf741b0_0 .net *"_s18", 0 0, L_0xfa0fa0; 1 drivers
v0xf74260_0 .net *"_s2", 0 0, L_0xfa0760; 1 drivers
v0xf74300_0 .net *"_s20", 0 0, L_0xfa10e0; 1 drivers
v0xf743e0_0 .net *"_s23", 0 0, L_0xfa1230; 1 drivers
v0xf74480_0 .net *"_s25", 0 0, L_0xfa1380; 1 drivers
v0xf74570_0 .net *"_s27", 0 0, L_0xfa1420; 1 drivers
v0xf74610_0 .net *"_s29", 0 0, L_0xfa1510; 1 drivers
v0xf74710_0 .net *"_s32", 0 0, L_0xfa1710; 1 drivers
v0xf747b0_0 .net *"_s34", 0 0, L_0xfa09e0; 1 drivers
v0xf748c0_0 .net *"_s36", 0 0, L_0xfa1a10; 1 drivers
v0xf74960_0 .net *"_s38", 0 0, L_0xfa1b90; 1 drivers
v0xf74a80_0 .net *"_s4", 0 0, L_0xfa0800; 1 drivers
v0xf74b20_0 .net *"_s41", 0 0, L_0xfa1e50; 1 drivers
v0xf749e0_0 .net *"_s43", 0 0, L_0xfa1b00; 1 drivers
v0xf74c70_0 .net *"_s46", 0 0, L_0xfa2220; 1 drivers
v0xf74d90_0 .net *"_s49", 0 0, L_0xfa2410; 1 drivers
v0xf74e10_0 .net *"_s51", 0 0, L_0xfa2500; 1 drivers
v0xf74cf0_0 .net *"_s54", 0 0, L_0xfa26b0; 1 drivers
v0xf74f40_0 .net *"_s56", 0 0, L_0xfa2750; 1 drivers
v0xf74e90_0 .net *"_s58", 0 0, L_0xfa25f0; 1 drivers
v0xf75080_0 .net *"_s6", 0 0, L_0xfa08f0; 1 drivers
v0xf74fe0_0 .net *"_s61", 0 0, L_0xfa2a60; 1 drivers
v0xf751d0_0 .net *"_s63", 0 0, L_0xfa2840; 1 drivers
v0xf75120_0 .net *"_s65", 0 0, L_0xfa2c30; 1 drivers
v0xf75330_0 .net *"_s68", 0 0, L_0xfa2e10; 1 drivers
v0xf75270_0 .net *"_s70", 0 0, L_0xfa2f00; 1 drivers
v0xf754a0_0 .net *"_s73", 0 0, L_0xfa30f0; 1 drivers
v0xf753b0_0 .net *"_s75", 0 0, L_0xfa3190; 1 drivers
v0xf75620_0 .net *"_s78", 0 0, L_0xfa2ff0; 1 drivers
v0xf75520_0 .net *"_s8", 0 0, L_0xfa0af0; 1 drivers
v0xf757b0_0 .net *"_s80", 0 0, L_0xfa3280; 1 drivers
v0xf756a0_0 .net *"_s83", 0 0, L_0xfa3630; 1 drivers
v0xf75950_0 .net *"_s85", 0 0, L_0xfa3430; 1 drivers
v0xf75830_0 .net *"_s88", 0 0, L_0xfa3980; 1 drivers
v0xf758d0_0 .net *"_s90", 0 0, L_0xfa37c0; 1 drivers
v0xf75b10_0 .net *"_s93", 0 0, L_0xfa3d20; 1 drivers
v0xf75b90_0 .alias "cin", 0 0, v0xf872f0_0;
v0xf759d0_0 .alias "cout", 3 0, v0xf86790_0;
v0xf75a70_0 .alias "g", 3 0, v0xf86a30_0;
v0xf75d70_0 .alias "g_up", 0 0, v0xf873f0_0;
v0xf75df0_0 .alias "p", 3 0, v0xf86b60_0;
v0xf75c10_0 .net "p0cin", 0 0, L_0xfa2a00; 1 drivers
v0xf75cb0_0 .net "p1g0", 0 0, L_0xfa2b00; 1 drivers
v0xf75ff0_0 .net "p1p0cin", 0 0, L_0xfa2d20; 1 drivers
v0xf76070_0 .net "p2g1", 0 0, L_0xfa1f40; 1 drivers
v0xf75e90_0 .net "p2p1g0", 0 0, L_0xfa2310; 1 drivers
v0xf75f30_0 .net "p2p1p0cin", 0 0, L_0xfa2960; 1 drivers
v0xf76290_0 .net "p3g2", 0 0, L_0xfa0b90; 1 drivers
v0xf76310_0 .net "p3p2g1", 0 0, L_0xfa0e10; 1 drivers
v0xf76110_0 .net "p3p2p1g0", 0 0, L_0xfa11d0; 1 drivers
v0xf761b0_0 .net "p3p2p1p0cin", 0 0, L_0xfa1320; 1 drivers
v0xf76550_0 .alias "p_up", 0 0, v0xf874c0_0;
L_0xfa0760 .part RS_0x7f8fccd0b828, 0, 1;
L_0xfa0800 .part RS_0x7f8fccd0b828, 1, 1;
L_0xfa08f0 .part RS_0x7f8fccd0b828, 2, 1;
L_0xfa0af0 .part RS_0x7f8fccd0b828, 3, 1;
L_0xfa0bf0 .part RS_0x7f8fccd0b828, 3, 1;
L_0xfa0ce0 .part RS_0x7f8fccd0b7c8, 2, 1;
L_0xfa0eb0 .part RS_0x7f8fccd0b828, 3, 1;
L_0xfa0fa0 .part RS_0x7f8fccd0b828, 2, 1;
L_0xfa10e0 .part RS_0x7f8fccd0b7c8, 1, 1;
L_0xfa1230 .part RS_0x7f8fccd0b828, 3, 1;
L_0xfa1380 .part RS_0x7f8fccd0b828, 2, 1;
L_0xfa1420 .part RS_0x7f8fccd0b828, 1, 1;
L_0xfa1510 .part RS_0x7f8fccd0b7c8, 0, 1;
L_0xfa1710 .part RS_0x7f8fccd0b828, 3, 1;
L_0xfa09e0 .part RS_0x7f8fccd0b828, 2, 1;
L_0xfa1a10 .part RS_0x7f8fccd0b828, 1, 1;
L_0xfa1b90 .part RS_0x7f8fccd0b828, 0, 1;
L_0xfa1e50 .part RS_0x7f8fccd0b7c8, 3, 1;
L_0xfa1fe0 .part/pv L_0xfa1b00, 3, 1, 4;
L_0xfa2220 .part RS_0x7f8fccd0b7c8, 3, 1;
L_0xfa2410 .part RS_0x7f8fccd0b828, 2, 1;
L_0xfa2500 .part RS_0x7f8fccd0b7c8, 1, 1;
L_0xfa26b0 .part RS_0x7f8fccd0b828, 2, 1;
L_0xfa2750 .part RS_0x7f8fccd0b828, 1, 1;
L_0xfa25f0 .part RS_0x7f8fccd0b7c8, 0, 1;
L_0xfa2a60 .part RS_0x7f8fccd0b828, 2, 1;
L_0xfa2840 .part RS_0x7f8fccd0b828, 1, 1;
L_0xfa2c30 .part RS_0x7f8fccd0b828, 0, 1;
L_0xfa2e10 .part RS_0x7f8fccd0b828, 1, 1;
L_0xfa2f00 .part RS_0x7f8fccd0b7c8, 0, 1;
L_0xfa30f0 .part RS_0x7f8fccd0b828, 1, 1;
L_0xfa3190 .part RS_0x7f8fccd0b828, 0, 1;
L_0xfa2ff0 .part RS_0x7f8fccd0b828, 0, 1;
L_0xfa3390 .part/pv L_0xfa3280, 2, 1, 4;
L_0xfa3630 .part RS_0x7f8fccd0b7c8, 2, 1;
L_0xfa3720 .part/pv L_0xfa3430, 1, 1, 4;
L_0xfa3980 .part RS_0x7f8fccd0b7c8, 1, 1;
L_0xfa3a70 .part/pv L_0xfa37c0, 0, 1, 4;
L_0xfa3d20 .part RS_0x7f8fccd0b7c8, 0, 1;
    .scope S_0xf86d70;
T_0 ;
    %vpi_call 2 21 "$monitor", $time, " ", "a=%d, b=%d, cin=%b, s=%d,co=%b", v0xf86e60_0, v0xf86f10_0, v0xf86fc0_0, v0xf87270_0, v0xf87040_0;
    %vpi_call 2 22 "$display", $time, " ", "a=%d, b=%d, cin=%b, s=%d,co=%b", v0xf86e60_0, v0xf86f10_0, v0xf86fc0_0, v0xf87270_0, v0xf87040_0;
    %set/v v0xf87170_0, 0, 32;
T_0.0 ;
    %load/v 8, v0xf87170_0, 32;
   %cmpi/s 8, 15, 32;
    %jmp/0xz T_0.1, 5;
    %delay 70, 0;
    %vpi_func 2 25 "$random", 8, 32;
    %set/v v0xf86e60_0, 8, 16;
    %vpi_func 2 25 "$random", 8, 32;
    %set/v v0xf86f10_0, 8, 16;
    %vpi_func 2 25 "$random", 8, 32;
    %set/v v0xf86fc0_0, 8, 1;
    %ix/load 0, 1, 0;
    %load/vp0/s 8, v0xf87170_0, 32;
    %set/v v0xf87170_0, 8, 32;
    %jmp T_0.0;
T_0.1 ;
    %end;
    .thread T_0;
# The file index is used to find the file name in the following table.
:file_names 3;
    "N/A";
    "<interactive>";
    "cla.v";
